<?xml version="1.0" encoding="utf-8"?><testsuites name="pytest tests"><testsuite name="pytest" errors="0" failures="0" skipped="0" tests="135" time="13.139" timestamp="2026-04-17T05:45:31.464617+09:00" hostname="WIN-LD9DCRP3E9N"><testcase classname="tests.unit.infrastructure.test_delivery_router" name="test_delivery_router_dispatches_and_deduplicates" time="0.051" /><testcase classname="tests.unit.infrastructure.test_delivery_router" name="test_delivery_router_blocks_auditor_without_signature" time="0.005" /><testcase classname="tests.unit.infrastructure.test_delivery_router" name="test_jsonl_delivery_log_query_filters_newest_first" time="0.017" /><testcase classname="tests.unit.infrastructure.test_delivery_router" name="test_jsonl_delivery_log_summarize_uses_pack_state" time="0.014" /><testcase classname="tests.unit.infrastructure.test_delivery_router" name="test_sqlite_delivery_log_summarize_reads_view_when_available" time="0.029" /><testcase classname="tests.unit.infrastructure.test_delivery_router" name="test_delivery_router_applies_project_override_policy" time="0.019" /><testcase classname="tests.unit.infrastructure.test_delivery_channel_adapters" name="test_build_default_channel_adapters_prefers_real_adapters_when_env_present" time="0.001" /><testcase classname="tests.unit.infrastructure.test_delivery_channel_adapters" name="test_build_default_channel_adapters_feature_flags_phase3_channels" time="0.001" /><testcase classname="tests.unit.infrastructure.test_delivery_channel_adapters" name="test_smtp_email_adapter_sends_attachment_and_resolves_recipients" time="0.076" /><testcase classname="tests.unit.infrastructure.test_delivery_channel_adapters" name="test_slack_adapters_post_to_channel_and_dm" time="0.007" /><testcase classname="tests.unit.infrastructure.test_delivery_channel_adapters" name="test_notion_and_confluence_adapters_render_delivery_content" time="0.007" /><testcase classname="tests.unit.infrastructure.test_delivery_channel_adapters" name="test_jira_adapter_creates_issue_and_attaches_rendered_artifact" time="0.006" /><testcase classname="tests.unit.infrastructure.test_delivery_channel_adapters" name="test_compliance_adapter_submits_richer_signed_pdf_payload" time="0.015" /><testcase classname="tests.unit.infrastructure.test_delivery_channel_adapters" name="test_compliance_adapter_rejects_unsigned_or_non_auditor_payloads" time="0.005" /><testcase classname="tests.unit.infrastructure.test_delivery_rate_limiter.TestDeliveryRateLimiter" name="test_default_allows_delivery" time="0.001" /><testcase classname="tests.unit.infrastructure.test_delivery_rate_limiter.TestDeliveryRateLimiter" name="test_cooldown_blocks_repeat" time="0.001" /><testcase classname="tests.unit.infrastructure.test_delivery_rate_limiter.TestDeliveryRateLimiter" name="test_escalation_bypasses_quiet_hours" time="0.005" /><testcase classname="tests.unit.infrastructure.test_delivery_rate_limiter.TestDeliveryRateLimiter" name="test_critical_bypasses_quiet_hours" time="0.001" /><testcase classname="tests.unit.infrastructure.test_delivery_rate_limiter.TestDeliveryRateLimiter" name="test_escalation_after_repeated_failures" time="0.001" /><testcase classname="tests.unit.infrastructure.test_delivery_rate_limiter.TestDeliveryRateLimiter" name="test_reset_failure_counter" time="0.001" /><testcase classname="tests.unit.infrastructure.test_delivery_rate_limiter.TestDeliveryRateLimiter" name="test_quiet_hours_disabled_by_default" time="0.001" /><testcase classname="tests.unit.infrastructure.test_delivery_cli" name="test_delivery_build_renders_pack_summary" time="0.117" /><testcase classname="tests.unit.infrastructure.test_delivery_cli" name="test_delivery_render_and_dispatch_round_trip" time="0.209" /><testcase classname="tests.unit.infrastructure.test_delivery_cli" name="test_delivery_render_supports_provider_backed_opt_in" time="0.138" /><testcase classname="tests.unit.infrastructure.test_delivery_policy.TestDeliveryPolicyDefaults" name="test_default_values" time="0.001" /><testcase classname="tests.unit.infrastructure.test_delivery_policy.TestJsonDeliveryPolicyStore" name="test_get_creates_default" time="0.004" /><testcase classname="tests.unit.infrastructure.test_delivery_policy.TestJsonDeliveryPolicyStore" name="test_update_persists" time="0.018" /><testcase classname="tests.unit.infrastructure.test_delivery_policy.TestJsonDeliveryPolicyStore" name="test_should_auto_send_png" time="0.006" /><testcase classname="tests.unit.infrastructure.test_delivery_policy.TestJsonDeliveryPolicyStore" name="test_should_not_auto_send_pkl" time="0.003" /><testcase classname="tests.unit.infrastructure.test_delivery_policy.TestJsonDeliveryPolicyStore" name="test_should_not_auto_send_large_file" time="0.003" /><testcase classname="tests.unit.infrastructure.test_delivery_policy.TestJsonDeliveryPolicyStore" name="test_should_not_auto_send_when_disabled" time="0.004" /><testcase classname="tests.unit.infrastructure.test_delivery_policy.TestJsonDeliveryPolicyStore" name="test_platform_defaults_survive_roundtrip" time="0.017" /><testcase classname="tests.unit.infrastructure.test_delivery_policy.TestJsonDeliveryPolicyStore" name="test_resolve_prefers_tenant_override_over_default" time="0.009" /><testcase classname="tests.unit.infrastructure.test_delivery_policy.TestJsonDeliveryPolicyStore" name="test_resolve_prefers_project_override_over_tenant_override" time="0.006" /><testcase classname="tests.unit.infrastructure.test_delivery_settings.TestResolveEffectiveDeliverySettings" name="test_pref_digest_overrides_global_defaults" time="0.001" /><testcase classname="tests.unit.infrastructure.test_delivery_settings.TestResolveEffectiveDeliverySettings" name="test_global_digest_applies_when_chat_has_no_override" time="0.001" /><testcase classname="tests.unit.infrastructure.test_artifact_exporters.TestSupportedFormats" name="test_markdown_supports_pdf_docx_html" time="0.001" /><testcase classname="tests.unit.infrastructure.test_artifact_exporters.TestSupportedFormats" name="test_csv_supports_xlsx_html" time="0.001" /><testcase classname="tests.unit.infrastructure.test_artifact_exporters.TestSupportedFormats" name="test_unknown_extension_returns_empty" time="0.000" /><testcase classname="tests.unit.infrastructure.test_artifact_exporters.TestMarkdownExport" name="test_html_renders_full_document" time="0.136" /><testcase classname="tests.unit.infrastructure.test_artifact_exporters.TestMarkdownExport" name="test_pdf_writes_intermediate_html" time="0.010" /><testcase classname="tests.unit.infrastructure.test_artifact_exporters.TestMarkdownExport" name="test_docx_builds_valid_file" time="0.318" /><testcase classname="tests.unit.infrastructure.test_artifact_exporters.TestMarkdownExport" name="test_cannot_export_markdown_to_xlsx" time="0.003" /><testcase classname="tests.unit.infrastructure.test_artifact_exporters.TestTabularExport" name="test_xlsx_preserves_numeric_types" time="0.315" /><testcase classname="tests.unit.infrastructure.test_artifact_exporters.TestTabularExport" name="test_html_table_includes_header_cells" time="0.024" /><testcase classname="tests.unit.infrastructure.test_artifact_exporters.TestNotebookExport" name="test_ipynb_passthrough_copies_content" time="0.018" /><testcase classname="tests.unit.infrastructure.test_artifact_exporters.TestNotebookExport" name="test_notebook_html_includes_code_and_outputs" time="0.018" /><testcase classname="tests.unit.infrastructure.test_artifact_exporters.TestKoreanContent" name="test_markdown_html_preserves_korean_heading_and_body" time="0.024" /><testcase classname="tests.unit.infrastructure.test_artifact_exporters.TestKoreanContent" name="test_csv_xlsx_preserves_korean_cells" time="0.050" /><testcase classname="tests.unit.infrastructure.test_artifact_exporters.TestErrorPaths" name="test_missing_source_raises" time="0.005" /><testcase classname="tests.unit.infrastructure.test_artifact_exporters.TestErrorPaths" name="test_directory_source_rejected" time="0.006" /><testcase classname="tests.unit.infrastructure.test_artifact_exporters.TestErrorPaths" name="test_unsupported_combination_rejected" time="0.005" /><testcase classname="tests.unit.infrastructure.test_pptx_exporter" name="test_pptx_exporter_creates_slides_and_footer" time="0.092" /><testcase classname="tests.unit.infrastructure.test_pdf_exporter" name="test_pdf_exporter_creates_pdf_artifact" time="0.022" /><testcase classname="tests.unit.infrastructure.test_stakeholder_exporters" name="test_markdown_exporter_writes_sections_and_flags" time="0.014" /><testcase classname="tests.unit.infrastructure.test_stakeholder_exporters" name="test_ipynb_exporter_creates_valid_notebook" time="0.079" /><testcase classname="tests.unit.infrastructure.test_calendar_connector" name="test_calendar_dispatch_dry_run_returns_success" time="0.001" /><testcase classname="tests.unit.infrastructure.test_calendar_connector" name="test_calendar_dispatch_simulated_when_unconfigured" time="0.001" /><testcase classname="tests.unit.infrastructure.test_calendar_connector" name="test_calendar_health_check_unconfigured" time="0.000" /><testcase classname="tests.unit.infrastructure.test_calendar_connector" name="test_calendar_health_check_configured" time="0.000" /><testcase classname="tests.unit.infrastructure.test_calendar_connector" name="test_calendar_request_with_attendees_and_conference" time="0.000" /><testcase classname="tests.unit.infrastructure.test_calendar_connector" name="test_calendar_build_event_payload_includes_conference" time="0.001" /><testcase classname="tests.unit.infrastructure.test_email_connector" name="test_email_dispatch_dry_run_returns_success" time="0.001" /><testcase classname="tests.unit.infrastructure.test_email_connector" name="test_email_dispatch_simulated_when_unconfigured" time="0.000" /><testcase classname="tests.unit.infrastructure.test_email_connector" name="test_email_health_check_unconfigured" time="0.000" /><testcase classname="tests.unit.infrastructure.test_email_connector" name="test_email_health_check_configured" time="0.001" /><testcase classname="tests.unit.infrastructure.test_email_connector" name="test_email_request_with_attachments" time="0.000" /><testcase classname="tests.unit.infrastructure.test_email_connector" name="test_email_request_cc_and_reply_to" time="0.000" /><testcase classname="tests.unit.infrastructure.test_connector_factory.TestConnectorFactory" name="test_create_snowflake_adapter" time="0.001" /><testcase classname="tests.unit.infrastructure.test_connector_factory.TestConnectorFactory" name="test_create_bigquery_adapter" time="0.001" /><testcase classname="tests.unit.infrastructure.test_connector_factory.TestConnectorFactory" name="test_create_postgres_adapter" time="0.000" /><testcase classname="tests.unit.infrastructure.test_connector_factory.TestConnectorFactory" name="test_create_named_adapter_mapping" time="0.001" /><testcase classname="tests.unit.infrastructure.test_connector_factory.TestConnectorFactory" name="test_missing_snowflake_dependency_raises_on_use" time="0.001" /><testcase classname="tests.unit.infrastructure.test_connector_factory.TestConnectorFactory" name="test_bigquery_adapter_builds_service_account_credentials" time="0.001" /><testcase classname="tests.unit.infrastructure.test_integration_health" name="test_slack_connector_health_check_returns_healthy" time="0.000" /><testcase classname="tests.unit.infrastructure.test_integration_health" name="test_jira_connector_health_check_returns_healthy" time="0.000" /><testcase classname="tests.unit.infrastructure.test_integration_health" name="test_confluence_connector_health_check_returns_healthy" time="0.000" /><testcase classname="tests.unit.infrastructure.test_integration_health" name="test_notion_connector_health_check_returns_healthy" time="0.000" /><testcase classname="tests.unit.infrastructure.test_integration_health" name="test_git_connector_health_check_returns_healthy" time="0.000" /><testcase classname="tests.unit.infrastructure.test_integration_health" name="test_integration_hub_health_check_all_returns_five_results" time="0.001" /><testcase classname="tests.unit.infrastructure.test_integration_health" name="test_connector_health_result_model_serializes" time="0.001" /><testcase classname="tests.unit.infrastructure.test_rate_limiter" name="test_token_bucket_acquire_succeeds_within_capacity" time="0.002" /><testcase classname="tests.unit.infrastructure.test_rate_limiter" name="test_token_bucket_acquire_fails_when_exhausted" time="0.001" /><testcase classname="tests.unit.infrastructure.test_rate_limiter" name="test_token_bucket_uses_default_for_unknown_system" time="0.001" /><testcase classname="tests.unit.infrastructure.test_rate_limiter" name="test_backoff_exponential_growth" time="0.001" /><testcase classname="tests.unit.infrastructure.test_rate_limiter" name="test_backoff_respects_max" time="0.001" /><testcase classname="tests.unit.infrastructure.test_rate_limiter" name="test_backoff_with_jitter_is_bounded" time="0.001" /><testcase classname="tests.unit.infrastructure.test_rate_limiter" name="test_rate_limit_config_frozen" time="0.001" /><testcase classname="tests.unit.infrastructure.test_dlq_replay" name="test_list_events_by_status_returns_failed" time="0.113" /><testcase classname="tests.unit.infrastructure.test_dlq_replay" name="test_list_events_by_status_filters_by_system" time="0.109" /><testcase classname="tests.unit.infrastructure.test_dlq_replay" name="test_update_event_status_transitions_to_dlq" time="0.098" /><testcase classname="tests.unit.infrastructure.test_dlq_replay" name="test_get_event_returns_stored_payload" time="0.103" /><testcase classname="tests.unit.infrastructure.test_dlq_replay" name="test_get_event_returns_none_for_missing" time="0.102" /><testcase classname="tests.unit.infrastructure.test_digest_builder.TestDigestBuilder" name="test_empty_digest" time="0.005" /><testcase classname="tests.unit.infrastructure.test_digest_builder.TestDigestBuilder" name="test_digest_with_unresolved" time="0.020" /><testcase classname="tests.unit.infrastructure.test_digest_builder.TestDigestBuilder" name="test_digest_with_recovery" time="0.016" /><testcase classname="tests.unit.infrastructure.test_digest_builder.TestDigestBuilder" name="test_digest_with_suppressed" time="0.035" /><testcase classname="tests.unit.infrastructure.test_digest_builder.TestDigestBuilder" name="test_digest_fits_in_telegram_limit" time="0.335" /><testcase classname="tests.unit.infrastructure.test_digest_builder.TestDigestBuilder" name="test_category_summary" time="0.026" /><testcase classname="tests.unit.infrastructure.test_digest_builder.TestDigestBuilder" name="test_digest_includes_suggested_next_actions" time="0.013" /><testcase classname="tests.unit.infrastructure.test_outcome_delivery.TestOutcomeDelivery" name="test_failed_run_returns_summary" time="0.003" /><testcase classname="tests.unit.infrastructure.test_outcome_delivery.TestOutcomeDelivery" name="test_succeeded_run_with_png" time="0.007" /><testcase classname="tests.unit.infrastructure.test_outcome_delivery.TestOutcomeDelivery" name="test_blocked_extension_not_sent" time="0.007" /><testcase classname="tests.unit.infrastructure.test_outcome_delivery.TestOutcomeDelivery" name="test_max_artifacts_capped" time="0.011" /><testcase classname="tests.unit.infrastructure.test_outcome_delivery.TestOutcomeDelivery" name="test_cancelled_run" time="0.004" /><testcase classname="tests.unit.infrastructure.test_work_cli" name="test_work_list_renders_existing_items" time="0.160" /><testcase classname="tests.unit.infrastructure.test_work_cli" name="test_work_show_renders_request_and_timeline" time="0.156" /><testcase classname="tests.unit.infrastructure.test_work_cli" name="test_work_intake_renders_metadata_and_external_reference" time="0.150" /><testcase classname="tests.unit.infrastructure.test_work_cli" name="test_work_advance_and_timeline_commands_render_updates" time="0.184" /><testcase classname="tests.unit.infrastructure.test_work_object_api_routes" name="test_list_work_objects_route_filters_by_session" time="0.348" /><testcase classname="tests.unit.infrastructure.test_work_object_api_routes" name="test_get_work_object_route_returns_timeline_and_references" time="0.269" /><testcase classname="tests.unit.infrastructure.test_work_object_api_routes" name="test_get_work_object_route_returns_not_found" time="0.183" /><testcase classname="tests.unit.infrastructure.test_work_object_api_routes" name="test_intake_work_object_route_creates_from_jira_request" time="0.221" /><testcase classname="tests.unit.infrastructure.test_work_object_api_routes" name="test_advance_work_object_phase_route_records_run_and_timeline" time="0.261" /><testcase classname="tests.unit.infrastructure.test_work_object_api_routes" name="test_close_work_object_route_closes_ready_follow_up" time="0.295" /><testcase classname="tests.integration.infrastructure.test_confluence_connector" name="test_confluence_connector_posts_storage_format_and_labels" time="0.532" /><testcase classname="tests.integration.infrastructure.test_git_connector" name="test_git_connector_dispatches_github_branch_file_and_pr_flow" time="0.528" /><testcase classname="tests.integration.infrastructure.test_git_connector" name="test_git_connector_dispatches_gitlab_branch_commit_and_merge_request" time="0.516" /><testcase classname="tests.integration.infrastructure.test_jira_connector" name="test_jira_connector_posts_expected_payload_and_auth" time="0.517" /><testcase classname="tests.integration.infrastructure.test_notion_connector" name="test_notion_connector_posts_expected_properties_and_blocks" time="0.515" /><testcase classname="tests.integration.infrastructure.test_slack_connector" name="test_slack_connector_posts_expected_payload" time="0.518" /><testcase classname="tests.integration.infrastructure.test_delivery_roundtrip" name="test_delivery_roundtrip_persists_sqlite_dispatch_log" time="0.121" /><testcase classname="tests.integration.test_ml_handoff" name="test_ml_handoff_pipeline_dispatches_to_confluence_and_jira" time="0.119" /><testcase classname="tests.integration.test_workflow_events.TestEventChain" name="test_workflow_step_events_on_profiler" time="0.004" /><testcase classname="tests.integration.test_workflow_events.TestEventChain" name="test_leakage_warning_event" time="0.004" /><testcase classname="tests.integration.test_workflow_events.TestEventChain" name="test_baseline_warning_before_train" time="0.003" /><testcase classname="tests.integration.test_workflow_events.TestEventChain" name="test_overfitting_warning_event" time="0.002" /><testcase classname="tests.integration.test_workflow_events.TestEventChain" name="test_quality_update_on_eda" time="0.003" /><testcase classname="tests.integration.test_workflow_events.TestEventChain" name="test_sanity_check_on_train_model" time="0.003" /><testcase classname="tests.integration.test_workflow_events.TestEventChain" name="test_session_init_returns_rules" time="0.003" /><testcase classname="tests.integration.test_workflow_events.TestEventChain" name="test_full_workflow_event_sequence" time="0.003" /><testcase classname="tests.integration.test_workflow_events.TestProcessMetricsIntegration" name="test_metrics_accumulate_across_tools" time="0.002" /><testcase classname="tests.integration.test_workflow_events.TestExecPlanSaveIntegration" name="test_saves_plan_on_first_iteration" time="0.021" /><testcase classname="tests.integration.test_workflow_events.TestExecPlanSaveIntegration" name="test_skips_error_results" time="0.005" /><testcase classname="tests.integration.test_workflow_events.TestExecPlanSaveIntegration" name="test_only_saves_once" time="0.006" /></testsuite></testsuites>