<?xml version="1.0" encoding="utf-8"?><testsuites name="pytest tests"><testsuite name="pytest" errors="0" failures="0" skipped="0" tests="22" time="0.115" timestamp="2026-04-17T05:13:04.264587+09:00" hostname="WIN-LD9DCRP3E9N"><testcase classname="tests.unit.infrastructure.test_secret_storage.TestInMemorySecretStorage" name="test_store_and_retrieve" time="0.002" /><testcase classname="tests.unit.infrastructure.test_secret_storage.TestInMemorySecretStorage" name="test_retrieve_missing_returns_none" time="0.001" /><testcase classname="tests.unit.infrastructure.test_secret_storage.TestInMemorySecretStorage" name="test_delete_removes_secret" time="0.001" /><testcase classname="tests.unit.infrastructure.test_secret_storage.TestApiKeyManager" name="test_masked_values_do_not_expose_plaintext" time="0.001" /><testcase classname="tests.unit.infrastructure.test_secret_storage.TestConfigSecretManager" name="test_migrates_plaintext_secret_fields_from_raw_data" time="0.001" /><testcase classname="tests.unit.infrastructure.test_secret_storage.TestConfigSecretManager" name="test_strip_persisted_config_secrets_removes_nested_values" time="0.000" /><testcase classname="tests.unit.infrastructure.test_secret_storage.TestConnectorSecretManager" name="test_store_load_and_delete_secret_payload" time="0.000" /><testcase classname="tests.unit.infrastructure.test_secret_storage.TestSecretStorageFallback" name="test_build_default_secret_storage_falls_back_to_in_memory_and_logs_warning" time="0.001" /><testcase classname="tests.unit.infrastructure.test_secret_storage.TestKeyringChunking" name="test_small_value_stored_inline" time="0.001" /><testcase classname="tests.unit.infrastructure.test_secret_storage.TestKeyringChunking" name="test_large_value_round_trips" time="0.001" /><testcase classname="tests.unit.infrastructure.test_secret_storage.TestKeyringChunking" name="test_large_value_creates_chunks_and_header" time="0.001" /><testcase classname="tests.unit.infrastructure.test_secret_storage.TestKeyringChunking" name="test_overwrite_with_smaller_value_clears_old_chunks" time="0.001" /><testcase classname="tests.unit.infrastructure.test_secret_storage.TestKeyringChunking" name="test_delete_removes_chunks_and_header" time="0.001" /><testcase classname="tests.unit.infrastructure.test_secret_storage.TestKeyringChunking" name="test_partial_chunk_write_failure_rolls_back" time="0.001" /><testcase classname="tests.unit.infrastructure.test_secret_storage.TestSecretStorageStatus" name="test_persistent_backend_reports_not_degraded" time="0.001" /><testcase classname="tests.unit.infrastructure.test_secret_storage.TestSecretStorageStatus" name="test_in_memory_backend_reports_degraded_with_actionable_message" time="0.000" /><testcase classname="tests.unit.infrastructure.test_secret_storage.TestSecretRedactionInLogs" name="test_in_memory_store_retrieve_delete_does_not_log_value" time="0.000" /><testcase classname="tests.unit.infrastructure.test_secret_storage.TestSecretRedactionInLogs" name="test_fallback_warning_does_not_leak_error_with_secret_payload" time="0.001" /><testcase classname="tests.unit.infrastructure.test_secret_storage.TestSecretRedactionInLogs" name="test_keyring_retrieve_backend_error_redacts_secret_in_logs" time="0.001" /><testcase classname="tests.unit.infrastructure.test_secret_storage.TestSecretRedactionInLogs" name="test_keyring_delete_backend_error_redacts_secret_in_logs" time="0.001" /><testcase classname="tests.unit.infrastructure.test_secret_storage.TestSecretRedactionInLogs" name="test_api_key_manager_set_get_delete_does_not_log_value" time="0.000" /><testcase classname="tests.unit.infrastructure.test_secret_storage.TestSecretRedactionInLogs" name="test_config_secret_manager_migrate_does_not_log_value" time="0.001" /></testsuite></testsuites>