<?xml version="1.0" encoding="utf-8"?><testsuites name="pytest tests"><testsuite name="pytest" errors="0" failures="0" skipped="0" tests="38" time="0.200" timestamp="2026-04-17T05:11:55.820939+09:00" hostname="WIN-LD9DCRP3E9N"><testcase classname="tests.unit.infrastructure.test_code_security.TestBlockedPatterns" name="test_os_system_blocked" time="0.003" /><testcase classname="tests.unit.infrastructure.test_code_security.TestBlockedPatterns" name="test_subprocess_blocked" time="0.002" /><testcase classname="tests.unit.infrastructure.test_code_security.TestBlockedPatterns" name="test_eval_blocked" time="0.002" /><testcase classname="tests.unit.infrastructure.test_code_security.TestBlockedPatterns" name="test_exec_blocked" time="0.001" /><testcase classname="tests.unit.infrastructure.test_code_security.TestBlockedPatterns" name="test_import_blocked" time="0.001" /><testcase classname="tests.unit.infrastructure.test_code_security.TestBlockedPatterns" name="test_rmtree_blocked" time="0.001" /><testcase classname="tests.unit.infrastructure.test_code_security.TestBlockedPatterns" name="test_requests_blocked" time="0.001" /><testcase classname="tests.unit.infrastructure.test_code_security.TestBlockedPatterns" name="test_httpx_blocked" time="0.001" /><testcase classname="tests.unit.infrastructure.test_code_security.TestBlockedPatterns" name="test_socket_blocked" time="0.001" /><testcase classname="tests.unit.infrastructure.test_code_security.TestBlockedPatterns" name="test_safe_code_allowed" time="0.001" /><testcase classname="tests.unit.infrastructure.test_code_security.TestBlockedPatterns" name="test_sklearn_code_allowed" time="0.001" /><testcase classname="tests.unit.infrastructure.test_code_security.TestBlockedPatterns" name="test_multiple_violations" time="0.001" /><testcase classname="tests.unit.infrastructure.test_code_security.TestBlockedPatterns" name="test_os_popen_blocked" time="0.001" /><testcase classname="tests.unit.infrastructure.test_code_security.TestBlockedPatterns" name="test_pathlib_unlink_blocked" time="0.001" /><testcase classname="tests.unit.infrastructure.test_code_security.TestBlockedPatterns" name="test_pickle_loads_blocked" time="0.001" /><testcase classname="tests.unit.infrastructure.test_code_security.TestBlockedPatterns" name="test_os_environ_blocked" time="0.001" /><testcase classname="tests.unit.infrastructure.test_code_security.TestBlockedPatterns" name="test_multiprocessing_blocked" time="0.001" /><testcase classname="tests.unit.infrastructure.test_code_security.TestBlockedPatterns" name="test_signal_blocked" time="0.001" /><testcase classname="tests.unit.infrastructure.test_code_security.TestBlockedPatterns" name="test_shutil_move_blocked" time="0.001" /><testcase classname="tests.unit.infrastructure.test_code_security.TestBlockedPatterns" name="test_webbrowser_blocked" time="0.001" /><testcase classname="tests.unit.infrastructure.test_code_security.TestBlockedPatterns" name="test_marshal_blocked" time="0.001" /><testcase classname="tests.unit.infrastructure.test_code_security.TestBlockedPatterns" name="test_os_chmod_blocked" time="0.001" /><testcase classname="tests.unit.infrastructure.test_code_security.TestAstCheck" name="test_ast_catches_subprocess_import" time="0.001" /><testcase classname="tests.unit.infrastructure.test_code_security.TestAstCheck" name="test_ast_catches_from_shutil_import" time="0.001" /><testcase classname="tests.unit.infrastructure.test_code_security.TestAstCheck" name="test_ast_catches_importlib" time="0.001" /><testcase classname="tests.unit.infrastructure.test_code_security.TestAstCheck" name="test_ast_catches_ctypes" time="0.002" /><testcase classname="tests.unit.infrastructure.test_code_security.TestAstCheck" name="test_ast_allows_safe_imports" time="0.001" /><testcase classname="tests.unit.infrastructure.test_code_security.TestAstCheck" name="test_ast_catches_from_signal" time="0.001" /><testcase classname="tests.unit.infrastructure.test_code_security.TestAstCheck" name="test_syntax_error_not_blocked" time="0.001" /><testcase classname="tests.unit.infrastructure.test_code_security.TestWarningPatterns" name="test_pip_install_warning" time="0.002" /><testcase classname="tests.unit.infrastructure.test_code_security.TestWarningPatterns" name="test_to_csv_warning" time="0.003" /><testcase classname="tests.unit.infrastructure.test_code_security.TestWarningPatterns" name="test_while_true_warning" time="0.001" /><testcase classname="tests.unit.infrastructure.test_code_security.TestWarningPatterns" name="test_no_warnings_for_clean_code" time="0.001" /><testcase classname="tests.unit.infrastructure.test_code_security.TestPathValidation" name="test_valid_workspace_path" time="0.019" /><testcase classname="tests.unit.infrastructure.test_code_security.TestPathValidation" name="test_traversal_blocked" time="0.005" /><testcase classname="tests.unit.infrastructure.test_code_security.TestPathValidation" name="test_absolute_outside_blocked" time="0.003" /><testcase classname="tests.unit.infrastructure.test_code_security.TestPathValidation" name="test_subdirectory_allowed" time="0.003" /><testcase classname="tests.unit.infrastructure.test_code_security.TestPathValidation" name="test_sibling_directory_blocked" time="0.005" /></testsuite></testsuites>