<?xml version="1.0" encoding="utf-8"?><testsuites name="pytest tests"><testsuite name="pytest" errors="0" failures="0" skipped="0" tests="4" time="0.108" timestamp="2026-04-17T05:13:16.796968+09:00" hostname="WIN-LD9DCRP3E9N"><testcase classname="tests.unit.application.test_pii_redaction.TestPIIDetector" name="test_detects_common_patterns" time="0.002" /><testcase classname="tests.unit.application.test_pii_redaction.TestPIIDetector" name="test_redacts_structure" time="0.001" /><testcase classname="tests.unit.application.test_pii_redaction.TestPIIRedactionHook" name="test_pre_hook_masks_pii_arguments" time="0.006" /><testcase classname="tests.unit.application.test_pii_redaction.TestPIIRedactionHook" name="test_post_hook_redacts_generated_report_file" time="0.033" /></testsuite></testsuites>