<?xml version="1.0" encoding="utf-8"?><testsuites name="pytest tests"><testsuite name="pytest" errors="0" failures="0" skipped="0" tests="13" time="0.112" timestamp="2026-04-17T05:13:08.820055+09:00" hostname="WIN-LD9DCRP3E9N"><testcase classname="tests.unit.infrastructure.test_observability" name="test_configure_backend_observability_initializes_sentry_once" time="0.018" /><testcase classname="tests.unit.infrastructure.test_observability" name="test_error_event_redaction_respects_opt_in_gate" time="0.001" /><testcase classname="tests.unit.infrastructure.test_observability" name="test_transaction_redaction_respects_telemetry_gate" time="0.001" /><testcase classname="tests.unit.infrastructure.test_observability" name="test_message_email_is_redacted" time="0.001" /><testcase classname="tests.unit.infrastructure.test_observability" name="test_message_phone_is_redacted" time="0.001" /><testcase classname="tests.unit.infrastructure.test_observability" name="test_message_card_with_spaces_is_redacted" time="0.001" /><testcase classname="tests.unit.infrastructure.test_observability" name="test_message_card_no_spaces_is_redacted" time="0.001" /><testcase classname="tests.unit.infrastructure.test_observability" name="test_extra_notes_pii_are_redacted" time="0.001" /><testcase classname="tests.unit.infrastructure.test_observability" name="test_customer_email_field_name_triggers_redaction" time="0.001" /><testcase classname="tests.unit.infrastructure.test_observability" name="test_phone_number_field_name_triggers_redaction" time="0.001" /><testcase classname="tests.unit.infrastructure.test_observability" name="test_nested_contexts_user_email_is_redacted" time="0.001" /><testcase classname="tests.unit.infrastructure.test_observability" name="test_existing_token_redaction_regression" time="0.001" /><testcase classname="tests.unit.infrastructure.test_observability" name="test_uuid_and_hash_are_not_false_positively_redacted" time="0.001" /></testsuite></testsuites>