<?xml version="1.0" encoding="utf-8"?><testsuites name="pytest tests"><testsuite name="pytest" errors="0" failures="0" skipped="0" tests="77" time="0.380" timestamp="2026-04-17T05:13:57.582857+09:00" hostname="WIN-LD9DCRP3E9N"><testcase classname="tests.unit.infrastructure.test_observability" name="test_configure_backend_observability_initializes_sentry_once" time="0.004" /><testcase classname="tests.unit.infrastructure.test_observability" name="test_error_event_redaction_respects_opt_in_gate" time="0.001" /><testcase classname="tests.unit.infrastructure.test_observability" name="test_transaction_redaction_respects_telemetry_gate" time="0.001" /><testcase classname="tests.unit.infrastructure.test_observability" name="test_message_email_is_redacted" time="0.001" /><testcase classname="tests.unit.infrastructure.test_observability" name="test_message_phone_is_redacted" time="0.001" /><testcase classname="tests.unit.infrastructure.test_observability" name="test_message_card_with_spaces_is_redacted" time="0.001" /><testcase classname="tests.unit.infrastructure.test_observability" name="test_message_card_no_spaces_is_redacted" time="0.001" /><testcase classname="tests.unit.infrastructure.test_observability" name="test_extra_notes_pii_are_redacted" time="0.001" /><testcase classname="tests.unit.infrastructure.test_observability" name="test_customer_email_field_name_triggers_redaction" time="0.001" /><testcase classname="tests.unit.infrastructure.test_observability" name="test_phone_number_field_name_triggers_redaction" time="0.001" /><testcase classname="tests.unit.infrastructure.test_observability" name="test_nested_contexts_user_email_is_redacted" time="0.001" /><testcase classname="tests.unit.infrastructure.test_observability" name="test_existing_token_redaction_regression" time="0.001" /><testcase classname="tests.unit.infrastructure.test_observability" name="test_uuid_and_hash_are_not_false_positively_redacted" time="0.001" /><testcase classname="tests.unit.infrastructure.test_code_security.TestBlockedPatterns" name="test_os_system_blocked" time="0.002" /><testcase classname="tests.unit.infrastructure.test_code_security.TestBlockedPatterns" name="test_subprocess_blocked" time="0.002" /><testcase classname="tests.unit.infrastructure.test_code_security.TestBlockedPatterns" name="test_eval_blocked" time="0.002" /><testcase classname="tests.unit.infrastructure.test_code_security.TestBlockedPatterns" name="test_exec_blocked" time="0.002" /><testcase classname="tests.unit.infrastructure.test_code_security.TestBlockedPatterns" name="test_import_blocked" time="0.001" /><testcase classname="tests.unit.infrastructure.test_code_security.TestBlockedPatterns" name="test_rmtree_blocked" time="0.001" /><testcase classname="tests.unit.infrastructure.test_code_security.TestBlockedPatterns" name="test_requests_blocked" time="0.001" /><testcase classname="tests.unit.infrastructure.test_code_security.TestBlockedPatterns" name="test_httpx_blocked" time="0.001" /><testcase classname="tests.unit.infrastructure.test_code_security.TestBlockedPatterns" name="test_socket_blocked" time="0.001" /><testcase classname="tests.unit.infrastructure.test_code_security.TestBlockedPatterns" name="test_safe_code_allowed" time="0.001" /><testcase classname="tests.unit.infrastructure.test_code_security.TestBlockedPatterns" name="test_sklearn_code_allowed" time="0.001" /><testcase classname="tests.unit.infrastructure.test_code_security.TestBlockedPatterns" name="test_multiple_violations" time="0.001" /><testcase classname="tests.unit.infrastructure.test_code_security.TestBlockedPatterns" name="test_os_popen_blocked" time="0.001" /><testcase classname="tests.unit.infrastructure.test_code_security.TestBlockedPatterns" name="test_pathlib_unlink_blocked" time="0.001" /><testcase classname="tests.unit.infrastructure.test_code_security.TestBlockedPatterns" name="test_pickle_loads_blocked" time="0.001" /><testcase classname="tests.unit.infrastructure.test_code_security.TestBlockedPatterns" name="test_os_environ_blocked" time="0.001" /><testcase classname="tests.unit.infrastructure.test_code_security.TestBlockedPatterns" name="test_multiprocessing_blocked" time="0.001" /><testcase classname="tests.unit.infrastructure.test_code_security.TestBlockedPatterns" name="test_signal_blocked" time="0.001" /><testcase classname="tests.unit.infrastructure.test_code_security.TestBlockedPatterns" name="test_shutil_move_blocked" time="0.001" /><testcase classname="tests.unit.infrastructure.test_code_security.TestBlockedPatterns" name="test_webbrowser_blocked" time="0.001" /><testcase classname="tests.unit.infrastructure.test_code_security.TestBlockedPatterns" name="test_marshal_blocked" time="0.001" /><testcase classname="tests.unit.infrastructure.test_code_security.TestBlockedPatterns" name="test_os_chmod_blocked" time="0.001" /><testcase classname="tests.unit.infrastructure.test_code_security.TestAstCheck" name="test_ast_catches_subprocess_import" time="0.001" /><testcase classname="tests.unit.infrastructure.test_code_security.TestAstCheck" name="test_ast_catches_from_shutil_import" time="0.001" /><testcase classname="tests.unit.infrastructure.test_code_security.TestAstCheck" name="test_ast_catches_importlib" time="0.001" /><testcase classname="tests.unit.infrastructure.test_code_security.TestAstCheck" name="test_ast_catches_ctypes" time="0.001" /><testcase classname="tests.unit.infrastructure.test_code_security.TestAstCheck" name="test_ast_allows_safe_imports" time="0.001" /><testcase classname="tests.unit.infrastructure.test_code_security.TestAstCheck" name="test_ast_catches_from_signal" time="0.001" /><testcase classname="tests.unit.infrastructure.test_code_security.TestAstCheck" name="test_syntax_error_not_blocked" time="0.001" /><testcase classname="tests.unit.infrastructure.test_code_security.TestWarningPatterns" name="test_pip_install_warning" time="0.001" /><testcase classname="tests.unit.infrastructure.test_code_security.TestWarningPatterns" name="test_to_csv_warning" time="0.001" /><testcase classname="tests.unit.infrastructure.test_code_security.TestWarningPatterns" name="test_while_true_warning" time="0.001" /><testcase classname="tests.unit.infrastructure.test_code_security.TestWarningPatterns" name="test_no_warnings_for_clean_code" time="0.001" /><testcase classname="tests.unit.infrastructure.test_code_security.TestPathValidation" name="test_valid_workspace_path" time="0.009" /><testcase classname="tests.unit.infrastructure.test_code_security.TestPathValidation" name="test_traversal_blocked" time="0.004" /><testcase classname="tests.unit.infrastructure.test_code_security.TestPathValidation" name="test_absolute_outside_blocked" time="0.003" /><testcase classname="tests.unit.infrastructure.test_code_security.TestPathValidation" name="test_subdirectory_allowed" time="0.004" /><testcase classname="tests.unit.infrastructure.test_code_security.TestPathValidation" name="test_sibling_directory_blocked" time="0.004" /><testcase classname="tests.unit.infrastructure.test_secret_storage.TestInMemorySecretStorage" name="test_store_and_retrieve" time="0.001" /><testcase classname="tests.unit.infrastructure.test_secret_storage.TestInMemorySecretStorage" name="test_retrieve_missing_returns_none" time="0.001" /><testcase classname="tests.unit.infrastructure.test_secret_storage.TestInMemorySecretStorage" name="test_delete_removes_secret" time="0.001" /><testcase classname="tests.unit.infrastructure.test_secret_storage.TestApiKeyManager" name="test_masked_values_do_not_expose_plaintext" time="0.001" /><testcase classname="tests.unit.infrastructure.test_secret_storage.TestConfigSecretManager" name="test_migrates_plaintext_secret_fields_from_raw_data" time="0.001" /><testcase classname="tests.unit.infrastructure.test_secret_storage.TestConfigSecretManager" name="test_strip_persisted_config_secrets_removes_nested_values" time="0.001" /><testcase classname="tests.unit.infrastructure.test_secret_storage.TestConnectorSecretManager" name="test_store_load_and_delete_secret_payload" time="0.001" /><testcase classname="tests.unit.infrastructure.test_secret_storage.TestSecretStorageFallback" name="test_build_default_secret_storage_falls_back_to_in_memory_and_logs_warning" time="0.002" /><testcase classname="tests.unit.infrastructure.test_secret_storage.TestKeyringChunking" name="test_small_value_stored_inline" time="0.002" /><testcase classname="tests.unit.infrastructure.test_secret_storage.TestKeyringChunking" name="test_large_value_round_trips" time="0.002" /><testcase classname="tests.unit.infrastructure.test_secret_storage.TestKeyringChunking" name="test_large_value_creates_chunks_and_header" time="0.002" /><testcase classname="tests.unit.infrastructure.test_secret_storage.TestKeyringChunking" name="test_overwrite_with_smaller_value_clears_old_chunks" time="0.002" /><testcase classname="tests.unit.infrastructure.test_secret_storage.TestKeyringChunking" name="test_delete_removes_chunks_and_header" time="0.002" /><testcase classname="tests.unit.infrastructure.test_secret_storage.TestKeyringChunking" name="test_partial_chunk_write_failure_rolls_back" time="0.003" /><testcase classname="tests.unit.infrastructure.test_secret_storage.TestSecretStorageStatus" name="test_persistent_backend_reports_not_degraded" time="0.001" /><testcase classname="tests.unit.infrastructure.test_secret_storage.TestSecretStorageStatus" name="test_in_memory_backend_reports_degraded_with_actionable_message" time="0.001" /><testcase classname="tests.unit.infrastructure.test_secret_storage.TestSecretRedactionInLogs" name="test_in_memory_store_retrieve_delete_does_not_log_value" time="0.001" /><testcase classname="tests.unit.infrastructure.test_secret_storage.TestSecretRedactionInLogs" name="test_fallback_warning_does_not_leak_error_with_secret_payload" time="0.001" /><testcase classname="tests.unit.infrastructure.test_secret_storage.TestSecretRedactionInLogs" name="test_keyring_retrieve_backend_error_redacts_secret_in_logs" time="0.001" /><testcase classname="tests.unit.infrastructure.test_secret_storage.TestSecretRedactionInLogs" name="test_keyring_delete_backend_error_redacts_secret_in_logs" time="0.002" /><testcase classname="tests.unit.infrastructure.test_secret_storage.TestSecretRedactionInLogs" name="test_api_key_manager_set_get_delete_does_not_log_value" time="0.001" /><testcase classname="tests.unit.infrastructure.test_secret_storage.TestSecretRedactionInLogs" name="test_config_secret_manager_migrate_does_not_log_value" time="0.000" /><testcase classname="tests.unit.application.test_pii_redaction.TestPIIDetector" name="test_detects_common_patterns" time="0.001" /><testcase classname="tests.unit.application.test_pii_redaction.TestPIIDetector" name="test_redacts_structure" time="0.001" /><testcase classname="tests.unit.application.test_pii_redaction.TestPIIRedactionHook" name="test_pre_hook_masks_pii_arguments" time="0.004" /><testcase classname="tests.unit.application.test_pii_redaction.TestPIIRedactionHook" name="test_post_hook_redacts_generated_report_file" time="0.008" /></testsuite></testsuites>