<?xml version="1.0" encoding="utf-8"?><testsuites name="pytest tests"><testsuite name="pytest" errors="0" failures="1" skipped="0" tests="12" time="1.750" timestamp="2026-04-17T04:06:42.221584+09:00" hostname="WIN-LD9DCRP3E9N"><testcase classname="tests.unit.infrastructure.test_cli_main.TestImportTools" name="test_import_tools_no_crash" time="0.016"><failure message="TypeError: tool() missing 1 required positional argument: 'description'">tests\unit\infrastructure\test_cli_main.py:398: in test_import_tools_no_crash
    _import_tools()
src\ds_agent\cli\main.py:180: in _import_tools
    importlib.import_module(module_name)
..\..\AppData\Local\Programs\Python\Python312\Lib\importlib\__init__.py:90: in import_module
    return _bootstrap._gcd_import(name[level:], package, level)
           ^^^^^^^^^^^^^^^^^^^^^^^^^^^^^^^^^^^^^^^^^^^^^^^^^^^^
&lt;frozen importlib._bootstrap&gt;:1387: in _gcd_import
    ???
&lt;frozen importlib._bootstrap&gt;:1360: in _find_and_load
    ???
&lt;frozen importlib._bootstrap&gt;:1331: in _find_and_load_unlocked
    ???
&lt;frozen importlib._bootstrap&gt;:935: in _load_unlocked
    ???
&lt;frozen importlib._bootstrap_external&gt;:999: in exec_module
    ???
&lt;frozen importlib._bootstrap&gt;:488: in _call_with_frames_removed
    ???
src\ds_agent\tools\portfolio_tools.py:38: in &lt;module&gt;
    @tool
     ^^^^
E   TypeError: tool() missing 1 required positional argument: 'description'</failure></testcase><testcase classname="tests.unit.infrastructure.test_telegram_runner.TestTelegramImportTools" name="test_import_tools_does_not_crash" time="0.881" /><testcase classname="tests.unit.infrastructure.test_tool_registry.TestToolRegistration" name="test_register_tool" time="0.001" /><testcase classname="tests.unit.infrastructure.test_tool_registry.TestToolRegistration" name="test_register_duplicate_raises" time="0.001" /><testcase classname="tests.unit.infrastructure.test_tool_registry.TestToolRegistration" name="test_get_definitions_returns_openai_format" time="0.001" /><testcase classname="tests.unit.infrastructure.test_tool_registry.TestToolRegistration" name="test_list_tools" time="0.001" /><testcase classname="tests.unit.infrastructure.test_tool_registry.TestToolRegistration" name="test_reset_clears_all" time="0.001" /><testcase classname="tests.unit.infrastructure.test_tool_registry.TestToolDispatch" name="test_dispatch_success" time="0.003" /><testcase classname="tests.unit.infrastructure.test_tool_registry.TestToolDispatch" name="test_dispatch_unknown_tool_returns_error" time="0.002" /><testcase classname="tests.unit.infrastructure.test_tool_registry.TestToolDispatch" name="test_dispatch_handler_exception_returns_error" time="0.002" /><testcase classname="tests.unit.infrastructure.test_tool_registry.TestToolDispatch" name="test_dispatch_sync_handler" time="0.002" /><testcase classname="tests.unit.infrastructure.test_tool_registry.TestToolCategories" name="test_category_assignment" time="0.001" /></testsuite></testsuites>