<?xml version="1.0" encoding="utf-8"?><testsuites name="pytest tests"><testsuite name="pytest" errors="0" failures="0" skipped="0" tests="26" time="7.301" timestamp="2026-04-17T05:29:13.206773+09:00" hostname="WIN-LD9DCRP3E9N"><testcase classname="tests.unit.tools.test_decision_os_tools" name="test_compare_runs_tool_happy_path" time="0.068" /><testcase classname="tests.unit.tools.test_decision_os_tools" name="test_compare_runs_tool_returns_not_found" time="0.014" /><testcase classname="tests.unit.tools.test_decision_os_tools" name="test_request_promotion_tool_happy_path" time="0.132" /><testcase classname="tests.unit.tools.test_decision_os_tools" name="test_request_promotion_tool_returns_not_found" time="0.099" /><testcase classname="tests.unit.tools.test_decision_os_tools" name="test_get_post_deploy_status_tool_happy_path" time="0.147" /><testcase classname="tests.unit.tools.test_decision_os_tools" name="test_get_post_deploy_status_tool_returns_not_found" time="0.118" /><testcase classname="tests.unit.tools.test_decision_os_tools" name="test_record_review_artifact_tool_happy_path" time="0.037" /><testcase classname="tests.unit.tools.test_decision_os_tools" name="test_get_review_artifacts_tool_happy_path" time="0.032" /><testcase classname="tests.unit.tools.test_feature_registry_tools" name="test_register_feature_tool_happy_path" time="0.049" /><testcase classname="tests.unit.tools.test_feature_registry_tools" name="test_register_feature_tool_returns_source_table_error" time="0.055" /><testcase classname="tests.unit.tools.test_integration_tools" name="test_work_object_tool_lifecycle" time="0.232" /><testcase classname="tests.unit.tools.test_integration_tools" name="test_slack_and_jira_tools_track_work_object" time="0.196" /><testcase classname="tests.unit.tools.test_integration_tools" name="test_documentation_publish_tools_track_work_object" time="0.214" /><testcase classname="tests.unit.tools.test_integration_tools" name="test_policy_gated_dispatch_stays_pending" time="0.163" /><testcase classname="tests.unit.tools.test_stakeholder_artifact_tool" name="test_render_stakeholder_artifact_tool_writes_markdown" time="0.620" /><testcase classname="tests.unit.tools.test_task_contract_tools" name="test_task_contract_tools_happy_path" time="0.142" /><testcase classname="tests.unit.tools.test_task_contract_tools" name="test_verify_assumption_tool_marks_entry_verified" time="0.105" /><testcase classname="tests.unit.tools.test_task_contract_tools" name="test_update_task_contract_returns_version_conflict" time="0.084" /><testcase classname="tests.integration.tools.test_semantic_query" name="test_semantic_query_prefers_verified_query" time="0.176" /><testcase classname="tests.integration.tools.test_semantic_query" name="test_semantic_query_builtin_pack_returns_verified_for_core_kpis[\uc774\ud0c8\ub960-monthly_churn_rate-vq-monthly-churn-postgres]" time="0.808" /><testcase classname="tests.integration.tools.test_semantic_query" name="test_semantic_query_builtin_pack_returns_verified_for_core_kpis[MAU-monthly_active_users-vq-mau-postgres]" time="0.713" /><testcase classname="tests.integration.tools.test_semantic_query" name="test_semantic_query_builtin_pack_returns_verified_for_core_kpis[LTV-lifetime_value-vq-ltv-postgres]" time="0.754" /><testcase classname="tests.integration.tools.test_semantic_query" name="test_semantic_query_warns_for_bronze_or_untrusted_tables[bronze-ask_user-manual confirmation required]" time="0.767" /><testcase classname="tests.integration.tools.test_semantic_query" name="test_semantic_query_warns_for_bronze_or_untrusted_tables[untrusted-block-untrusted table referenced]" time="0.713" /><testcase classname="tests.integration.tools.test_semantic_query" name="test_lookup_term_returns_glossary_matches" time="0.154" /><testcase classname="tests.integration.tools.test_semantic_query" name="test_describe_table_trust_returns_policy" time="0.158" /></testsuite></testsuites>