<?xml version="1.0" encoding="utf-8"?><testsuites name="pytest tests"><testsuite name="pytest" errors="0" failures="0" skipped="0" tests="3" time="0.396" timestamp="2026-04-17T04:00:09.653593+09:00" hostname="WIN-LD9DCRP3E9N"><testcase classname="tests.unit.architecture.test_import_contracts" name="test_static_import_contracts_are_clean" time="0.267" /><testcase classname="tests.unit.architecture.test_semantic_layer_deps" name="test_semantic_domain_has_no_forbidden_imports" time="0.032" /><testcase classname="tests.unit.architecture.test_semantic_layer_deps" name="test_semantic_application_has_no_infrastructure_imports" time="0.033" /></testsuite></testsuites>