<?xml version="1.0" encoding="utf-8"?><testsuites name="pytest tests"><testsuite name="pytest" errors="0" failures="0" skipped="0" tests="7" time="0.778" timestamp="2026-04-17T05:04:19.457884+09:00" hostname="WIN-LD9DCRP3E9N"><testcase classname="tests.unit.architecture.test_application_infrastructure_boundary" name="test_application_layer_has_no_infrastructure_imports" time="0.103" /><testcase classname="tests.unit.architecture.test_application_infrastructure_boundary" name="test_previously_flagged_services_are_clean[lineage_capture_service.py]" time="0.067" /><testcase classname="tests.unit.architecture.test_application_infrastructure_boundary" name="test_previously_flagged_services_are_clean[reproducibility_exporter.py]" time="0.075" /><testcase classname="tests.unit.architecture.test_application_infrastructure_boundary" name="test_previously_flagged_services_are_clean[scheduler_service.py]" time="0.084" /><testcase classname="tests.unit.architecture.test_import_contracts" name="test_static_import_contracts_are_clean" time="0.327" /><testcase classname="tests.unit.architecture.test_semantic_layer_deps" name="test_semantic_domain_has_no_forbidden_imports" time="0.035" /><testcase classname="tests.unit.architecture.test_semantic_layer_deps" name="test_semantic_application_has_no_infrastructure_imports" time="0.032" /></testsuite></testsuites>