<?xml version="1.0" encoding="utf-8"?><testsuites name="pytest tests"><testsuite name="pytest" errors="0" failures="4" skipped="0" tests="73" time="5.876" timestamp="2026-04-17T05:28:30.644788+09:00" hostname="WIN-LD9DCRP3E9N"><testcase classname="tests.unit.domain.test_task_contract_entity" name="test_invalid_task_id_pattern_raises" time="0.003" /><testcase classname="tests.unit.domain.test_task_contract_entity" name="test_empty_deliverables_raise" time="0.001" /><testcase classname="tests.unit.domain.test_task_contract_entity" name="test_authority_audience_and_mission_are_coerced" time="0.001" /><testcase classname="tests.unit.domain.test_task_contract_entity" name="test_definition_of_done_accepts_verifier_requirements" time="0.001" /><testcase classname="tests.unit.domain.test_task_contract_state_machine" name="test_illegal_transition_rejected" time="0.001" /><testcase classname="tests.unit.domain.test_task_contract_state_machine" name="test_in_progress_to_review_requires_verdicts" time="0.001" /><testcase classname="tests.unit.domain.test_task_contract_state_machine" name="test_review_to_in_progress_allows_reopen" time="0.001" /><testcase classname="tests.unit.domain.test_task_contract_state_machine" name="test_draft_to_abandoned_allows_rejection" time="0.001" /><testcase classname="tests.unit.domain.test_task_contract_state_machine" name="test_review_to_closed_requires_delivery_and_no_fails" time="0.001" /><testcase classname="tests.unit.domain.test_task_contract_state_machine" name="test_close_uses_latest_orchestrator_verdict_for_verifier_gates" time="0.001" /><testcase classname="tests.unit.domain.test_task_contract_state_machine" name="test_close_rejects_missing_verifier_confidence_when_required" time="0.001" /><testcase classname="tests.unit.domain.test_assumption_log" name="test_high_risk_assumption_defaults_to_unverified" time="0.001" /><testcase classname="tests.unit.domain.test_review_verdict" name="test_confidence_band_derives_grade_from_score[0.8-high]" time="0.001" /><testcase classname="tests.unit.domain.test_review_verdict" name="test_confidence_band_derives_grade_from_score[0.5-medium]" time="0.001" /><testcase classname="tests.unit.domain.test_review_verdict" name="test_confidence_band_derives_grade_from_score[0.2-low]" time="0.001" /><testcase classname="tests.unit.domain.test_review_verdict" name="test_confidence_band_derives_grade_from_score[0.19-insufficient]" time="0.001" /><testcase classname="tests.unit.domain.test_review_verdict" name="test_confidence_band_rejects_explicit_grade_mismatch" time="0.001" /><testcase classname="tests.unit.domain.test_review_verdict" name="test_review_verdict_keeps_legacy_shape_compatible" time="0.002" /><testcase classname="tests.unit.domain.test_review_verdict" name="test_review_verdict_derives_overall_from_layers" time="0.001" /><testcase classname="tests.unit.domain.test_review_artifact" name="test_build_review_artifact_validates_payload_by_skill" time="0.001" /><testcase classname="tests.unit.domain.test_verifier_ports" name="test_verifier_ports_are_runtime_checkable" time="0.001" /><testcase classname="tests.unit.application.test_task_contract_usecases" name="test_create_task_contract_generates_goal_brief_and_event" time="0.002" /><testcase classname="tests.unit.application.test_task_contract_usecases" name="test_update_task_contract_detects_version_conflict" time="0.001" /><testcase classname="tests.unit.application.test_task_contract_usecases" name="test_add_assumption_marks_high_risk_for_user_confirmation" time="0.001" /><testcase classname="tests.unit.application.test_task_contract_usecases" name="test_verify_assumption_marks_entry_verified_and_bumps_version" time="0.001" /><testcase classname="tests.unit.application.test_task_contract_usecases" name="test_record_review_verdict_preserves_supplied_verdict_id" time="0.001" /><testcase classname="tests.unit.application.test_task_contract_usecases" name="test_build_delivery_pack_derives_typed_artifacts_from_required_deliverables" time="0.001" /><testcase classname="tests.unit.application.test_task_contract_usecases" name="test_build_delivery_pack_can_filter_audiences" time="0.001" /><testcase classname="tests.unit.application.test_task_contract_usecases" name="test_close_task_contract_requires_review_and_delivery" time="0.003" /><testcase classname="tests.unit.application.test_task_contract_usecases" name="test_close_task_contract_succeeds_after_review_and_delivery" time="0.003" /><testcase classname="tests.unit.application.test_task_contract_usecases" name="test_close_task_contract_enforces_verifier_confidence_threshold" time="0.007" /><testcase classname="tests.unit.application.test_promotion_gate_usecases" name="test_request_promotion_passes_core_checks_and_starts_pending_chain" time="0.008" /><testcase classname="tests.unit.application.test_promotion_gate_usecases" name="test_request_promotion_flags_verifier_failure" time="0.003" /><testcase classname="tests.unit.application.test_promotion_gate_usecases" name="test_request_promotion_flags_metric_regression_against_champion" time="0.002" /><testcase classname="tests.unit.application.test_promotion_gate_usecases" name="test_request_promotion_flags_invalid_rollback_plan" time="0.002" /><testcase classname="tests.unit.application.test_promotion_gate_usecases" name="test_request_promotion_flags_deprecated_feature_usage" time="0.002" /><testcase classname="tests.unit.application.test_promotion_gate_usecases" name="test_request_promotion_flags_diverged_reproducibility" time="0.001" /><testcase classname="tests.unit.application.test_promotion_gate_usecases" name="test_approve_advances_through_entire_chain" time="0.002" /><testcase classname="tests.unit.application.test_promotion_gate_usecases" name="test_reject_short_circuits_the_chain" time="0.002" /><testcase classname="tests.unit.application.test_promotion_gate_usecases" name="test_apply_promotes_approved_candidate_to_target_alias_and_retires_previous_alias" time="0.003" /><testcase classname="tests.unit.application.test_promotion_gate_usecases" name="test_apply_requires_approved_decision" time="0.002" /><testcase classname="tests.unit.application.test_promotion_gate_usecases" name="test_auto_rollback_restores_previous_champion" time="0.002" /><testcase classname="tests.unit.application.test_review_artifact_capture" name="test_extract_review_artifact_captures_strips_hidden_block" time="0.001" /><testcase classname="tests.unit.application.test_review_artifact_capture" name="test_review_artifact_capture_hook_persists_to_experiment_log" time="0.481" /><testcase classname="tests.unit.application.test_review_artifact_capture" name="test_agent_finalizes_with_clean_response_and_persists_review_artifact" time="0.254" /><testcase classname="tests.unit.application.test_verifier_orchestrator" name="test_orchestrator_aggregates_layers_scores_and_persists_verdict" time="0.004" /><testcase classname="tests.unit.application.test_verifier_orchestrator" name="test_orchestrator_converts_timeout_into_error_layer" time="1.007" /><testcase classname="tests.unit.application.test_verifier_orchestrator" name="test_orchestrator_persists_shadow_comparison_when_enabled" time="0.004" /><testcase classname="tests.unit.application.test_verifier_orchestrator" name="test_orchestrator_promotes_narrative_judge_metadata_to_verdict" time="0.003" /><testcase classname="tests.unit.application.test_verifier_shadow_comparator" name="test_shadow_comparator_compares_triggered_and_clear_paths" time="0.001" /><testcase classname="tests.unit.application.test_verifier_shadow_comparator" name="test_shadow_comparator_flags_verifier_only_mismatch" time="0.001" /><testcase classname="tests.unit.application.test_verifier_shadow_comparator" name="test_shadow_comparator_returns_none_without_applicable_signals" time="0.001" /><testcase classname="tests.unit.application.test_verifier_shadow_comparator" name="test_shadow_comparator_matches_temporal_join_to_temporal_verifier_evidence" time="0.001" /><testcase classname="tests.unit.application.test_run_diff_usecases" name="test_compare_runs_computes_feature_config_metric_and_verifier_diffs" time="0.002" /><testcase classname="tests.unit.application.test_run_diff_usecases" name="test_compare_runs_raises_when_run_is_missing" time="0.001" /><testcase classname="tests.unit.application.test_claim_traceability.TestClaimEvidenceLinker" name="test_flags_claim_without_evidence" time="0.001" /><testcase classname="tests.unit.application.test_claim_traceability.TestClaimEvidenceLinker" name="test_accepts_claim_with_figure_reference" time="0.001" /><testcase classname="tests.unit.application.test_claim_traceability.TestClaimTraceabilityHook" name="test_warns_when_report_claim_has_no_evidence" time="0.010" /><testcase classname="tests.unit.application.test_claim_traceability.TestClaimTraceabilityHook" name="test_passes_when_report_claim_is_supported" time="0.011" /><testcase classname="tests.unit.evaluation.application.test_run_shadow_comparison" name="test_run_shadow_comparison_scores_both_paths_and_persists_comparison" time="0.002" /><testcase classname="tests.unit.evaluation.infrastructure.test_default_scorers" name="test_each_default_scorer_rewards_good_run" time="0.002" /><testcase classname="tests.unit.evaluation.infrastructure.test_default_scorers" name="test_weighted_score_passes_good_run_and_fails_bad_run" time="0.001" /><testcase classname="tests.unit.evaluation.infrastructure.test_default_scorers" name="test_operator_satisfaction_proxy_uses_recovery_context" time="0.001" /><testcase classname="tests.unit.evaluation.infrastructure.test_default_scorers" name="test_score_run_honors_human_rubric_overrides" time="0.001" /><testcase classname="tests.integration.infrastructure.test_sqlite_task_contract_store" name="test_sqlite_task_contract_round_trip" time="0.086" /><testcase classname="tests.integration.infrastructure.test_sqlite_task_contract_store" name="test_migration_v10_applies_and_is_idempotent" time="0.075" /><testcase classname="tests.integration.infrastructure.test_sqlite_task_contract_store" name="test_optimistic_locking_rejects_stale_writer" time="0.076" /><testcase classname="tests.integration.infrastructure.test_verdict_repo" name="test_sqlite_verdict_repository_round_trip" time="0.029" /><testcase classname="tests.integration.infrastructure.test_shadow_comparison_repo" name="test_shadow_comparison_repo_round_trip" time="0.028" /><testcase classname="tests.integration.test_run_verifier_tool" name="test_run_verifier_tool_persists_and_loads_verdict" time="2.270"><failure message="assert False is True">tests\integration\test_run_verifier_tool.py:118: in test_run_verifier_tool_persists_and_loads_verdict
    assert payload["ok"] is True
E   assert False is True</failure></testcase><testcase classname="tests.integration.test_run_verifier_tool" name="test_run_verifier_tool_records_into_existing_task_contract" time="0.098"><failure message="assert False is True">tests\integration\test_run_verifier_tool.py:253: in test_run_verifier_tool_records_into_existing_task_contract
    assert payload["ok"] is True
E   assert False is True</failure></testcase><testcase classname="tests.integration.test_run_verifier_tool" name="test_run_verifier_tool_records_shadow_comparison_when_hook_log_present" time="0.072"><failure message="KeyError: 'payload'">tests\integration\test_run_verifier_tool.py:302: in test_run_verifier_tool_records_shadow_comparison_when_hook_log_present
    metadata = payload["payload"]["metadata"]
               ^^^^^^^^^^^^^^^^^^
E   KeyError: 'payload'</failure></testcase><testcase classname="tests.integration.test_run_verifier_tool" name="test_shadow_comparison_tools_load_and_list_persisted_records" time="0.077"><failure message="KeyError: 'payload'">tests\integration\test_run_verifier_tool.py:356: in test_shadow_comparison_tools_load_and_list_persisted_records
    comparison_id = payload["payload"]["metadata"]["shadow_comparison_id"]
                    ^^^^^^^^^^^^^^^^^^
E   KeyError: 'payload'</failure></testcase></testsuite></testsuites>