<?xml version="1.0" encoding="utf-8"?><testsuites name="pytest tests"><testsuite name="pytest" errors="0" failures="0" skipped="0" tests="130" time="2.989" timestamp="2026-04-17T05:43:57.017429+09:00" hostname="WIN-LD9DCRP3E9N"><testcase classname="tests.unit.runtime.test_action_matrix.TestActionMatrix" name="test_read_sql_gold_is_auto_in_shadow" time="0.002" /><testcase classname="tests.unit.runtime.test_action_matrix.TestActionMatrix" name="test_jira_create_requires_ask_in_delegate" time="0.001" /><testcase classname="tests.unit.runtime.test_action_matrix.TestActionMatrix" name="test_prod_deploy_requires_dual_in_supervised" time="0.001" /><testcase classname="tests.unit.runtime.test_action_matrix.TestActionMatrix" name="test_read_pii_table_is_skipped_in_freeze" time="0.001" /><testcase classname="tests.unit.runtime.test_action_matrix.TestActionMatrix" name="test_unknown_defaults_to_approve_in_delegate" time="0.001" /><testcase classname="tests.unit.runtime.test_action_matrix.TestActionMatrix" name="test_with_overrides_updates_selected_cells_only" time="0.001" /><testcase classname="tests.unit.runtime.test_authority_overlay.TestAuthorityOverlay" name="test_resolve_no_overlay" time="0.001" /><testcase classname="tests.unit.runtime.test_authority_overlay.TestAuthorityOverlay" name="test_incident_overlay_exposes_expiry_window" time="0.001" /><testcase classname="tests.unit.runtime.test_authority_overlay.TestAuthorityOverlay" name="test_expired_incident_overlay_falls_back_to_legacy_mode" time="0.001" /><testcase classname="tests.unit.runtime.test_authority_overlay.TestAuthorityOverlay" name="test_freeze_overlay_ignores_started_at" time="0.001" /><testcase classname="tests.unit.runtime.test_action_classifier.TestActionClassifier" name="test_tool_catalog_classifies_known_tools[read_file-arguments0-read_sql_gold]" time="0.001" /><testcase classname="tests.unit.runtime.test_action_classifier.TestActionClassifier" name="test_tool_catalog_classifies_known_tools[write_file-arguments1-artifact_draft]" time="0.001" /><testcase classname="tests.unit.runtime.test_action_classifier.TestActionClassifier" name="test_tool_catalog_classifies_known_tools[list_files-arguments2-read_sql_gold]" time="0.001" /><testcase classname="tests.unit.runtime.test_action_classifier.TestActionClassifier" name="test_tool_catalog_classifies_known_tools[data_loader-arguments3-read_sql_gold]" time="0.001" /><testcase classname="tests.unit.runtime.test_action_classifier.TestActionClassifier" name="test_tool_catalog_classifies_known_tools[data_profiler-arguments4-read_sql_gold]" time="0.001" /><testcase classname="tests.unit.runtime.test_action_classifier.TestActionClassifier" name="test_tool_catalog_classifies_known_tools[run_eda-arguments5-artifact_draft]" time="0.001" /><testcase classname="tests.unit.runtime.test_action_classifier.TestActionClassifier" name="test_tool_catalog_classifies_known_tools[feature_engineer-arguments6-feature_engineering]" time="0.001" /><testcase classname="tests.unit.runtime.test_action_classifier.TestActionClassifier" name="test_tool_catalog_classifies_known_tools[train_model-arguments7-model_training]" time="0.001" /><testcase classname="tests.unit.runtime.test_action_classifier.TestActionClassifier" name="test_tool_catalog_classifies_known_tools[evaluate_model-arguments8-artifact_draft]" time="0.001" /><testcase classname="tests.unit.runtime.test_action_classifier.TestActionClassifier" name="test_tool_catalog_classifies_known_tools[generate_report-arguments9-artifact_draft]" time="0.001" /><testcase classname="tests.unit.runtime.test_action_classifier.TestActionClassifier" name="test_tool_catalog_classifies_known_tools[generate_deployment-arguments10-prod_deploy]" time="0.001" /><testcase classname="tests.unit.runtime.test_action_classifier.TestActionClassifier" name="test_tool_catalog_classifies_known_tools[notebook_generate-arguments11-artifact_draft]" time="0.001" /><testcase classname="tests.unit.runtime.test_action_classifier.TestActionClassifier" name="test_tool_catalog_classifies_known_tools[slide_generate-arguments12-artifact_draft]" time="0.001" /><testcase classname="tests.unit.runtime.test_action_classifier.TestActionClassifier" name="test_tool_catalog_classifies_known_tools[dashboard_spec-arguments13-artifact_draft]" time="0.001" /><testcase classname="tests.unit.runtime.test_action_classifier.TestActionClassifier" name="test_tool_catalog_classifies_known_tools[schema_inspect-arguments14-read_sql_gold]" time="0.001" /><testcase classname="tests.unit.runtime.test_action_classifier.TestActionClassifier" name="test_tool_catalog_classifies_known_tools[sql_query-arguments15-read_sql_bronze]" time="0.001" /><testcase classname="tests.unit.runtime.test_action_classifier.TestActionClassifier" name="test_tool_catalog_classifies_known_tools[semantic_query-arguments16-read_sql_gold]" time="0.001" /><testcase classname="tests.unit.runtime.test_action_classifier.TestActionClassifier" name="test_tool_catalog_classifies_known_tools[lookup_term-arguments17-read_sql_gold]" time="0.001" /><testcase classname="tests.unit.runtime.test_action_classifier.TestActionClassifier" name="test_tool_catalog_classifies_known_tools[describe_table_trust-arguments18-read_sql_gold]" time="0.001" /><testcase classname="tests.unit.runtime.test_action_classifier.TestActionClassifier" name="test_tool_catalog_classifies_known_tools[load_semantic_pack-arguments19-read_sql_gold]" time="0.001" /><testcase classname="tests.unit.runtime.test_action_classifier.TestActionClassifier" name="test_tool_catalog_classifies_known_tools[standing_order-arguments20-read_sql_gold]" time="0.001" /><testcase classname="tests.unit.runtime.test_action_classifier.TestActionClassifier" name="test_tool_catalog_classifies_known_tools[web_search-arguments21-read_sql_gold]" time="0.001" /><testcase classname="tests.unit.runtime.test_action_classifier.TestActionClassifier" name="test_tool_catalog_classifies_known_tools[ask_user-arguments22-read_sql_gold]" time="0.001" /><testcase classname="tests.unit.runtime.test_action_classifier.TestActionClassifier" name="test_tool_catalog_classifies_known_tools[policy_check-arguments23-read_sql_gold]" time="0.001" /><testcase classname="tests.unit.runtime.test_action_classifier.TestActionClassifier" name="test_tool_catalog_classifies_known_tools[lineage_capture-arguments24-read_sql_gold]" time="0.001" /><testcase classname="tests.unit.runtime.test_action_classifier.TestActionClassifier" name="test_tool_catalog_classifies_known_tools[create_work_object-arguments25-artifact_draft]" time="0.002" /><testcase classname="tests.unit.runtime.test_action_classifier.TestActionClassifier" name="test_tool_catalog_classifies_known_tools[list_work_objects-arguments26-read_sql_gold]" time="0.001" /><testcase classname="tests.unit.runtime.test_action_classifier.TestActionClassifier" name="test_tool_catalog_classifies_known_tools[get_work_object-arguments27-read_sql_gold]" time="0.001" /><testcase classname="tests.unit.runtime.test_action_classifier.TestActionClassifier" name="test_tool_catalog_classifies_known_tools[link_external_resource-arguments28-artifact_draft]" time="0.001" /><testcase classname="tests.unit.runtime.test_action_classifier.TestActionClassifier" name="test_tool_catalog_classifies_known_tools[advance_work_object_phase-arguments29-artifact_draft]" time="0.001" /><testcase classname="tests.unit.runtime.test_action_classifier.TestActionClassifier" name="test_tool_catalog_classifies_known_tools[close_work_object-arguments30-artifact_draft]" time="0.001" /><testcase classname="tests.unit.runtime.test_action_classifier.TestActionClassifier" name="test_tool_catalog_classifies_known_tools[get_work_object_timeline-arguments31-read_sql_gold]" time="0.001" /><testcase classname="tests.unit.runtime.test_action_classifier.TestActionClassifier" name="test_tool_catalog_classifies_known_tools[post_to_slack-arguments32-slack_post]" time="0.001" /><testcase classname="tests.unit.runtime.test_action_classifier.TestActionClassifier" name="test_tool_catalog_classifies_known_tools[send_to_slack-arguments33-slack_post]" time="0.001" /><testcase classname="tests.unit.runtime.test_action_classifier.TestActionClassifier" name="test_tool_catalog_classifies_known_tools[publish_confluence_page-arguments34-jira_create]" time="0.001" /><testcase classname="tests.unit.runtime.test_action_classifier.TestActionClassifier" name="test_tool_catalog_classifies_known_tools[publish_notion_page-arguments35-jira_create]" time="0.001" /><testcase classname="tests.unit.runtime.test_action_classifier.TestActionClassifier" name="test_tool_catalog_classifies_known_tools[create_jira_ticket-arguments36-jira_create]" time="0.001" /><testcase classname="tests.unit.runtime.test_action_classifier.TestActionClassifier" name="test_tool_catalog_classifies_known_tools[open_git_pr-arguments37-jira_create]" time="0.001" /><testcase classname="tests.unit.runtime.test_action_classifier.TestActionClassifier" name="test_tool_catalog_classifies_known_tools[create_git_pr-arguments38-jira_create]" time="0.001" /><testcase classname="tests.unit.runtime.test_action_classifier.TestActionClassifier" name="test_tool_catalog_classifies_known_tools[memory_search-arguments39-read_sql_gold]" time="0.001" /><testcase classname="tests.unit.runtime.test_action_classifier.TestActionClassifier" name="test_tool_catalog_classifies_known_tools[memory_store-arguments40-artifact_draft]" time="0.001" /><testcase classname="tests.unit.runtime.test_action_classifier.TestActionClassifier" name="test_tool_catalog_classifies_known_tools[skill_list-arguments41-read_sql_gold]" time="0.001" /><testcase classname="tests.unit.runtime.test_action_classifier.TestActionClassifier" name="test_tool_catalog_classifies_known_tools[skill_view-arguments42-read_sql_gold]" time="0.001" /><testcase classname="tests.unit.runtime.test_action_classifier.TestActionClassifier" name="test_tool_catalog_classifies_known_tools[skill_search-arguments43-read_sql_gold]" time="0.001" /><testcase classname="tests.unit.runtime.test_action_classifier.TestActionClassifier" name="test_tool_catalog_classifies_known_tools[render_stakeholder_artifact-arguments44-artifact_draft]" time="0.001" /><testcase classname="tests.unit.runtime.test_action_classifier.TestActionClassifier" name="test_tool_catalog_classifies_known_tools[search_sessions-arguments45-read_sql_gold]" time="0.001" /><testcase classname="tests.unit.runtime.test_action_classifier.TestActionClassifier" name="test_sql_with_pii_sensitivity_maps_to_pii_read" time="0.001" /><testcase classname="tests.unit.runtime.test_action_classifier.TestActionClassifier" name="test_sql_write_statement_maps_to_delete_table" time="0.001" /><testcase classname="tests.unit.runtime.test_action_classifier.TestActionClassifier" name="test_load_semantic_pack_apply_maps_to_conservative_mutation" time="0.001" /><testcase classname="tests.unit.runtime.test_action_classifier.TestActionClassifier" name="test_policy_check_with_record_approval_maps_to_conservative_mutation" time="0.001" /><testcase classname="tests.unit.runtime.test_action_classifier.TestActionClassifier" name="test_standing_order_create_maps_to_conservative_mutation" time="0.001" /><testcase classname="tests.unit.runtime.test_action_classifier.TestActionClassifier" name="test_execute_code_training_heuristic_maps_to_model_training" time="0.001" /><testcase classname="tests.unit.runtime.test_action_classifier.TestActionClassifier" name="test_execute_code_feature_heuristic_maps_to_feature_engineering" time="0.001" /><testcase classname="tests.unit.runtime.test_action_classifier.TestActionClassifier" name="test_execute_code_artifact_heuristic_maps_to_artifact_draft" time="0.001" /><testcase classname="tests.unit.runtime.test_action_classifier.TestActionClassifier" name="test_execute_code_delete_heuristic_maps_to_delete_table" time="0.002" /><testcase classname="tests.unit.runtime.test_action_classifier.TestActionClassifier" name="test_distributed_exec_training_heuristic_maps_to_model_training" time="0.001" /><testcase classname="tests.unit.runtime.test_action_classifier.TestActionClassifier" name="test_unknown_tool_falls_back_to_unknown" time="0.001" /><testcase classname="tests.unit.runtime.test_autonomy_policy_basic.TestAutonomyPolicyBasic" name="test_auto_legacy_mode_maps_to_delegate_and_peer_ds" time="0.001" /><testcase classname="tests.unit.runtime.test_autonomy_policy_basic.TestAutonomyPolicyBasic" name="test_supervised_legacy_requires_approval_for_non_safe_action" time="0.001" /><testcase classname="tests.unit.runtime.test_autonomy_policy_basic.TestAutonomyPolicyBasic" name="test_step_by_step_legacy_requires_approval_even_for_safe_action" time="0.001" /><testcase classname="tests.unit.runtime.test_autonomy_policy_basic.TestAutonomyPolicyBasic" name="test_shadow_blocks_non_safe_actions" time="0.001" /><testcase classname="tests.unit.runtime.test_autonomy_policy_basic.TestAutonomyPolicyBasic" name="test_explicit_axis_override_wins_over_legacy_mapping" time="0.001" /><testcase classname="tests.unit.runtime.test_autonomy_policy_basic.TestAutonomyPolicyBasic" name="test_action_matrix_verdict_can_require_dual_style_approval" time="0.001" /><testcase classname="tests.unit.runtime.test_autonomy_policy_basic.TestAutonomyPolicyBasic" name="test_action_matrix_skip_blocks_action" time="0.001" /><testcase classname="tests.unit.runtime.test_autonomy_policy_basic.TestAutonomyPolicyBasic" name="test_freeze_overlay_blocks_local_writes_even_when_matrix_allows" time="0.001" /><testcase classname="tests.unit.runtime.test_autonomy_policy_basic.TestAutonomyPolicyBasic" name="test_mission_override_can_auto_allow_delegate_jira" time="0.001" /><testcase classname="tests.unit.runtime.test_autonomy_policy_basic.TestAutonomyPolicyBasic" name="test_out_of_boundary_action_requires_approval" time="0.001" /><testcase classname="tests.unit.runtime.test_autonomy_policy_basic.TestAutonomyPolicyBasic" name="test_mission_default_authority_and_audience_fill_missing_axes" time="0.001" /><testcase classname="tests.unit.runtime.test_autonomy_policy_basic.TestAutonomyPolicyBasic" name="test_autopilot_requires_certification_before_auto_execution" time="0.001" /><testcase classname="tests.unit.runtime.test_autonomy_policy_basic.TestAutonomyPolicyBasic" name="test_autopilot_allows_action_when_store_confirms_certification" time="0.001" /><testcase classname="tests.unit.runtime.test_autonomy_policy_basic.TestAutonomyPolicyBasic" name="test_incident_keeps_irreversible_email_send_on_approval_path" time="0.000" /><testcase classname="tests.unit.runtime.test_legacy_mode_migration.TestLegacyModeMigrationPreview" name="test_auto_maps_cleanly_to_delegate_and_peer_ds" time="0.000" /><testcase classname="tests.unit.runtime.test_legacy_mode_migration.TestLegacyModeMigrationPreview" name="test_step_by_step_is_marked_as_approximate" time="0.000" /><testcase classname="tests.unit.runtime.test_legacy_mode_migration.TestLegacyModeMigrationPreview" name="test_none_defaults_to_auto_preview" time="0.000" /><testcase classname="tests.integration.test_autonomy_policy_matrix" name="test_delegate_auto_mode_blocks_pii_sql_without_approval" time="0.001" /><testcase classname="tests.integration.test_autonomy_policy_matrix" name="test_delegate_auto_mode_allows_gold_sql_read" time="0.000" /><testcase classname="tests.integration.test_autonomy_policy_matrix" name="test_permission_policy_uses_arguments_for_prod_deploy" time="0.001" /><testcase classname="tests.integration.test_autonomy_policy_matrix" name="test_permission_policy_uses_arguments_for_bronze_sql_in_delegate" time="0.000" /><testcase classname="tests.integration.test_autonomy_policy_matrix" name="test_permission_policy_uses_action_classifier_for_git_pr" time="0.000" /><testcase classname="tests.integration.test_autonomy_policy_matrix" name="test_permission_policy_uses_unknown_row_for_generic_execute_code" time="0.000" /><testcase classname="tests.unit.domain.test_authority_mode.TestAuthorityMode" name="test_blocks_external_writes_for_shadow_and_freeze_only" time="0.001" /><testcase classname="tests.unit.domain.test_authority_mode.TestAuthorityMode" name="test_legacy_modes_map_to_phase_zero_authority" time="0.000" /><testcase classname="tests.unit.domain.test_authority_mode.TestAuthorityMode" name="test_transition_requirement_captures_upgrade_gates" time="0.000" /><testcase classname="tests.unit.domain.test_audience_persona.TestAudiencePersona" name="test_legacy_mode_defaults_match_phase_zero_mapping" time="0.001" /><testcase classname="tests.unit.domain.test_audience_persona.TestAudiencePersona" name="test_executive_profile_defaults_to_exec_brief_outputs" time="0.000" /><testcase classname="tests.unit.domain.test_audience_persona.TestAudiencePersona" name="test_auditor_profile_carries_lineage_and_policy_language" time="0.000" /><testcase classname="tests.unit.domain.test_mission_pack" name="test_mission_pack_coerces_default_authority_and_audience" time="0.000" /><testcase classname="tests.unit.domain.test_mission_pack" name="test_mission_pack_requires_boundary_and_required_lists" time="0.001" /><testcase classname="tests.unit.domain.test_mission_pack" name="test_mission_pack_rejects_blank_required_artifacts" time="0.001" /><testcase classname="tests.unit.domain.test_mission_pack" name="test_mission_pack_policy_override_returns_mission_local_verdict" time="0.001" /><testcase classname="tests.unit.domain.test_mission_pack" name="test_mission_pack_boundary_checks_action_class_and_domain" time="0.001" /><testcase classname="tests.unit.domain.test_mission_pack" name="test_mission_pack_certification_spec_is_available" time="0.001" /><testcase classname="tests.unit.skills.test_mission_pack_loader.TestMissionPackLoader" name="test_loads_bundled_weekly_kpi_triage" time="0.008" /><testcase classname="tests.unit.skills.test_mission_pack_loader.TestMissionPackLoader" name="test_rejects_invalid_name" time="0.001" /><testcase classname="tests.unit.skills.test_mission_pack_loader.TestMissionPackLoader" name="test_invalid_yaml_raises_value_error" time="0.018" /><testcase classname="tests.unit.application.test_audience_renderer" name="test_audience_renderer_builds_persona_prompt_and_exports" time="0.015" /><testcase classname="tests.unit.application.test_audience_renderer" name="test_audience_renderer_rejects_invalid_narrative_payload" time="0.003" /><testcase classname="tests.unit.application.test_audience_renderer" name="test_audience_renderer_supports_real_pptx_exporter" time="0.081" /><testcase classname="tests.unit.presentation.test_prompt_sections_authority_and_audience.TestPromptSections" name="test_build_authority_section_for_delegate" time="0.001" /><testcase classname="tests.unit.presentation.test_prompt_sections_authority_and_audience.TestPromptSections" name="test_build_audience_section_for_executive" time="0.001" /><testcase classname="tests.unit.presentation.test_prompt_sections_authority_and_audience.TestPromptSections" name="test_prompt_builder_injects_authority_and_audience_from_legacy_mode" time="0.001" /><testcase classname="tests.unit.presentation.test_prompt_mission_section" name="test_build_mission_section_renders_boundary_and_artifacts" time="0.001" /><testcase classname="tests.unit.presentation.test_prompt_mission_section" name="test_build_missing_mission_section_is_conservative" time="0.001" /><testcase classname="tests.unit.domain.test_certification_spec" name="test_certification_spec_evaluates_unmet_requirements" time="0.001" /><testcase classname="tests.unit.domain.test_certification_spec" name="test_certification_record_requires_at_least_one_approver" time="0.001" /><testcase classname="tests.integration.infrastructure.test_sqlite_certification_store" name="test_sqlite_certification_store_round_trip" time="0.089" /><testcase classname="tests.unit.application.test_submit_certification" name="test_submit_certification_returns_pending_when_gaps_exist" time="0.004" /><testcase classname="tests.unit.application.test_submit_certification" name="test_submit_certification_waits_for_required_owner_approvals" time="0.001" /><testcase classname="tests.unit.application.test_submit_certification" name="test_submit_certification_persists_record_when_requirements_are_met" time="0.001" /><testcase classname="tests.unit.application.test_submit_certification" name="test_status_use_case_combines_yaml_level_and_store_level" time="0.001" /><testcase classname="tests.unit.presentation.test_certification_presenters" name="test_render_certification_status_includes_levels_and_gaps" time="0.001" /><testcase classname="tests.unit.presentation.test_certification_presenters" name="test_render_certification_submission_includes_approval_summary" time="0.001" /><testcase classname="tests.unit.infrastructure.test_certification_cli" name="test_certification_status_renders_summary" time="0.100" /><testcase classname="tests.unit.infrastructure.test_certification_cli" name="test_certification_submit_persists_autopilot_record" time="0.100" /><testcase classname="tests.unit.infrastructure.test_certification_api_routes" name="test_list_certification_statuses_returns_available_missions" time="0.211" /><testcase classname="tests.unit.infrastructure.test_certification_api_routes" name="test_get_certification_status_route_returns_snapshot" time="0.174" /><testcase classname="tests.unit.infrastructure.test_certification_api_routes" name="test_submit_certification_route_persists_record" time="0.214" /><testcase classname="tests.unit.infrastructure.test_certification_api_routes" name="test_submit_certification_route_returns_not_found_for_unknown_mission" time="0.106" /><testcase classname="tests.integration.test_mission_boundary_enforcement" name="test_permission_hook_allows_delegate_jira_inside_mission_override" time="0.010" /><testcase classname="tests.integration.test_mission_boundary_enforcement" name="test_permission_hook_denies_out_of_boundary_prod_deploy" time="0.005" /></testsuite></testsuites>