<?xml version="1.0" encoding="utf-8"?><testsuites name="pytest tests"><testsuite name="pytest" errors="0" failures="0" skipped="0" tests="40" time="3.996" timestamp="2026-04-17T10:27:06.042716+09:00" hostname="WIN-LD9DCRP3E9N"><testcase classname="tests.unit.evaluation.application.test_build_regression_board" name="test_build_regression_board_uses_frozen_baseline_for_alerts" time="0.002" /><testcase classname="tests.unit.evaluation.application.test_build_regression_board" name="test_freeze_regression_baseline_persists_recent_window_summary" time="0.001" /><testcase classname="tests.unit.evaluation.application.test_dispatch_regression_alerts" name="test_dispatch_regression_alerts_filters_channels" time="0.000" /><testcase classname="tests.unit.evaluation.application.test_dispatch_regression_alerts" name="test_dispatch_regression_alerts_skips_delivery_when_no_alerts" time="0.000" /><testcase classname="tests.unit.evaluation.application.test_dispatch_regression_alerts" name="test_dispatch_regression_alerts_skips_unchanged_fingerprint" time="0.001" /><testcase classname="tests.unit.evaluation.application.test_ingest_human_rubric" name="test_ingest_human_rubric_persists_and_overrides_scores" time="0.001" /><testcase classname="tests.unit.evaluation.application.test_resolve_review_sampling" name="test_resolve_review_sampling_persists_stable_decision" time="0.034" /><testcase classname="tests.unit.evaluation.application.test_resolve_review_sampling" name="test_resolve_review_sampling_respects_extreme_target_rates" time="0.025" /><testcase classname="tests.unit.evaluation.application.test_run_eval_batch" name="test_run_eval_batch_scores_and_persists_reports" time="0.001" /><testcase classname="tests.unit.evaluation.application.test_run_shadow_comparison" name="test_run_shadow_comparison_scores_both_paths_and_persists_comparison" time="0.001" /><testcase classname="tests.unit.evaluation.domain.test_gold_task" name="test_gold_task_accepts_valid_payload" time="0.000" /><testcase classname="tests.unit.evaluation.domain.test_gold_task" name="test_gold_task_rejects_weight_sum_not_equal_to_one" time="0.000" /><testcase classname="tests.unit.evaluation.domain.test_gold_task" name="test_gold_task_rejects_pass_threshold_below_alert" time="0.001" /><testcase classname="tests.unit.evaluation.infrastructure.test_agent_eval_orchestrator" name="test_agent_eval_orchestrator_executes_agent_and_rebuilds_eval_run" time="0.925" /><testcase classname="tests.unit.evaluation.infrastructure.test_alerting_adapter" name="test_slack_regression_alert_notifier_builds_blocks_and_returns_delivery" time="0.001" /><testcase classname="tests.unit.evaluation.infrastructure.test_alerting_adapter" name="test_teams_regression_alert_notifier_builds_message_card_payload" time="0.000" /><testcase classname="tests.unit.evaluation.infrastructure.test_default_scorers" name="test_each_default_scorer_rewards_good_run" time="0.001" /><testcase classname="tests.unit.evaluation.infrastructure.test_default_scorers" name="test_weighted_score_passes_good_run_and_fails_bad_run" time="0.001" /><testcase classname="tests.unit.evaluation.infrastructure.test_default_scorers" name="test_operator_satisfaction_proxy_uses_recovery_context" time="0.001" /><testcase classname="tests.unit.evaluation.infrastructure.test_default_scorers" name="test_score_run_honors_human_rubric_overrides" time="0.001" /><testcase classname="tests.unit.evaluation.infrastructure.test_production_task_adapter" name="test_production_task_adapter_builds_task_and_enriches_run" time="0.001" /><testcase classname="tests.unit.evaluation.infrastructure.test_session_trace_reader" name="test_session_trace_reader_reconstructs_latest_turn" time="0.070" /><testcase classname="tests.unit.evaluation.infrastructure.test_session_trace_reader" name="test_session_trace_reader_uses_persisted_run_registry_for_timing" time="0.052" /><testcase classname="tests.unit.evaluation.infrastructure.test_session_trace_reader" name="test_session_trace_reader_stitches_checkpoint_goal_and_task_context" time="0.109" /><testcase classname="tests.unit.evaluation.infrastructure.test_session_trace_reader" name="test_session_trace_reader_loads_latest_human_rubric" time="0.052" /><testcase classname="tests.unit.evaluation.infrastructure.test_session_trace_reader" name="test_session_trace_reader_loads_review_sampling_metadata" time="0.049" /><testcase classname="tests.unit.evaluation.integration.test_runtime_event_persistence" name="test_foreground_run_persists_started_and_completed_runtime_events" time="0.386" /><testcase classname="tests.unit.evaluation.presentation.test_scorecard_payload" name="test_build_run_scorecard_payload_preserves_recovery_context" time="0.001" /><testcase classname="tests.unit.evaluation.presentation.test_scorecard_payload" name="test_build_run_scorecard_payload_includes_latest_shadow_summary" time="0.001" /><testcase classname="tests.unit.evaluation.presentation.test_scorecard_payload" name="test_build_run_scorecard_payload_includes_review_sampling_summary" time="0.000" /><testcase classname="tests.integration.evaluation.infrastructure.test_eval_cli_board" name="test_eval_cli_board_freezes_baseline_and_builds_snapshot" time="0.084" /><testcase classname="tests.integration.evaluation.infrastructure.test_eval_cli_board_send_alerts" name="test_eval_cli_board_send_alerts_dispatches_configured_channels" time="0.040" /><testcase classname="tests.integration.evaluation.infrastructure.test_eval_cli_board_snapshot" name="test_eval_cli_board_snapshot_renders_json_payload" time="0.025" /><testcase classname="tests.integration.evaluation.infrastructure.test_eval_cli_ingest_human" name="test_eval_cli_ingest_human_scores_and_persists_rubric" time="0.098" /><testcase classname="tests.integration.evaluation.infrastructure.test_eval_cli_ingest_session" name="test_eval_cli_ingest_session_scores_persisted_session" time="0.123" /><testcase classname="tests.integration.evaluation.infrastructure.test_eval_cli_run_agent" name="test_eval_cli_run_supports_agent_runner" time="0.263" /><testcase classname="tests.integration.evaluation.infrastructure.test_eval_cli_run_agent" name="test_eval_cli_run_keeps_directory_runner_path" time="0.037" /><testcase classname="tests.integration.evaluation.infrastructure.test_eval_cli_shadow_session" name="test_eval_cli_shadow_session_runs_shadow_and_persists_comparison" time="0.297" /><testcase classname="tests.integration.evaluation.infrastructure.test_eval_cli_with_candidate" name="test_eval_cli_run_with_candidate_promotes_pending_skill" time="0.062" /><testcase classname="tests.integration.evaluation.infrastructure.test_gold_task_loader" name="test_gold_task_loader_reads_bundled_suite" time="0.020" /></testsuite></testsuites>