<?xml version="1.0" encoding="utf-8"?><testsuites name="pytest tests"><testsuite name="pytest" errors="0" failures="0" skipped="0" tests="273" time="7.742" timestamp="2026-04-17T05:07:39.812142+09:00" hostname="WIN-LD9DCRP3E9N"><testcase classname="tests.integration.test_all_tools_registered.TestAllToolsRegistered" name="test_all_expected_tools_present" time="0.002" /><testcase classname="tests.integration.test_all_tools_registered.TestAllToolsRegistered" name="test_total_tool_count" time="0.001" /><testcase classname="tests.integration.test_all_tools_registered.TestAllToolsRegistered" name="test_all_schemas_valid" time="0.001" /><testcase classname="tests.integration.test_all_tools_registered.TestAllToolsRegistered" name="test_ds_analysis_tools" time="0.001" /><testcase classname="tests.integration.test_all_tools_registered.TestAllToolsRegistered" name="test_ds_modeling_tools" time="0.001" /><testcase classname="tests.integration.test_all_tools_registered.TestAllToolsRegistered" name="test_utility_tools" time="0.001" /><testcase classname="tests.integration.test_registry_with_tools.TestRegistryWithRealTools" name="test_all_core_tools_registered" time="0.001" /><testcase classname="tests.integration.test_registry_with_tools.TestRegistryWithRealTools" name="test_schemas_valid_openai_format" time="0.001" /><testcase classname="tests.integration.test_registry_with_tools.TestRegistryWithRealTools" name="test_ds_category_filter" time="0.001" /><testcase classname="tests.integration.test_registry_with_tools.TestRegistryWithRealTools" name="test_dispatch_execute_code" time="0.749" /><testcase classname="tests.integration.test_registry_with_tools.TestRegistryWithRealTools" name="test_dispatch_read_file" time="0.023" /><testcase classname="tests.integration.test_registry_with_tools.TestRegistryWithRealTools" name="test_dispatch_write_file" time="0.009" /><testcase classname="tests.integration.test_registry_with_tools.TestRegistryWithRealTools" name="test_dispatch_list_files" time="0.008" /><testcase classname="tests.e2e.test_ws_e2e.TestConfigRpcE2E" name="test_config_get" time="0.132" /><testcase classname="tests.e2e.test_ws_e2e.TestConfigRpcE2E" name="test_config_set_and_verify" time="0.089" /><testcase classname="tests.e2e.test_ws_e2e.TestConfigRpcE2E" name="test_config_set_invalid_path" time="0.175" /><testcase classname="tests.e2e.test_ws_e2e.TestFilesRpcE2E" name="test_files_list_empty" time="0.090" /><testcase classname="tests.e2e.test_ws_e2e.TestFilesRpcE2E" name="test_files_list_with_data" time="0.099" /><testcase classname="tests.e2e.test_ws_e2e.TestFilesRpcE2E" name="test_files_preview_csv" time="0.734" /><testcase classname="tests.e2e.test_ws_e2e.TestFilesRpcE2E" name="test_files_preview_text" time="0.116" /><testcase classname="tests.e2e.test_ws_e2e.TestFilesRpcE2E" name="test_files_preview_excel_with_sheet_options" time="0.716" /><testcase classname="tests.e2e.test_ws_e2e.TestFilesRpcE2E" name="test_files_preview_traversal_rejected" time="0.091" /><testcase classname="tests.e2e.test_ws_e2e.TestFilesRpcE2E" name="test_files_delete_removes_file" time="0.092" /><testcase classname="tests.e2e.test_ws_e2e.TestFilesRpcE2E" name="test_files_delete_traversal_rejected" time="0.084" /><testcase classname="tests.e2e.test_ws_e2e.TestFilesRpcE2E" name="test_files_delete_missing_file" time="0.753" /><testcase classname="tests.e2e.test_ws_e2e.TestConnectorRpcE2E" name="test_connector_save_list_delete_round_trip" time="0.106" /><testcase classname="tests.e2e.test_ws_e2e.TestConnectorRpcE2E" name="test_connector_test_uses_read_only_probe" time="0.103" /><testcase classname="tests.e2e.test_ws_e2e.TestChatE2E" name="test_chat_send_returns_session_and_done" time="0.249" /><testcase classname="tests.e2e.test_ws_e2e.TestChatE2E" name="test_chat_history_after_send" time="0.145" /><testcase classname="tests.e2e.test_ws_e2e.TestStatusRpcE2E" name="test_status_get" time="0.087" /><testcase classname="tests.e2e.test_ws_e2e.TestProviderRpcE2E" name="test_provider_health" time="0.085" /><testcase classname="tests.e2e.test_ws_e2e.TestErrorHandlingE2E" name="test_unknown_method" time="0.082" /><testcase classname="tests.e2e.test_ws_e2e.TestErrorHandlingE2E" name="test_invalid_type" time="0.094" /><testcase classname="tests.unit.infrastructure.test_config.TestDSAgentConfig" name="test_default_config" time="0.002" /><testcase classname="tests.unit.infrastructure.test_config.TestDSAgentConfig" name="test_custom_config" time="0.001" /><testcase classname="tests.unit.infrastructure.test_config.TestDSAgentConfig" name="test_mode_values" time="0.001" /><testcase classname="tests.unit.infrastructure.test_config.TestDSAgentConfig" name="test_connector_settings_are_parsed" time="0.001" /><testcase classname="tests.unit.infrastructure.test_config.TestConfigLoader" name="test_default_config_path_uses_env_override" time="0.004" /><testcase classname="tests.unit.infrastructure.test_config.TestConfigLoader" name="test_load_from_yaml" time="0.019" /><testcase classname="tests.unit.infrastructure.test_config.TestConfigLoader" name="test_load_defaults_when_no_file" time="0.003" /><testcase classname="tests.unit.infrastructure.test_config.TestConfigLoader" name="test_env_override" time="0.003" /><testcase classname="tests.unit.infrastructure.test_config.TestConfigLoader" name="test_env_override_observability" time="0.003" /><testcase classname="tests.unit.infrastructure.test_config.TestConfigLoader" name="test_env_override_config_secrets" time="0.003" /><testcase classname="tests.unit.infrastructure.test_config.TestConfigLoader" name="test_save_and_reload" time="0.021" /><testcase classname="tests.unit.infrastructure.test_config.TestConfigLoader" name="test_save_and_reload_connectors" time="0.027" /><testcase classname="tests.unit.infrastructure.test_config.TestConfigLoader" name="test_load_migrates_plaintext_api_keys_out_of_yaml" time="0.034" /><testcase classname="tests.unit.infrastructure.test_config.TestConfigLoader" name="test_save_config_omits_plaintext_config_secrets" time="0.016" /><testcase classname="tests.unit.infrastructure.test_config.TestConfigLoader" name="test_load_migrates_plaintext_config_secrets_out_of_yaml" time="0.035" /><testcase classname="tests.unit.infrastructure.test_config.TestConfigLoader" name="test_load_current_schema_is_idempotent" time="0.018" /><testcase classname="tests.unit.infrastructure.test_config.TestConfigLoader" name="test_load_migrates_legacy_connector_shape_to_options" time="0.029" /><testcase classname="tests.unit.infrastructure.test_config.TestConfigLoader" name="test_load_migrates_v3_observability_defaults" time="0.028" /><testcase classname="tests.unit.infrastructure.test_config.TestValidateAssignment" name="test_agent_mode_rejects_invalid_literal" time="0.001" /><testcase classname="tests.unit.infrastructure.test_config.TestValidateAssignment" name="test_agent_mode_accepts_valid_literal" time="0.001" /><testcase classname="tests.unit.infrastructure.test_config.TestValidateAssignment" name="test_agent_max_iterations_rejects_string" time="0.001" /><testcase classname="tests.unit.infrastructure.test_config.TestValidateAssignment" name="test_provider_max_budget_rejects_string" time="0.001" /><testcase classname="tests.unit.infrastructure.test_config.TestValidateAssignment" name="test_gateway_port_rejects_string" time="0.001" /><testcase classname="tests.unit.infrastructure.test_config.TestValidateAssignment" name="test_provider_default_model_accepts_string" time="0.001" /><testcase classname="tests.unit.infrastructure.test_config.TestConfigHttpWhitelist" name="test_whitelist_contains_expected_paths" time="0.001" /><testcase classname="tests.unit.infrastructure.test_config.TestConfigHttpWhitelist" name="test_whitelist_blocks_sensitive_paths" time="0.001" /><testcase classname="tests.unit.domain.test_action_class" name="test_catalog_contains_expected_core_entries" time="0.001" /><testcase classname="tests.unit.domain.test_action_class" name="test_read_pii_table_has_pii_sensitivity_and_is_read_only" time="0.001" /><testcase classname="tests.unit.domain.test_action_class" name="test_delete_table_is_irreversible_and_external" time="0.001" /><testcase classname="tests.unit.domain.test_action_class" name="test_unknown_action_class_falls_back_to_conservative_entry" time="0.001" /><testcase classname="tests.unit.domain.test_assumption_log" name="test_high_risk_assumption_defaults_to_unverified" time="0.001" /><testcase classname="tests.unit.domain.test_audience_persona.TestAudiencePersona" name="test_legacy_mode_defaults_match_phase_zero_mapping" time="0.002" /><testcase classname="tests.unit.domain.test_audience_persona.TestAudiencePersona" name="test_executive_profile_defaults_to_exec_brief_outputs" time="0.001" /><testcase classname="tests.unit.domain.test_audience_persona.TestAudiencePersona" name="test_auditor_profile_carries_lineage_and_policy_language" time="0.002" /><testcase classname="tests.unit.domain.test_authority_mode.TestAuthorityMode" name="test_blocks_external_writes_for_shadow_and_freeze_only" time="0.002" /><testcase classname="tests.unit.domain.test_authority_mode.TestAuthorityMode" name="test_legacy_modes_map_to_phase_zero_authority" time="0.001" /><testcase classname="tests.unit.domain.test_authority_mode.TestAuthorityMode" name="test_transition_requirement_captures_upgrade_gates" time="0.001" /><testcase classname="tests.unit.domain.test_budget_policy.TestBudgetPolicy" name="test_default_values" time="0.001" /><testcase classname="tests.unit.domain.test_budget_policy.TestBudgetPolicy" name="test_custom_values" time="0.001" /><testcase classname="tests.unit.domain.test_budget_policy.TestBudgetPolicy" name="test_immutability" time="0.002" /><testcase classname="tests.unit.domain.test_budget_policy.TestBudgetState" name="test_default_state" time="0.001" /><testcase classname="tests.unit.domain.test_budget_policy.TestBudgetState" name="test_mutability" time="0.001" /><testcase classname="tests.unit.domain.test_budget_policy.TestBudgetThresholdEvent" name="test_warning_event" time="0.001" /><testcase classname="tests.unit.domain.test_budget_policy.TestBudgetThresholdEvent" name="test_exhausted_event" time="0.001" /><testcase classname="tests.unit.domain.test_certification_spec" name="test_certification_spec_evaluates_unmet_requirements" time="0.001" /><testcase classname="tests.unit.domain.test_certification_spec" name="test_certification_record_requires_at_least_one_approver" time="0.001" /><testcase classname="tests.unit.domain.test_connector_config.TestConnectorConfig" name="test_valid_config" time="0.001" /><testcase classname="tests.unit.domain.test_connector_config.TestConnectorConfig" name="test_missing_database_raises" time="0.001" /><testcase classname="tests.unit.domain.test_connector_config.TestConnectorConfig" name="test_frozen" time="0.001" /><testcase classname="tests.unit.domain.test_connector_config.TestQuerySpec" name="test_defaults" time="0.001" /><testcase classname="tests.unit.domain.test_connector_config.TestQuerySpec" name="test_timeout_override" time="0.001" /><testcase classname="tests.unit.domain.test_connector_config.TestCostEstimate" name="test_within_limit" time="0.001" /><testcase classname="tests.unit.domain.test_connector_config.TestSqlValidator" name="test_safe_select" time="0.001" /><testcase classname="tests.unit.domain.test_connector_config.TestSqlValidator" name="test_safe_cte" time="0.001" /><testcase classname="tests.unit.domain.test_connector_config.TestSqlValidator" name="test_safe_explain" time="0.001" /><testcase classname="tests.unit.domain.test_connector_config.TestSqlValidator" name="test_blocks_drop" time="0.001" /><testcase classname="tests.unit.domain.test_connector_config.TestSqlValidator" name="test_blocks_insert" time="0.000" /><testcase classname="tests.unit.domain.test_connector_config.TestSqlValidator" name="test_blocks_update" time="0.000" /><testcase classname="tests.unit.domain.test_connector_config.TestSqlValidator" name="test_blocks_delete" time="0.000" /><testcase classname="tests.unit.domain.test_connector_config.TestSqlValidator" name="test_blocks_create" time="0.000" /><testcase classname="tests.unit.domain.test_connector_config.TestSqlValidator" name="test_blocks_truncate" time="0.000" /><testcase classname="tests.unit.domain.test_connector_config.TestSqlValidator" name="test_blocks_grant" time="0.000" /><testcase classname="tests.unit.domain.test_connector_config.TestSqlValidator" name="test_empty_query" time="0.000" /><testcase classname="tests.unit.domain.test_connector_config.TestSqlValidator" name="test_comment_only_query" time="0.000" /><testcase classname="tests.unit.domain.test_connector_config.TestSqlValidator" name="test_blocks_alter" time="0.000" /><testcase classname="tests.unit.domain.test_connector_config.TestSqlValidator" name="test_blocks_merge" time="0.000" /><testcase classname="tests.unit.domain.test_delivery_pack" name="test_delivery_pack_rejects_duplicate_audience_artifacts" time="0.001" /><testcase classname="tests.unit.domain.test_delivery_pack" name="test_delivery_pack_enforces_auditor_policy" time="0.001" /><testcase classname="tests.unit.domain.test_delivery_pack" name="test_delivery_pack_derives_legacy_items_from_rendered_artifacts" time="0.001" /><testcase classname="tests.unit.domain.test_experiment_entity" name="test_experiment_run_to_diffable_projects_structured_config" time="0.001" /><testcase classname="tests.unit.domain.test_external_reference" name="test_idempotency_key_builder_is_stable_and_unique" time="0.001" /><testcase classname="tests.unit.domain.test_external_reference" name="test_external_reference_identity_includes_system_type_and_resource" time="0.001" /><testcase classname="tests.unit.domain.test_feature_entity" name="test_feature_normalizes_string_lists_case_insensitively" time="0.001" /><testcase classname="tests.unit.domain.test_feature_entity" name="test_feature_requires_at_least_one_source_table" time="0.001" /><testcase classname="tests.unit.domain.test_learning_item.TestStateMachine" name="test_transition_table[proposed-under_review-True]" time="0.002" /><testcase classname="tests.unit.domain.test_learning_item.TestStateMachine" name="test_transition_table[proposed-archived-True]" time="0.001" /><testcase classname="tests.unit.domain.test_learning_item.TestStateMachine" name="test_transition_table[proposed-approved-False]" time="0.002" /><testcase classname="tests.unit.domain.test_learning_item.TestStateMachine" name="test_transition_table[proposed-promoted-False]" time="0.003" /><testcase classname="tests.unit.domain.test_learning_item.TestStateMachine" name="test_transition_table[proposed-rejected-False]" time="0.003" /><testcase classname="tests.unit.domain.test_learning_item.TestStateMachine" name="test_transition_table[proposed-monitored-False]" time="0.002" /><testcase classname="tests.unit.domain.test_learning_item.TestStateMachine" name="test_transition_table[under_review-approved-True]" time="0.001" /><testcase classname="tests.unit.domain.test_learning_item.TestStateMachine" name="test_transition_table[under_review-rejected-True]" time="0.001" /><testcase classname="tests.unit.domain.test_learning_item.TestStateMachine" name="test_transition_table[under_review-proposed-False]" time="0.002" /><testcase classname="tests.unit.domain.test_learning_item.TestStateMachine" name="test_transition_table[under_review-promoted-False]" time="0.002" /><testcase classname="tests.unit.domain.test_learning_item.TestStateMachine" name="test_transition_table[approved-promoted-True]" time="0.004" /><testcase classname="tests.unit.domain.test_learning_item.TestStateMachine" name="test_transition_table[approved-archived-True]" time="0.003" /><testcase classname="tests.unit.domain.test_learning_item.TestStateMachine" name="test_transition_table[approved-proposed-False]" time="0.002" /><testcase classname="tests.unit.domain.test_learning_item.TestStateMachine" name="test_transition_table[approved-rejected-False]" time="0.003" /><testcase classname="tests.unit.domain.test_learning_item.TestStateMachine" name="test_transition_table[rejected-proposed-True]" time="0.001" /><testcase classname="tests.unit.domain.test_learning_item.TestStateMachine" name="test_transition_table[rejected-archived-True]" time="0.001" /><testcase classname="tests.unit.domain.test_learning_item.TestStateMachine" name="test_transition_table[rejected-approved-False]" time="0.001" /><testcase classname="tests.unit.domain.test_learning_item.TestStateMachine" name="test_transition_table[rejected-promoted-False]" time="0.001" /><testcase classname="tests.unit.domain.test_learning_item.TestStateMachine" name="test_transition_table[promoted-monitored-True]" time="0.001" /><testcase classname="tests.unit.domain.test_learning_item.TestStateMachine" name="test_transition_table[promoted-deprecated-True]" time="0.001" /><testcase classname="tests.unit.domain.test_learning_item.TestStateMachine" name="test_transition_table[promoted-archived-True]" time="0.001" /><testcase classname="tests.unit.domain.test_learning_item.TestStateMachine" name="test_transition_table[promoted-proposed-False]" time="0.001" /><testcase classname="tests.unit.domain.test_learning_item.TestStateMachine" name="test_transition_table[monitored-promoted-True]" time="0.001" /><testcase classname="tests.unit.domain.test_learning_item.TestStateMachine" name="test_transition_table[monitored-deprecated-True]" time="0.001" /><testcase classname="tests.unit.domain.test_learning_item.TestStateMachine" name="test_transition_table[monitored-archived-True]" time="0.001" /><testcase classname="tests.unit.domain.test_learning_item.TestStateMachine" name="test_transition_table[monitored-proposed-False]" time="0.001" /><testcase classname="tests.unit.domain.test_learning_item.TestStateMachine" name="test_transition_table[deprecated-archived-True]" time="0.001" /><testcase classname="tests.unit.domain.test_learning_item.TestStateMachine" name="test_transition_table[deprecated-proposed-False]" time="0.001" /><testcase classname="tests.unit.domain.test_learning_item.TestStateMachine" name="test_transition_table[deprecated-promoted-False]" time="0.001" /><testcase classname="tests.unit.domain.test_learning_item.TestStateMachine" name="test_transition_table[archived-proposed-False]" time="0.001" /><testcase classname="tests.unit.domain.test_learning_item.TestStateMachine" name="test_transition_table[archived-under_review-False]" time="0.001" /><testcase classname="tests.unit.domain.test_learning_item.TestStateMachine" name="test_transition_table[archived-approved-False]" time="0.001" /><testcase classname="tests.unit.domain.test_learning_item.TestStateMachine" name="test_transition_table[archived-promoted-False]" time="0.001" /><testcase classname="tests.unit.domain.test_learning_item.TestStateMachine" name="test_valid_transition_returns_new_item" time="0.001" /><testcase classname="tests.unit.domain.test_learning_item.TestStateMachine" name="test_forbidden_transition_raises" time="0.001" /><testcase classname="tests.unit.domain.test_learning_item.TestStateMachine" name="test_archived_is_terminal" time="0.001" /><testcase classname="tests.unit.domain.test_learning_item.TestInvariants" name="test_frozen_model" time="0.001" /><testcase classname="tests.unit.domain.test_learning_item.TestInvariants" name="test_required_fields" time="0.001" /><testcase classname="tests.unit.domain.test_learning_item.TestInvariants" name="test_has_unresolved_conflicts" time="0.000" /><testcase classname="tests.unit.domain.test_learning_item.TestInvariants" name="test_no_unresolved_conflicts" time="0.000" /><testcase classname="tests.unit.domain.test_learning_item.TestSecondReviewer" name="test_custom_skill_requires_second_reviewer" time="0.000" /><testcase classname="tests.unit.domain.test_learning_item.TestSecondReviewer" name="test_kb_entry_no_second_reviewer" time="0.000" /><testcase classname="tests.unit.domain.test_learning_item.TestSecondReviewer" name="test_unresolved_conflict_requires_second_reviewer" time="0.000" /><testcase classname="tests.unit.domain.test_learning_item.TestEvidence" name="test_evidence_creation" time="0.000" /><testcase classname="tests.unit.domain.test_learning_item.TestEvidence" name="test_source_info_defaults" time="0.000" /><testcase classname="tests.unit.domain.test_messages.TestChatMessage" name="test_system_message" time="0.000" /><testcase classname="tests.unit.domain.test_messages.TestChatMessage" name="test_user_message" time="0.000" /><testcase classname="tests.unit.domain.test_messages.TestChatMessage" name="test_assistant_message_with_tool_calls" time="0.001" /><testcase classname="tests.unit.domain.test_messages.TestChatMessage" name="test_tool_result_message" time="0.000" /><testcase classname="tests.unit.domain.test_messages.TestToolCall" name="test_creation" time="0.001" /><testcase classname="tests.unit.domain.test_messages.TestToolCall" name="test_serialization_roundtrip" time="0.001" /><testcase classname="tests.unit.domain.test_messages.TestToolCall" name="test_empty_arguments" time="0.001" /><testcase classname="tests.unit.domain.test_messages.TestToolResult" name="test_success_result" time="0.001" /><testcase classname="tests.unit.domain.test_messages.TestToolResult" name="test_error_result" time="0.001" /><testcase classname="tests.unit.domain.test_messages.TestUsage" name="test_total_tokens" time="0.001" /><testcase classname="tests.unit.domain.test_messages.TestUsage" name="test_total_tokens_with_reasoning" time="0.001" /><testcase classname="tests.unit.domain.test_messages.TestUsage" name="test_total_tokens_with_cache" time="0.001" /><testcase classname="tests.unit.domain.test_messages.TestUsage" name="test_default_values" time="0.001" /><testcase classname="tests.unit.domain.test_messages.TestLLMResponse" name="test_text_only_response" time="0.001" /><testcase classname="tests.unit.domain.test_messages.TestLLMResponse" name="test_tool_calls_response" time="0.001" /><testcase classname="tests.unit.domain.test_messages.TestLLMResponse" name="test_thinking_response" time="0.001" /><testcase classname="tests.unit.domain.test_messages.TestLLMResponse" name="test_default_values" time="0.001" /><testcase classname="tests.unit.domain.test_mission_pack" name="test_mission_pack_coerces_default_authority_and_audience" time="0.001" /><testcase classname="tests.unit.domain.test_mission_pack" name="test_mission_pack_requires_boundary_and_required_lists" time="0.001" /><testcase classname="tests.unit.domain.test_mission_pack" name="test_mission_pack_rejects_blank_required_artifacts" time="0.001" /><testcase classname="tests.unit.domain.test_mission_pack" name="test_mission_pack_policy_override_returns_mission_local_verdict" time="0.001" /><testcase classname="tests.unit.domain.test_mission_pack" name="test_mission_pack_boundary_checks_action_class_and_domain" time="0.001" /><testcase classname="tests.unit.domain.test_mission_pack" name="test_mission_pack_certification_spec_is_available" time="0.001" /><testcase classname="tests.unit.domain.test_portfolio_entry.TestPortfolioEntryInvariants" name="test_active_requires_run_id" time="0.002" /><testcase classname="tests.unit.domain.test_portfolio_entry.TestPortfolioEntryInvariants" name="test_waiting_requires_condition_id" time="0.002" /><testcase classname="tests.unit.domain.test_portfolio_entry.TestPortfolioEntryInvariants" name="test_waiting_rejects_run_id" time="0.001" /><testcase classname="tests.unit.domain.test_portfolio_entry.TestPortfolioEntryInvariants" name="test_monitoring_requires_metric_ref" time="0.001" /><testcase classname="tests.unit.domain.test_portfolio_entry.TestPortfolioEntryInvariants" name="test_playbook_candidate_requires_ref" time="0.001" /><testcase classname="tests.unit.domain.test_portfolio_entry.TestPortfolioEntryInvariants" name="test_valid_active_entry" time="0.001" /><testcase classname="tests.unit.domain.test_portfolio_entry.TestPortfolioTransitions" name="test_active_to_waiting" time="0.001" /><testcase classname="tests.unit.domain.test_portfolio_entry.TestPortfolioTransitions" name="test_active_to_completed" time="0.001" /><testcase classname="tests.unit.domain.test_portfolio_entry.TestPortfolioTransitions" name="test_waiting_to_active" time="0.001" /><testcase classname="tests.unit.domain.test_portfolio_entry.TestPortfolioTransitions" name="test_completed_cannot_go_active" time="0.001" /><testcase classname="tests.unit.domain.test_portfolio_entry.TestPortfolioTransitions" name="test_monitoring_cannot_go_waiting" time="0.001" /><testcase classname="tests.unit.domain.test_portfolio_entry.TestPortfolioTransitions" name="test_forbidden_transition_raises" time="0.001" /><testcase classname="tests.unit.domain.test_portfolio_entry.TestBusinessPriority" name="test_sla_hours" time="0.001" /><testcase classname="tests.unit.domain.test_portfolio_entry.TestPortfolioTransitionModel" name="test_transition_record" time="0.001" /><testcase classname="tests.unit.domain.test_portfolio_entry.TestWaitCondition" name="test_timer_creation" time="0.001" /><testcase classname="tests.unit.domain.test_portfolio_entry.TestWaitCondition" name="test_satisfied_check" time="0.001" /><testcase classname="tests.unit.domain.test_portfolio_entry.TestWaitCondition" name="test_overdue" time="0.001" /><testcase classname="tests.unit.domain.test_portfolio_entry.TestWaitCondition" name="test_with_check_result" time="0.001" /><testcase classname="tests.unit.domain.test_review_artifact" name="test_build_review_artifact_validates_payload_by_skill" time="0.001" /><testcase classname="tests.unit.domain.test_review_verdict" name="test_confidence_band_derives_grade_from_score[0.8-high]" time="0.001" /><testcase classname="tests.unit.domain.test_review_verdict" name="test_confidence_band_derives_grade_from_score[0.5-medium]" time="0.001" /><testcase classname="tests.unit.domain.test_review_verdict" name="test_confidence_band_derives_grade_from_score[0.2-low]" time="0.001" /><testcase classname="tests.unit.domain.test_review_verdict" name="test_confidence_band_derives_grade_from_score[0.19-insufficient]" time="0.001" /><testcase classname="tests.unit.domain.test_review_verdict" name="test_confidence_band_rejects_explicit_grade_mismatch" time="0.001" /><testcase classname="tests.unit.domain.test_review_verdict" name="test_review_verdict_keeps_legacy_shape_compatible" time="0.001" /><testcase classname="tests.unit.domain.test_review_verdict" name="test_review_verdict_derives_overall_from_layers" time="0.001" /><testcase classname="tests.unit.domain.test_sandbox_policy.TestSandboxPolicyPaths" name="test_workspace_root_allowed" time="0.005" /><testcase classname="tests.unit.domain.test_sandbox_policy.TestSandboxPolicyPaths" name="test_file_inside_workspace_allowed" time="0.006" /><testcase classname="tests.unit.domain.test_sandbox_policy.TestSandboxPolicyPaths" name="test_nested_file_inside_workspace_allowed" time="0.006" /><testcase classname="tests.unit.domain.test_sandbox_policy.TestSandboxPolicyPaths" name="test_outside_workspace_denied" time="0.007" /><testcase classname="tests.unit.domain.test_sandbox_policy.TestSandboxPolicyPaths" name="test_path_traversal_blocked" time="0.007" /><testcase classname="tests.unit.domain.test_sandbox_policy.TestSandboxPolicyPaths" name="test_data_dir_read_allowed" time="0.009" /><testcase classname="tests.unit.domain.test_sandbox_policy.TestSandboxPolicyPaths" name="test_data_dir_write_denied" time="0.007" /><testcase classname="tests.unit.domain.test_sandbox_policy.TestSandboxPolicyPaths" name="test_data_dir_readwrite_denied" time="0.008" /><testcase classname="tests.unit.domain.test_sandbox_policy.TestSandboxPolicyHosts" name="test_empty_allowlist_denies_everything" time="0.006" /><testcase classname="tests.unit.domain.test_sandbox_policy.TestSandboxPolicyHosts" name="test_exact_host_match" time="0.005" /><testcase classname="tests.unit.domain.test_sandbox_policy.TestSandboxPolicyHosts" name="test_subdomain_match" time="0.004" /><testcase classname="tests.unit.domain.test_sandbox_policy.TestSandboxPolicyHosts" name="test_unrelated_host_denied" time="0.004" /><testcase classname="tests.unit.domain.test_sandbox_policy.TestSandboxPolicyHosts" name="test_substring_attack_denied" time="0.004" /><testcase classname="tests.unit.domain.test_sandbox_policy.TestSandboxPolicyHosts" name="test_case_insensitive" time="0.004" /><testcase classname="tests.unit.domain.test_sandbox_policy.TestSandboxPolicyHosts" name="test_empty_host" time="0.005" /><testcase classname="tests.unit.domain.test_sandbox_policy.TestSandboxViolation" name="test_summary_blocked" time="0.001" /><testcase classname="tests.unit.domain.test_sandbox_policy.TestSandboxViolation" name="test_summary_allowed" time="0.001" /><testcase classname="tests.unit.domain.test_sandbox_policy.TestSandboxExecutionResult" name="test_success_no_violations" time="0.001" /><testcase classname="tests.unit.domain.test_sandbox_policy.TestSandboxExecutionResult" name="test_nonzero_exit_not_success" time="0.001" /><testcase classname="tests.unit.domain.test_sandbox_policy.TestSandboxExecutionResult" name="test_blocked_violation_not_success" time="0.001" /><testcase classname="tests.unit.domain.test_sandbox_policy.TestSandboxExecutionResult" name="test_allowed_violation_still_success" time="0.001" /><testcase classname="tests.unit.domain.test_semantic_glossary" name="test_glossary_term_normalizes_variants" time="0.001" /><testcase classname="tests.unit.domain.test_semantic_metric" name="test_metric_normalizes_string_lists" time="0.001" /><testcase classname="tests.unit.domain.test_semantic_metric" name="test_metric_rejects_descending_typical_range" time="0.001" /><testcase classname="tests.unit.domain.test_semantic_metric" name="test_metric_requires_version_at_least_one" time="0.001" /><testcase classname="tests.unit.domain.test_semantic_org_context" name="test_calendar_event_requires_non_reversed_range" time="0.001" /><testcase classname="tests.unit.domain.test_semantic_org_context" name="test_negative_knowledge_requires_distinct_corrective_path" time="0.001" /><testcase classname="tests.unit.domain.test_semantic_proposal" name="test_pending_proposal_can_be_approved" time="0.001" /><testcase classname="tests.unit.domain.test_semantic_proposal" name="test_pending_proposal_cannot_auto_apply_without_eligibility" time="0.001" /><testcase classname="tests.unit.domain.test_semantic_proposal" name="test_reviewed_status_requires_review_metadata" time="0.001" /><testcase classname="tests.unit.domain.test_semantic_trust" name="test_untrusted_cannot_jump_directly_to_gold" time="0.001" /><testcase classname="tests.unit.domain.test_semantic_trust" name="test_table_trust_allows_one_step_promotion" time="0.001" /><testcase classname="tests.unit.domain.test_semantic_verified_query" name="test_verified_query_accepts_matching_placeholders" time="0.001" /><testcase classname="tests.unit.domain.test_semantic_verified_query" name="test_verified_query_rejects_placeholder_mismatch" time="0.001" /><testcase classname="tests.unit.domain.test_standing_order.TestStandingOrder" name="test_cron_order_is_valid" time="0.001" /><testcase classname="tests.unit.domain.test_standing_order.TestStandingOrder" name="test_event_trigger_matches_suffix_filter" time="0.001" /><testcase classname="tests.unit.domain.test_standing_order.TestStandingOrder" name="test_escalation_rule_triggers" time="0.001" /><testcase classname="tests.unit.domain.test_standing_order.TestStandingOrder" name="test_invalid_order_requires_prompt" time="0.001" /><testcase classname="tests.unit.domain.test_task_contract_entity" name="test_invalid_task_id_pattern_raises" time="0.001" /><testcase classname="tests.unit.domain.test_task_contract_entity" name="test_empty_deliverables_raise" time="0.001" /><testcase classname="tests.unit.domain.test_task_contract_entity" name="test_authority_audience_and_mission_are_coerced" time="0.001" /><testcase classname="tests.unit.domain.test_task_contract_entity" name="test_definition_of_done_accepts_verifier_requirements" time="0.001" /><testcase classname="tests.unit.domain.test_task_contract_state_machine" name="test_illegal_transition_rejected" time="0.001" /><testcase classname="tests.unit.domain.test_task_contract_state_machine" name="test_in_progress_to_review_requires_verdicts" time="0.001" /><testcase classname="tests.unit.domain.test_task_contract_state_machine" name="test_review_to_in_progress_allows_reopen" time="0.001" /><testcase classname="tests.unit.domain.test_task_contract_state_machine" name="test_draft_to_abandoned_allows_rejection" time="0.001" /><testcase classname="tests.unit.domain.test_task_contract_state_machine" name="test_review_to_closed_requires_delivery_and_no_fails" time="0.001" /><testcase classname="tests.unit.domain.test_task_contract_state_machine" name="test_close_uses_latest_orchestrator_verdict_for_verifier_gates" time="0.001" /><testcase classname="tests.unit.domain.test_task_contract_state_machine" name="test_close_rejects_missing_verifier_confidence_when_required" time="0.001" /><testcase classname="tests.unit.domain.test_task_graph.TestTaskNode" name="test_default_state" time="0.001" /><testcase classname="tests.unit.domain.test_task_graph.TestTaskNode" name="test_lifecycle" time="0.001" /><testcase classname="tests.unit.domain.test_task_graph.TestTaskNode" name="test_fail_and_retry" time="0.001" /><testcase classname="tests.unit.domain.test_task_graph.TestTaskNode" name="test_skip" time="0.001" /><testcase classname="tests.unit.domain.test_task_graph.TestTaskNode" name="test_reset" time="0.001" /><testcase classname="tests.unit.domain.test_task_graph.TestTaskGraphBasic" name="test_add_node_and_edge" time="0.001" /><testcase classname="tests.unit.domain.test_task_graph.TestTaskGraphBasic" name="test_add_edge_invalid_node" time="0.001" /><testcase classname="tests.unit.domain.test_task_graph.TestTaskGraphBasic" name="test_get_ready_nodes" time="0.001" /><testcase classname="tests.unit.domain.test_task_graph.TestTaskGraphBasic" name="test_ready_nodes_after_completion" time="0.001" /><testcase classname="tests.unit.domain.test_task_graph.TestTaskGraphBasic" name="test_parallel_ready_nodes" time="0.001" /><testcase classname="tests.unit.domain.test_task_graph.TestTaskGraphConditionalEdge" name="test_conditional_edge" time="0.002" /><testcase classname="tests.unit.domain.test_task_graph.TestTaskGraphConditionalEdge" name="test_conditional_edge_not_triggered" time="0.001" /><testcase classname="tests.unit.domain.test_task_graph.TestTaskGraphRewind" name="test_rewind_resets_downstream" time="0.001" /><testcase classname="tests.unit.domain.test_task_graph.TestTaskGraphRewind" name="test_rewind_invalid_node" time="0.002" /><testcase classname="tests.unit.domain.test_task_graph.TestTaskGraphBranching" name="test_experiment_branching" time="0.001" /><testcase classname="tests.unit.domain.test_task_graph.TestTaskGraphBranching" name="test_get_best_branch" time="0.001" /><testcase classname="tests.unit.domain.test_task_graph.TestTaskGraphLinear" name="test_from_linear_stages" time="0.001" /><testcase classname="tests.unit.domain.test_task_graph.TestTaskGraphCompleteness" name="test_completeness" time="0.001" /><testcase classname="tests.unit.domain.test_task_graph.TestTaskGraphSerialization" name="test_to_dict" time="0.001" /><testcase classname="tests.unit.domain.test_verifier_ports" name="test_verifier_ports_are_runtime_checkable" time="0.001" /><testcase classname="tests.unit.domain.test_work_object" name="test_work_object_phase_transitions_and_timestamps" time="0.001" /><testcase classname="tests.unit.domain.test_work_object" name="test_work_object_rejects_invalid_transition" time="0.001" /><testcase classname="tests.unit.domain.test_work_object" name="test_work_object_requires_completed_follow_up_before_close" time="0.001" /></testsuite></testsuites>