<?xml version="1.0" encoding="utf-8"?><testsuites name="pytest tests"><testsuite name="pytest" errors="0" failures="0" skipped="0" tests="12" time="2.784" timestamp="2026-04-17T05:07:30.217301+09:00" hostname="WIN-LD9DCRP3E9N"><testcase classname="tests.unit.infrastructure.test_cli_main.TestImportTools" name="test_import_tools_no_crash" time="0.020" /><testcase classname="tests.unit.infrastructure.test_telegram_runner.TestTelegramImportTools" name="test_import_tools_does_not_crash" time="1.541" /><testcase classname="tests.unit.infrastructure.test_tool_registry.TestToolRegistration" name="test_register_tool" time="0.002" /><testcase classname="tests.unit.infrastructure.test_tool_registry.TestToolRegistration" name="test_register_duplicate_raises" time="0.003" /><testcase classname="tests.unit.infrastructure.test_tool_registry.TestToolRegistration" name="test_get_definitions_returns_openai_format" time="0.002" /><testcase classname="tests.unit.infrastructure.test_tool_registry.TestToolRegistration" name="test_list_tools" time="0.001" /><testcase classname="tests.unit.infrastructure.test_tool_registry.TestToolRegistration" name="test_reset_clears_all" time="0.001" /><testcase classname="tests.unit.infrastructure.test_tool_registry.TestToolDispatch" name="test_dispatch_success" time="0.007" /><testcase classname="tests.unit.infrastructure.test_tool_registry.TestToolDispatch" name="test_dispatch_unknown_tool_returns_error" time="0.005" /><testcase classname="tests.unit.infrastructure.test_tool_registry.TestToolDispatch" name="test_dispatch_handler_exception_returns_error" time="0.005" /><testcase classname="tests.unit.infrastructure.test_tool_registry.TestToolDispatch" name="test_dispatch_sync_handler" time="0.004" /><testcase classname="tests.unit.infrastructure.test_tool_registry.TestToolCategories" name="test_category_assignment" time="0.001" /></testsuite></testsuites>