<?xml version="1.0" encoding="utf-8"?><testsuites name="pytest tests"><testsuite name="pytest" errors="0" failures="0" skipped="0" tests="33" time="0.301" timestamp="2026-04-17T10:36:29.884935+09:00" hostname="WIN-LD9DCRP3E9N"><testcase classname="tests.unit.application.test_rollback_atomicity.TestRollbackAtomicity" name="test_use_case_uses_atomic_write" time="0.002" /><testcase classname="tests.unit.application.test_rollback_atomicity.TestRollbackAtomicity" name="test_atomic_failure_raises_and_does_not_split_writes" time="0.001" /><testcase classname="tests.unit.application.test_rollback_atomicity.TestSqliteStoreAtomicity" name="test_port_is_runtime_checkable_on_sqlite_store" time="0.015" /><testcase classname="tests.unit.application.test_rollback_atomicity.TestSqliteStoreAtomicity" name="test_atomic_success_persists_both_rows" time="0.009" /><testcase classname="tests.unit.application.test_rollback_atomicity.TestSqliteStoreAtomicity" name="test_atomic_failure_rolls_back_both_rows" time="0.009" /><testcase classname="tests.unit.application.test_rollback_promotion.TestRollback" name="test_rollback_transitions_to_deprecated" time="0.004" /><testcase classname="tests.unit.application.test_rollback_promotion.TestRollback" name="test_rollback_not_promoted_fails" time="0.001" /><testcase classname="tests.unit.application.test_rollback_promotion.TestRollback" name="test_rollback_no_promotion_record_fails" time="0.001" /><testcase classname="tests.unit.application.test_rollback_promotion.TestRollback" name="test_rollback_not_found" time="0.001" /><testcase classname="tests.unit.application.test_promote_learning_item.TestPromotionGate" name="test_promote_kb_entry_passes" time="0.001" /><testcase classname="tests.unit.application.test_promote_learning_item.TestPromotionGate" name="test_custom_skill_needs_higher_threshold" time="0.001" /><testcase classname="tests.unit.application.test_promote_learning_item.TestPromotionGate" name="test_custom_skill_passes_at_1_02" time="0.001" /><testcase classname="tests.unit.application.test_promote_learning_item.TestPromotionGate" name="test_unresolved_conflict_blocks" time="0.001" /><testcase classname="tests.unit.application.test_promote_learning_item.TestPromotionGate" name="test_not_approved_fails" time="0.001" /><testcase classname="tests.unit.application.test_promote_learning_item.TestPromotionGate" name="test_not_found" time="0.001" /><testcase classname="tests.unit.application.test_deprecate_learning_item.TestImmediateDeprecation" name="test_immediate_transitions" time="0.001" /><testcase classname="tests.unit.application.test_deprecate_learning_item.TestImmediateDeprecation" name="test_proposed_cannot_deprecate" time="0.001" /><testcase classname="tests.unit.application.test_deprecate_learning_item.TestGraceMode" name="test_grace_sets_deadline" time="0.001" /><testcase classname="tests.unit.application.test_deprecate_learning_item.TestAutoDeprecation" name="test_first_failure_recorded_not_deprecated" time="0.001" /><testcase classname="tests.unit.application.test_deprecate_learning_item.TestAutoDeprecation" name="test_second_failure_triggers_deprecation" time="0.001" /><testcase classname="tests.integration.infrastructure.test_sqlite_learning_store.TestLearningItemCRUD" name="test_save_and_get" time="0.010" /><testcase classname="tests.integration.infrastructure.test_sqlite_learning_store.TestLearningItemCRUD" name="test_get_nonexistent" time="0.009" /><testcase classname="tests.integration.infrastructure.test_sqlite_learning_store.TestLearningItemCRUD" name="test_find_by_signature" time="0.009" /><testcase classname="tests.integration.infrastructure.test_sqlite_learning_store.TestLearningItemCRUD" name="test_find_by_signature_not_found" time="0.009" /><testcase classname="tests.integration.infrastructure.test_sqlite_learning_store.TestLearningItemCRUD" name="test_list_by_status" time="0.009" /><testcase classname="tests.integration.infrastructure.test_sqlite_learning_store.TestLearningItemCRUD" name="test_list_by_type" time="0.008" /><testcase classname="tests.integration.infrastructure.test_sqlite_learning_store.TestLearningItemCRUD" name="test_update_item" time="0.009" /><testcase classname="tests.integration.infrastructure.test_sqlite_learning_store.TestReviewEvents" name="test_save_and_list" time="0.008" /><testcase classname="tests.integration.infrastructure.test_sqlite_learning_store.TestPromotionRecords" name="test_save_and_get" time="0.009" /><testcase classname="tests.integration.infrastructure.test_sqlite_learning_store.TestPromotionRecords" name="test_list_records" time="0.008" /><testcase classname="tests.integration.infrastructure.test_sqlite_learning_store.TestDeprecationRecords" name="test_save_and_get" time="0.008" /><testcase classname="tests.integration.infrastructure.test_sqlite_learning_store.TestDeprecationRecords" name="test_grace_mode" time="0.008" /><testcase classname="tests.integration.infrastructure.test_sqlite_learning_store.TestMigrationIdempotency" name="test_double_init" time="0.032" /></testsuite></testsuites>