<?xml version="1.0" encoding="utf-8"?><testsuites name="pytest tests"><testsuite name="pytest" errors="0" failures="0" skipped="0" tests="145" time="0.722" timestamp="2026-04-17T10:36:39.749639+09:00" hostname="WIN-LD9DCRP3E9N"><testcase classname="tests.unit.domain.test_portfolio_entry.TestPortfolioEntryInvariants" name="test_active_requires_run_id" time="0.001" /><testcase classname="tests.unit.domain.test_portfolio_entry.TestPortfolioEntryInvariants" name="test_waiting_requires_condition_id" time="0.000" /><testcase classname="tests.unit.domain.test_portfolio_entry.TestPortfolioEntryInvariants" name="test_waiting_rejects_run_id" time="0.000" /><testcase classname="tests.unit.domain.test_portfolio_entry.TestPortfolioEntryInvariants" name="test_monitoring_requires_metric_ref" time="0.000" /><testcase classname="tests.unit.domain.test_portfolio_entry.TestPortfolioEntryInvariants" name="test_playbook_candidate_requires_ref" time="0.000" /><testcase classname="tests.unit.domain.test_portfolio_entry.TestPortfolioEntryInvariants" name="test_valid_active_entry" time="0.000" /><testcase classname="tests.unit.domain.test_portfolio_entry.TestPortfolioTransitions" name="test_active_to_waiting" time="0.000" /><testcase classname="tests.unit.domain.test_portfolio_entry.TestPortfolioTransitions" name="test_active_to_completed" time="0.000" /><testcase classname="tests.unit.domain.test_portfolio_entry.TestPortfolioTransitions" name="test_waiting_to_active" time="0.000" /><testcase classname="tests.unit.domain.test_portfolio_entry.TestPortfolioTransitions" name="test_completed_cannot_go_active" time="0.000" /><testcase classname="tests.unit.domain.test_portfolio_entry.TestPortfolioTransitions" name="test_monitoring_cannot_go_waiting" time="0.000" /><testcase classname="tests.unit.domain.test_portfolio_entry.TestPortfolioTransitions" name="test_forbidden_transition_raises" time="0.000" /><testcase classname="tests.unit.domain.test_portfolio_entry.TestBusinessPriority" name="test_sla_hours" time="0.000" /><testcase classname="tests.unit.domain.test_portfolio_entry.TestPortfolioTransitionModel" name="test_transition_record" time="0.000" /><testcase classname="tests.unit.domain.test_portfolio_entry.TestWaitCondition" name="test_timer_creation" time="0.000" /><testcase classname="tests.unit.domain.test_portfolio_entry.TestWaitCondition" name="test_satisfied_check" time="0.000" /><testcase classname="tests.unit.domain.test_portfolio_entry.TestWaitCondition" name="test_overdue" time="0.000" /><testcase classname="tests.unit.domain.test_portfolio_entry.TestWaitCondition" name="test_with_check_result" time="0.000" /><testcase classname="tests.unit.domain.test_learning_item.TestStateMachine" name="test_transition_table[proposed-under_review-True]" time="0.000" /><testcase classname="tests.unit.domain.test_learning_item.TestStateMachine" name="test_transition_table[proposed-archived-True]" time="0.000" /><testcase classname="tests.unit.domain.test_learning_item.TestStateMachine" name="test_transition_table[proposed-approved-False]" time="0.000" /><testcase classname="tests.unit.domain.test_learning_item.TestStateMachine" name="test_transition_table[proposed-promoted-False]" time="0.000" /><testcase classname="tests.unit.domain.test_learning_item.TestStateMachine" name="test_transition_table[proposed-rejected-False]" time="0.000" /><testcase classname="tests.unit.domain.test_learning_item.TestStateMachine" name="test_transition_table[proposed-monitored-False]" time="0.000" /><testcase classname="tests.unit.domain.test_learning_item.TestStateMachine" name="test_transition_table[under_review-approved-True]" time="0.000" /><testcase classname="tests.unit.domain.test_learning_item.TestStateMachine" name="test_transition_table[under_review-rejected-True]" time="0.000" /><testcase classname="tests.unit.domain.test_learning_item.TestStateMachine" name="test_transition_table[under_review-proposed-False]" time="0.000" /><testcase classname="tests.unit.domain.test_learning_item.TestStateMachine" name="test_transition_table[under_review-promoted-False]" time="0.000" /><testcase classname="tests.unit.domain.test_learning_item.TestStateMachine" name="test_transition_table[approved-promoted-True]" time="0.001" /><testcase classname="tests.unit.domain.test_learning_item.TestStateMachine" name="test_transition_table[approved-archived-True]" time="0.001" /><testcase classname="tests.unit.domain.test_learning_item.TestStateMachine" name="test_transition_table[approved-proposed-False]" time="0.000" /><testcase classname="tests.unit.domain.test_learning_item.TestStateMachine" name="test_transition_table[approved-rejected-False]" time="0.000" /><testcase classname="tests.unit.domain.test_learning_item.TestStateMachine" name="test_transition_table[rejected-proposed-True]" time="0.000" /><testcase classname="tests.unit.domain.test_learning_item.TestStateMachine" name="test_transition_table[rejected-archived-True]" time="0.001" /><testcase classname="tests.unit.domain.test_learning_item.TestStateMachine" name="test_transition_table[rejected-approved-False]" time="0.001" /><testcase classname="tests.unit.domain.test_learning_item.TestStateMachine" name="test_transition_table[rejected-promoted-False]" time="0.000" /><testcase classname="tests.unit.domain.test_learning_item.TestStateMachine" name="test_transition_table[promoted-monitored-True]" time="0.000" /><testcase classname="tests.unit.domain.test_learning_item.TestStateMachine" name="test_transition_table[promoted-deprecated-True]" time="0.000" /><testcase classname="tests.unit.domain.test_learning_item.TestStateMachine" name="test_transition_table[promoted-archived-True]" time="0.000" /><testcase classname="tests.unit.domain.test_learning_item.TestStateMachine" name="test_transition_table[promoted-proposed-False]" time="0.000" /><testcase classname="tests.unit.domain.test_learning_item.TestStateMachine" name="test_transition_table[monitored-promoted-True]" time="0.000" /><testcase classname="tests.unit.domain.test_learning_item.TestStateMachine" name="test_transition_table[monitored-deprecated-True]" time="0.000" /><testcase classname="tests.unit.domain.test_learning_item.TestStateMachine" name="test_transition_table[monitored-archived-True]" time="0.000" /><testcase classname="tests.unit.domain.test_learning_item.TestStateMachine" name="test_transition_table[monitored-proposed-False]" time="0.000" /><testcase classname="tests.unit.domain.test_learning_item.TestStateMachine" name="test_transition_table[deprecated-archived-True]" time="0.000" /><testcase classname="tests.unit.domain.test_learning_item.TestStateMachine" name="test_transition_table[deprecated-proposed-False]" time="0.000" /><testcase classname="tests.unit.domain.test_learning_item.TestStateMachine" name="test_transition_table[deprecated-promoted-False]" time="0.000" /><testcase classname="tests.unit.domain.test_learning_item.TestStateMachine" name="test_transition_table[archived-proposed-False]" time="0.000" /><testcase classname="tests.unit.domain.test_learning_item.TestStateMachine" name="test_transition_table[archived-under_review-False]" time="0.000" /><testcase classname="tests.unit.domain.test_learning_item.TestStateMachine" name="test_transition_table[archived-approved-False]" time="0.000" /><testcase classname="tests.unit.domain.test_learning_item.TestStateMachine" name="test_transition_table[archived-promoted-False]" time="0.000" /><testcase classname="tests.unit.domain.test_learning_item.TestStateMachine" name="test_valid_transition_returns_new_item" time="0.000" /><testcase classname="tests.unit.domain.test_learning_item.TestStateMachine" name="test_forbidden_transition_raises" time="0.000" /><testcase classname="tests.unit.domain.test_learning_item.TestStateMachine" name="test_archived_is_terminal" time="0.000" /><testcase classname="tests.unit.domain.test_learning_item.TestInvariants" name="test_frozen_model" time="0.000" /><testcase classname="tests.unit.domain.test_learning_item.TestInvariants" name="test_required_fields" time="0.000" /><testcase classname="tests.unit.domain.test_learning_item.TestInvariants" name="test_has_unresolved_conflicts" time="0.000" /><testcase classname="tests.unit.domain.test_learning_item.TestInvariants" name="test_no_unresolved_conflicts" time="0.000" /><testcase classname="tests.unit.domain.test_learning_item.TestSecondReviewer" name="test_custom_skill_requires_second_reviewer" time="0.000" /><testcase classname="tests.unit.domain.test_learning_item.TestSecondReviewer" name="test_kb_entry_no_second_reviewer" time="0.000" /><testcase classname="tests.unit.domain.test_learning_item.TestSecondReviewer" name="test_unresolved_conflict_requires_second_reviewer" time="0.000" /><testcase classname="tests.unit.domain.test_learning_item.TestEvidence" name="test_evidence_creation" time="0.000" /><testcase classname="tests.unit.domain.test_learning_item.TestEvidence" name="test_source_info_defaults" time="0.000" /><testcase classname="tests.unit.application.test_portfolio_scheduler.TestWaitConditionEvaluator" name="test_timer_satisfied" time="0.001" /><testcase classname="tests.unit.application.test_portfolio_scheduler.TestWaitConditionEvaluator" name="test_timer_not_yet" time="0.000" /><testcase classname="tests.unit.application.test_portfolio_scheduler.TestWaitConditionEvaluator" name="test_timer_missing_spec" time="0.000" /><testcase classname="tests.unit.application.test_portfolio_scheduler.TestWaitConditionEvaluator" name="test_evaluate_all_batch" time="0.000" /><testcase classname="tests.unit.application.test_portfolio_scheduler.TestSlotManager" name="test_available_when_empty" time="0.001" /><testcase classname="tests.unit.application.test_portfolio_scheduler.TestSlotManager" name="test_full_slots_refuse" time="0.001" /><testcase classname="tests.unit.application.test_portfolio_scheduler.TestSlotManager" name="test_partial_slots_allow" time="0.001" /><testcase classname="tests.unit.application.test_portfolio_scheduler.TestPriorityCalculator" name="test_p0_scores_higher_than_p3" time="0.000" /><testcase classname="tests.unit.application.test_portfolio_scheduler.TestPriorityCalculator" name="test_sla_urgency_for_overdue" time="0.000" /><testcase classname="tests.unit.application.test_portfolio_scheduler.TestPortfolioEvaluator" name="test_evaluate_returns_snapshot" time="0.001" /><testcase classname="tests.unit.application.test_portfolio_scheduler.TestPortfolioEvaluator" name="test_evaluator_does_not_transition" time="0.001" /><testcase classname="tests.unit.application.test_learning_inbox.TestPriorityScoring" name="test_max_score_item" time="0.001" /><testcase classname="tests.unit.application.test_learning_inbox.TestPriorityScoring" name="test_min_score_item" time="0.000" /><testcase classname="tests.unit.application.test_learning_inbox.TestPriorityScoring" name="test_sorting_descending" time="0.000" /><testcase classname="tests.unit.application.test_learning_inbox.TestPriorityScoring" name="test_deterministic" time="0.000" /><testcase classname="tests.unit.application.test_learning_inbox.TestFiltering" name="test_default_statuses" time="0.001" /><testcase classname="tests.unit.application.test_learning_inbox.TestFiltering" name="test_type_filter" time="0.000" /><testcase classname="tests.unit.application.test_review_learning_item.TestApproveFlow" name="test_approve_kb_entry_proposed" time="0.001" /><testcase classname="tests.unit.application.test_review_learning_item.TestApproveFlow" name="test_approve_custom_skill_needs_second_review" time="0.001" /><testcase classname="tests.unit.application.test_review_learning_item.TestApproveFlow" name="test_second_approve_promotes_custom_skill" time="0.001" /><testcase classname="tests.unit.application.test_review_learning_item.TestApproveFlow" name="test_approve_with_incomplete_checklist_fails" time="0.001" /><testcase classname="tests.unit.application.test_review_learning_item.TestModifyFlow" name="test_modify_keeps_under_review" time="0.001" /><testcase classname="tests.unit.application.test_review_learning_item.TestRejectFlow" name="test_reject_proposed" time="0.001" /><testcase classname="tests.unit.application.test_review_learning_item.TestRejectFlow" name="test_reject_approved_fails" time="0.001" /><testcase classname="tests.unit.application.test_review_learning_item.TestNotFound" name="test_item_not_found" time="0.001" /><testcase classname="tests.unit.application.test_promote_learning_item.TestPromotionGate" name="test_promote_kb_entry_passes" time="0.001" /><testcase classname="tests.unit.application.test_promote_learning_item.TestPromotionGate" name="test_custom_skill_needs_higher_threshold" time="0.001" /><testcase classname="tests.unit.application.test_promote_learning_item.TestPromotionGate" name="test_custom_skill_passes_at_1_02" time="0.001" /><testcase classname="tests.unit.application.test_promote_learning_item.TestPromotionGate" name="test_unresolved_conflict_blocks" time="0.001" /><testcase classname="tests.unit.application.test_promote_learning_item.TestPromotionGate" name="test_not_approved_fails" time="0.001" /><testcase classname="tests.unit.application.test_promote_learning_item.TestPromotionGate" name="test_not_found" time="0.001" /><testcase classname="tests.unit.application.test_deprecate_learning_item.TestImmediateDeprecation" name="test_immediate_transitions" time="0.001" /><testcase classname="tests.unit.application.test_deprecate_learning_item.TestImmediateDeprecation" name="test_proposed_cannot_deprecate" time="0.001" /><testcase classname="tests.unit.application.test_deprecate_learning_item.TestGraceMode" name="test_grace_sets_deadline" time="0.001" /><testcase classname="tests.unit.application.test_deprecate_learning_item.TestAutoDeprecation" name="test_first_failure_recorded_not_deprecated" time="0.001" /><testcase classname="tests.unit.application.test_deprecate_learning_item.TestAutoDeprecation" name="test_second_failure_triggers_deprecation" time="0.001" /><testcase classname="tests.unit.application.test_rollback_promotion.TestRollback" name="test_rollback_transitions_to_deprecated" time="0.001" /><testcase classname="tests.unit.application.test_rollback_promotion.TestRollback" name="test_rollback_not_promoted_fails" time="0.001" /><testcase classname="tests.unit.application.test_rollback_promotion.TestRollback" name="test_rollback_no_promotion_record_fails" time="0.001" /><testcase classname="tests.unit.application.test_rollback_promotion.TestRollback" name="test_rollback_not_found" time="0.001" /><testcase classname="tests.unit.application.test_revalidation_scheduler.TestDueItems" name="test_never_evaluated_is_due" time="0.001" /><testcase classname="tests.unit.application.test_revalidation_scheduler.TestDueItems" name="test_recently_evaluated_not_due" time="0.001" /><testcase classname="tests.unit.application.test_revalidation_scheduler.TestDueItems" name="test_old_evaluation_is_due" time="0.001" /><testcase classname="tests.unit.application.test_revalidation_scheduler.TestRecordResult" name="test_pass_updates_metadata" time="0.001" /><testcase classname="tests.unit.application.test_revalidation_scheduler.TestRecordResult" name="test_failure_records_without_deprecation" time="0.001" /><testcase classname="tests.unit.application.test_promotion_gate_usecases" name="test_request_promotion_passes_core_checks_and_starts_pending_chain" time="0.004" /><testcase classname="tests.unit.application.test_promotion_gate_usecases" name="test_request_promotion_flags_verifier_failure" time="0.001" /><testcase classname="tests.unit.application.test_promotion_gate_usecases" name="test_request_promotion_flags_metric_regression_against_champion" time="0.001" /><testcase classname="tests.unit.application.test_promotion_gate_usecases" name="test_request_promotion_flags_invalid_rollback_plan" time="0.001" /><testcase classname="tests.unit.application.test_promotion_gate_usecases" name="test_request_promotion_flags_deprecated_feature_usage" time="0.001" /><testcase classname="tests.unit.application.test_promotion_gate_usecases" name="test_request_promotion_flags_diverged_reproducibility" time="0.001" /><testcase classname="tests.unit.application.test_promotion_gate_usecases" name="test_approve_advances_through_entire_chain" time="0.001" /><testcase classname="tests.unit.application.test_promotion_gate_usecases" name="test_reject_short_circuits_the_chain" time="0.001" /><testcase classname="tests.unit.application.test_promotion_gate_usecases" name="test_apply_promotes_approved_candidate_to_target_alias_and_retires_previous_alias" time="0.001" /><testcase classname="tests.unit.application.test_promotion_gate_usecases" name="test_apply_requires_approved_decision" time="0.001" /><testcase classname="tests.unit.application.test_promotion_gate_usecases" name="test_auto_rollback_restores_previous_champion" time="0.001" /><testcase classname="tests.unit.application.test_self_improve_promotion_gate" name="test_promotion_gate_promotes_candidate_within_threshold" time="0.029" /><testcase classname="tests.unit.application.test_self_improve_promotion_gate" name="test_promotion_gate_blocks_candidate_when_regressed" time="0.027" /><testcase classname="tests.unit.infrastructure.test_promotion_decision_store" name="test_sqlite_promotion_decision_store_round_trips_and_updates" time="0.016" /><testcase classname="tests.integration.infrastructure.test_sqlite_portfolio_store.TestPortfolioEntryCRUD" name="test_create_and_get" time="0.008" /><testcase classname="tests.integration.infrastructure.test_sqlite_portfolio_store.TestPortfolioEntryCRUD" name="test_get_nonexistent_returns_none" time="0.007" /><testcase classname="tests.integration.infrastructure.test_sqlite_portfolio_store.TestPortfolioEntryCRUD" name="test_get_by_task" time="0.009" /><testcase classname="tests.integration.infrastructure.test_sqlite_portfolio_store.TestPortfolioEntryCRUD" name="test_list_by_quadrant" time="0.008" /><testcase classname="tests.integration.infrastructure.test_sqlite_portfolio_store.TestPortfolioEntryCRUD" name="test_save_entry_updates" time="0.008" /><testcase classname="tests.integration.infrastructure.test_sqlite_portfolio_store.TestTransitions" name="test_record_and_list" time="0.008" /><testcase classname="tests.integration.infrastructure.test_sqlite_portfolio_store.TestWaitConditions" name="test_save_and_get" time="0.008" /><testcase classname="tests.integration.infrastructure.test_sqlite_portfolio_store.TestWaitConditions" name="test_list_pending" time="0.008" /><testcase classname="tests.integration.infrastructure.test_sqlite_portfolio_store.TestCheckpoints" name="test_save_and_get" time="0.009" /><testcase classname="tests.integration.infrastructure.test_sqlite_portfolio_store.TestPlaybookCandidates" name="test_save_and_list" time="0.018" /><testcase classname="tests.integration.infrastructure.test_sqlite_learning_store.TestLearningItemCRUD" name="test_save_and_get" time="0.008" /><testcase classname="tests.integration.infrastructure.test_sqlite_learning_store.TestLearningItemCRUD" name="test_get_nonexistent" time="0.008" /><testcase classname="tests.integration.infrastructure.test_sqlite_learning_store.TestLearningItemCRUD" name="test_find_by_signature" time="0.008" /><testcase classname="tests.integration.infrastructure.test_sqlite_learning_store.TestLearningItemCRUD" name="test_find_by_signature_not_found" time="0.008" /><testcase classname="tests.integration.infrastructure.test_sqlite_learning_store.TestLearningItemCRUD" name="test_list_by_status" time="0.009" /><testcase classname="tests.integration.infrastructure.test_sqlite_learning_store.TestLearningItemCRUD" name="test_list_by_type" time="0.008" /><testcase classname="tests.integration.infrastructure.test_sqlite_learning_store.TestLearningItemCRUD" name="test_update_item" time="0.009" /><testcase classname="tests.integration.infrastructure.test_sqlite_learning_store.TestReviewEvents" name="test_save_and_list" time="0.009" /><testcase classname="tests.integration.infrastructure.test_sqlite_learning_store.TestPromotionRecords" name="test_save_and_get" time="0.008" /><testcase classname="tests.integration.infrastructure.test_sqlite_learning_store.TestPromotionRecords" name="test_list_records" time="0.008" /><testcase classname="tests.integration.infrastructure.test_sqlite_learning_store.TestDeprecationRecords" name="test_save_and_get" time="0.008" /><testcase classname="tests.integration.infrastructure.test_sqlite_learning_store.TestDeprecationRecords" name="test_grace_mode" time="0.021" /><testcase classname="tests.integration.infrastructure.test_sqlite_learning_store.TestMigrationIdempotency" name="test_double_init" time="0.019" /></testsuite></testsuites>