<?xml version="1.0" encoding="utf-8"?><testsuites name="pytest tests"><testsuite name="pytest" errors="0" failures="0" skipped="0" tests="7" time="0.603" timestamp="2026-04-17T04:02:58.386154+09:00" hostname="WIN-LD9DCRP3E9N"><testcase classname="tests.integration.infrastructure.test_subprocess_sandbox.TestWorkspaceIsolation" name="test_write_outside_workspace_blocked" time="0.173" /><testcase classname="tests.integration.infrastructure.test_subprocess_sandbox.TestWorkspaceIsolation" name="test_data_dir_write_blocked" time="0.148" /><testcase classname="tests.integration.infrastructure.test_subprocess_sandbox.TestSubprocessBlocking" name="test_os_system_blocked_at_runtime" time="0.006" /><testcase classname="tests.integration.infrastructure.test_subprocess_sandbox.TestSubprocessBlocking" name="test_os_remove_outside_workspace_blocked" time="0.008" /><testcase classname="tests.integration.infrastructure.test_subprocess_sandbox.TestPreambleParsing" name="test_parse_violations_extracts_and_cleans" time="0.001" /><testcase classname="tests.integration.infrastructure.test_subprocess_sandbox.TestPreambleParsing" name="test_parse_violations_handles_empty" time="0.001" /><testcase classname="tests.integration.infrastructure.test_subprocess_sandbox.TestPreambleParsing" name="test_build_preamble_roundtrip" time="0.004" /></testsuite></testsuites>