<?xml version="1.0" encoding="utf-8"?><testsuites name="pytest tests"><testsuite name="pytest" errors="0" failures="0" skipped="0" tests="241" time="30.407" timestamp="2026-04-17T05:45:27.382835+09:00" hostname="WIN-LD9DCRP3E9N"><testcase classname="tests.unit.infrastructure.test_anthropic_provider.TestAnthropicProvider" name="test_implements_protocol" time="0.004" /><testcase classname="tests.unit.infrastructure.test_anthropic_provider.TestAnthropicProvider" name="test_chat_text_response" time="0.006" /><testcase classname="tests.unit.infrastructure.test_anthropic_provider.TestAnthropicProvider" name="test_chat_tool_calls" time="0.005" /><testcase classname="tests.unit.infrastructure.test_anthropic_provider.TestAnthropicProvider" name="test_extended_thinking" time="0.004" /><testcase classname="tests.unit.infrastructure.test_anthropic_provider.TestAnthropicProvider" name="test_system_prompt_extraction" time="0.002" /><testcase classname="tests.unit.infrastructure.test_anthropic_provider.TestAnthropicProvider" name="test_tool_schema_conversion" time="0.002" /><testcase classname="tests.unit.infrastructure.test_anthropic_provider.TestAnthropicProvider" name="test_model_normalization" time="0.002" /><testcase classname="tests.unit.infrastructure.test_anthropic_provider.TestAnthropicProvider" name="test_get_model_info" time="0.002" /><testcase classname="tests.unit.infrastructure.test_anthropic_provider.TestAnthropicProvider" name="test_chat_with_system_message" time="0.007" /><testcase classname="tests.unit.infrastructure.test_anthropic_provider.TestAnthropicProvider" name="test_chat_with_tools" time="0.007" /><testcase classname="tests.unit.infrastructure.test_anthropic_provider.TestAnthropicProvider" name="test_chat_with_temperature_no_thinking" time="0.008" /><testcase classname="tests.unit.infrastructure.test_anthropic_provider.TestAnthropicProvider" name="test_chat_thinking_forces_temperature_one" time="0.008" /><testcase classname="tests.unit.infrastructure.test_anthropic_provider.TestAnthropicProvider" name="test_count_tokens_success" time="0.007" /><testcase classname="tests.unit.infrastructure.test_anthropic_provider.TestAnthropicProvider" name="test_count_tokens_fallback_on_error" time="0.006" /><testcase classname="tests.unit.infrastructure.test_anthropic_provider.TestAnthropicProvider" name="test_get_model_info_unknown_model" time="0.003" /><testcase classname="tests.unit.infrastructure.test_anthropic_provider.TestAnthropicProvider" name="test_get_model_info_opus46" time="0.002" /><testcase classname="tests.unit.infrastructure.test_anthropic_provider.TestAnthropicProvider" name="test_convert_tool_message" time="0.002" /><testcase classname="tests.unit.infrastructure.test_anthropic_provider.TestAnthropicProvider" name="test_convert_assistant_message_with_tool_calls" time="0.002" /><testcase classname="tests.unit.infrastructure.test_anthropic_provider.TestAnthropicProvider" name="test_get_default_max_tokens" time="0.002" /><testcase classname="tests.unit.infrastructure.test_anthropic_provider.TestAnthropicProvider" name="test_streaming_calls_on_delta" time="0.006" /><testcase classname="tests.unit.infrastructure.test_anthropic_provider.TestAnthropicProvider" name="test_streaming_skipped_when_thinking_enabled" time="0.004" /><testcase classname="tests.unit.infrastructure.test_anthropic_provider.TestAnthropicProvider" name="test_no_streaming_without_on_delta" time="0.005" /><testcase classname="tests.unit.infrastructure.test_anthropic_provider.TestAnthropicProviderInit" name="test_init_with_config" time="0.001" /><testcase classname="tests.unit.infrastructure.test_anthropic_provider.TestAnthropicProviderInit" name="test_init_normalizes_prefix" time="0.002" /><testcase classname="tests.unit.infrastructure.test_anthropic_provider.TestAnthropicProviderInit" name="test_init_default_config" time="0.001" /><testcase classname="tests.unit.infrastructure.test_openai_provider.TestOpenAIProvider" name="test_implements_protocol" time="0.001" /><testcase classname="tests.unit.infrastructure.test_openai_provider.TestOpenAIProvider" name="test_chat_text_response" time="0.004" /><testcase classname="tests.unit.infrastructure.test_openai_provider.TestOpenAIProvider" name="test_chat_tool_calls" time="0.005" /><testcase classname="tests.unit.infrastructure.test_openai_provider.TestOpenAIProvider" name="test_reasoning_tokens" time="0.005" /><testcase classname="tests.unit.infrastructure.test_openai_provider.TestOpenAIProvider" name="test_model_normalization" time="0.002" /><testcase classname="tests.unit.infrastructure.test_openai_provider.TestOpenAIProvider" name="test_get_model_info" time="0.002" /><testcase classname="tests.unit.infrastructure.test_openai_provider.TestOpenAIProvider" name="test_get_model_info_unknown_defaults" time="0.002" /><testcase classname="tests.unit.infrastructure.test_openai_provider.TestOpenAIProvider" name="test_count_tokens_estimation" time="3.237" /><testcase classname="tests.unit.infrastructure.test_openai_provider.TestOpenAIProvider" name="test_count_tokens_fallback_on_error" time="0.007" /><testcase classname="tests.unit.infrastructure.test_openai_provider.TestOpenAIProvider" name="test_chat_with_tools" time="0.007" /><testcase classname="tests.unit.infrastructure.test_openai_provider.TestOpenAIProvider" name="test_chat_with_max_tokens" time="0.007" /><testcase classname="tests.unit.infrastructure.test_openai_provider.TestOpenAIProvider" name="test_chat_reasoning_model_uses_max_completion_tokens" time="0.005" /><testcase classname="tests.unit.infrastructure.test_openai_provider.TestOpenAIProvider" name="test_chat_reasoning_model_no_temperature" time="0.005" /><testcase classname="tests.unit.infrastructure.test_openai_provider.TestOpenAIProvider" name="test_is_reasoning_model_true" time="0.002" /><testcase classname="tests.unit.infrastructure.test_openai_provider.TestOpenAIProvider" name="test_is_reasoning_model_false" time="0.003" /><testcase classname="tests.unit.infrastructure.test_openai_provider.TestOpenAIProvider" name="test_get_model_info_gpt54" time="0.003" /><testcase classname="tests.unit.infrastructure.test_openai_provider.TestOpenAIProviderInit" name="test_init_with_config" time="0.003" /><testcase classname="tests.unit.infrastructure.test_openai_provider.TestOpenAIProviderInit" name="test_init_normalizes_prefix" time="0.003" /><testcase classname="tests.unit.infrastructure.test_openai_provider.TestOpenAIProviderInit" name="test_init_default_config" time="0.002" /><testcase classname="tests.unit.infrastructure.test_codex_responses.TestMessagesToResponsesInput" name="test_converts_message_history_with_tool_roundtrip" time="0.001" /><testcase classname="tests.unit.infrastructure.test_codex_responses.TestOpenAIToolsToResponsesFormat" name="test_converts_chat_completions_tool_schema" time="0.001" /><testcase classname="tests.unit.infrastructure.test_codex_responses.TestResponsesResponseToLLMResponse" name="test_parses_text_usage_and_reasoning_summary" time="0.001" /><testcase classname="tests.unit.infrastructure.test_codex_responses.TestResponsesResponseToLLMResponse" name="test_parses_tool_call_using_call_id" time="0.001" /><testcase classname="tests.unit.infrastructure.test_codex_responses.TestResponsesResponseToLLMResponse" name="test_malformed_tool_call_arguments_use_raw_fallback" time="0.001" /><testcase classname="tests.unit.infrastructure.test_litellm_provider.TestLiteLLMModels" name="test_deepseek_in_catalog" time="0.001" /><testcase classname="tests.unit.infrastructure.test_litellm_provider.TestLiteLLMModels" name="test_minimax_in_catalog" time="0.001" /><testcase classname="tests.unit.infrastructure.test_litellm_provider.TestLiteLLMModels" name="test_qwen_in_catalog" time="0.001" /><testcase classname="tests.unit.infrastructure.test_litellm_provider.TestLiteLLMModels" name="test_groq_in_catalog" time="0.001" /><testcase classname="tests.unit.infrastructure.test_litellm_provider.TestLiteLLMModels" name="test_chinese_providers_in_catalog" time="0.001" /><testcase classname="tests.unit.infrastructure.test_litellm_provider.TestLiteLLMProvider" name="test_get_model_info_deepseek" time="0.001" /><testcase classname="tests.unit.infrastructure.test_litellm_provider.TestLiteLLMProvider" name="test_get_model_info_minimax" time="0.002" /><testcase classname="tests.unit.infrastructure.test_litellm_provider.TestLiteLLMProvider" name="test_get_model_info_unknown_model_defaults" time="0.002" /><testcase classname="tests.unit.infrastructure.test_litellm_provider.TestLiteLLMProvider" name="test_chat_calls_litellm_acompletion" time="0.006" /><testcase classname="tests.unit.infrastructure.test_litellm_provider.TestLiteLLMProvider" name="test_count_tokens_fallback" time="0.004" /><testcase classname="tests.unit.infrastructure.test_litellm_provider.TestLiteLLMProvider" name="test_count_tokens_success" time="0.038" /><testcase classname="tests.unit.infrastructure.test_litellm_provider.TestLiteLLMProvider" name="test_chat_error_raises" time="0.282" /><testcase classname="tests.unit.infrastructure.test_litellm_provider.TestLiteLLMProvider" name="test_chat_with_tools" time="0.005" /><testcase classname="tests.unit.infrastructure.test_litellm_provider.TestLiteLLMProvider" name="test_chat_with_max_tokens" time="0.004" /><testcase classname="tests.unit.infrastructure.test_litellm_provider.TestLiteLLMProvider" name="test_chat_with_api_key" time="0.004" /><testcase classname="tests.unit.infrastructure.test_litellm_provider.TestLiteLLMProvider" name="test_get_model_info_groq" time="0.001" /><testcase classname="tests.unit.infrastructure.test_litellm_provider.TestLiteLLMProviderInit" name="test_init_with_api_key_in_config" time="0.001" /><testcase classname="tests.unit.infrastructure.test_litellm_provider.TestLiteLLMProviderInit" name="test_init_resolves_key_from_env" time="0.001" /><testcase classname="tests.unit.infrastructure.test_litellm_provider.TestLiteLLMProviderInit" name="test_init_no_key" time="0.001" /><testcase classname="tests.unit.infrastructure.test_litellm_provider.TestLiteLLMProviderInit" name="test_init_import_error" time="0.001" /><testcase classname="tests.unit.infrastructure.test_local_providers.TestOllamaClient" name="test_check_server_running" time="0.004" /><testcase classname="tests.unit.infrastructure.test_local_providers.TestOllamaClient" name="test_check_server_not_running" time="0.003" /><testcase classname="tests.unit.infrastructure.test_local_providers.TestOllamaClient" name="test_list_models" time="0.004" /><testcase classname="tests.unit.infrastructure.test_local_providers.TestOllamaClient" name="test_get_model_info" time="0.004" /><testcase classname="tests.unit.infrastructure.test_local_providers.TestOllamaClient" name="test_list_models_server_down" time="0.004" /><testcase classname="tests.unit.infrastructure.test_local_providers.TestOllamaProvider" name="test_implements_protocol" time="0.001" /><testcase classname="tests.unit.infrastructure.test_local_providers.TestOllamaProvider" name="test_get_model_info" time="0.001" /><testcase classname="tests.unit.infrastructure.test_local_providers.TestOllamaProvider" name="test_init_with_openai_sdk" time="0.002" /><testcase classname="tests.unit.infrastructure.test_local_providers.TestOllamaProvider" name="test_init_custom_base_url" time="0.003" /><testcase classname="tests.unit.infrastructure.test_local_providers.TestLocalDiscovery" name="test_discover_vllm_models" time="0.005" /><testcase classname="tests.unit.infrastructure.test_local_providers.TestLocalDiscovery" name="test_discover_server_down" time="0.005" /><testcase classname="tests.unit.infrastructure.test_local_providers.TestProviderRouterLocal" name="test_parse_ollama_model" time="0.001" /><testcase classname="tests.unit.infrastructure.test_local_providers.TestProviderRouterLocal" name="test_parse_vllm_model" time="0.002" /><testcase classname="tests.unit.infrastructure.test_local_providers.TestProviderRouterLocal" name="test_parse_sglang_model" time="0.001" /><testcase classname="tests.unit.infrastructure.test_local_providers.TestDiscoverAllLocalServers" name="test_discover_all_no_servers" time="0.004" /><testcase classname="tests.unit.infrastructure.test_local_providers.TestDiscoverAllLocalServers" name="test_discover_all_ollama_running" time="0.004" /><testcase classname="tests.unit.infrastructure.test_local_providers.TestDiscoverAllLocalServers" name="test_discover_all_vllm_running" time="0.005" /><testcase classname="tests.unit.infrastructure.test_local_providers.TestDiscoverAllLocalServers" name="test_discover_openai_compatible_empty_data" time="0.003" /><testcase classname="tests.unit.infrastructure.test_local_providers.TestDiscoverAllLocalServers" name="test_discover_openai_compatible_missing_id" time="0.002" /><testcase classname="tests.unit.infrastructure.test_local_providers.TestOllamaProviderChat" name="test_chat_success" time="0.003" /><testcase classname="tests.unit.infrastructure.test_local_providers.TestOllamaProviderChat" name="test_chat_with_tools" time="0.004" /><testcase classname="tests.unit.infrastructure.test_local_providers.TestOllamaProviderChat" name="test_count_tokens_estimation" time="0.003" /><testcase classname="tests.unit.infrastructure.test_local_providers.TestOllamaClientPullModel" name="test_pull_model_success" time="0.004" /><testcase classname="tests.unit.infrastructure.test_local_providers.TestOllamaClientPullModel" name="test_pull_model_failure" time="0.002" /><testcase classname="tests.unit.infrastructure.test_local_providers.TestOllamaClientContextLength" name="test_context_length_fallback_on_error" time="0.002" /><testcase classname="tests.unit.infrastructure.test_local_providers.TestOllamaClientContextLength" name="test_context_length_from_parameters_string" time="0.003" /><testcase classname="tests.unit.infrastructure.test_local_providers.TestOllamaClientContextLength" name="test_context_length_default_no_info" time="0.003" /><testcase classname="tests.unit.infrastructure.test_local_providers.TestFetchJson" name="test_fetch_json_with_aiohttp" time="0.005" /><testcase classname="tests.unit.infrastructure.test_oauth_providers.TestCodexAuthReader" name="test_read_valid_codex_auth" time="0.041" /><testcase classname="tests.unit.infrastructure.test_oauth_providers.TestCodexAuthReader" name="test_read_missing_file" time="0.004" /><testcase classname="tests.unit.infrastructure.test_oauth_providers.TestCodexAuthReader" name="test_read_api_key_mode_ignored" time="0.018" /><testcase classname="tests.unit.infrastructure.test_oauth_providers.TestCodexOAuthProvider" name="test_implements_protocol" time="0.001" /><testcase classname="tests.unit.infrastructure.test_oauth_providers.TestCodexOAuthProvider" name="test_get_model_info" time="0.001" /><testcase classname="tests.unit.infrastructure.test_oauth_providers.TestGeminiOAuthProvider" name="test_implements_protocol" time="4.667" /><testcase classname="tests.unit.infrastructure.test_oauth_providers.TestGeminiOAuthProvider" name="test_get_model_info" time="0.001" /><testcase classname="tests.unit.infrastructure.test_oauth_providers.TestGeminiOAuthProvider" name="test_delegate_is_litellm" time="0.001" /><testcase classname="tests.unit.infrastructure.test_oauth_providers.TestGeminiOAuthProvider" name="test_litellm_model_prefix" time="0.002" /><testcase classname="tests.unit.infrastructure.test_oauth_providers.TestGeminiOAuthProvider" name="test_env_var_fallback" time="0.001" /><testcase classname="tests.unit.infrastructure.test_oauth_providers.TestGeminiOAuthProvider" name="test_oauth_token_store_fallback" time="0.001" /><testcase classname="tests.unit.infrastructure.test_oauth_providers.TestCodexAuthEdgeCases" name="test_read_invalid_json" time="0.018" /><testcase classname="tests.unit.infrastructure.test_oauth_providers.TestCodexAuthEdgeCases" name="test_read_no_tokens_key" time="0.017" /><testcase classname="tests.unit.infrastructure.test_oauth_providers.TestGeminiProviderEdgeCases" name="test_gemini_count_tokens_estimation" time="0.198" /><testcase classname="tests.unit.infrastructure.test_oauth_providers.TestGeminiProviderEdgeCases" name="test_gemini_get_model_info_metadata" time="0.001" /><testcase classname="tests.unit.infrastructure.test_oauth_providers.TestProviderRouterOAuth" name="test_parse_codex_model" time="0.001" /><testcase classname="tests.unit.infrastructure.test_oauth_providers.TestProviderRouterOAuth" name="test_parse_gemini_model" time="0.001" /><testcase classname="tests.unit.infrastructure.test_oauth_providers.TestCodexOAuthChat" name="test_chat_success" time="0.003" /><testcase classname="tests.unit.infrastructure.test_oauth_providers.TestCodexOAuthChat" name="test_chat_with_tools" time="0.003" /><testcase classname="tests.unit.infrastructure.test_oauth_providers.TestCodexOAuthChat" name="test_count_tokens" time="0.002" /><testcase classname="tests.unit.infrastructure.test_oauth_providers.TestCodexOAuthChat" name="test_get_model_info_unknown" time="0.001" /><testcase classname="tests.unit.infrastructure.test_oauth_providers.TestCodexOAuthChat" name="test_init_with_access_token" time="0.003" /><testcase classname="tests.unit.infrastructure.test_oauth_providers.TestCodexOAuthChat" name="test_init_without_creds_raises" time="0.003" /><testcase classname="tests.unit.infrastructure.test_oauth_providers.TestGeminiOAuthChat" name="test_chat_delegates_to_litellm" time="0.005" /><testcase classname="tests.unit.infrastructure.test_oauth_providers.TestGeminiOAuthChat" name="test_chat_propagates_errors" time="0.005" /><testcase classname="tests.unit.infrastructure.test_oauth_providers.TestGeminiOAuthChat" name="test_get_model_info_unknown_model" time="0.002" /><testcase classname="tests.unit.infrastructure.test_oauth_providers.TestCodexOAuthInitEdgeCases" name="test_init_reads_from_file" time="0.015" /><testcase classname="tests.unit.infrastructure.test_oauth_service.TestCodexAuth" name="test_read_codex_auth_file" time="0.015" /><testcase classname="tests.unit.infrastructure.test_oauth_service.TestCodexAuth" name="test_read_codex_auth_file_missing" time="0.005" /><testcase classname="tests.unit.infrastructure.test_oauth_service.TestCodexAuth" name="test_read_codex_auth_file_invalid_mode" time="0.015" /><testcase classname="tests.unit.infrastructure.test_oauth_service.TestCodexAuth" name="test_read_codex_auth_file_no_access_token" time="0.013" /><testcase classname="tests.unit.infrastructure.test_oauth_service.TestCodexAuth" name="test_read_codex_auth_file_corrupted" time="0.011" /><testcase classname="tests.unit.infrastructure.test_oauth_service.TestCodexAuth" name="test_start_codex_login_existing_file" time="0.021" /><testcase classname="tests.unit.infrastructure.test_oauth_service.TestCodexAuth" name="test_start_codex_login_cli_not_found" time="0.014" /><testcase classname="tests.unit.infrastructure.test_oauth_service.TestGeminiAuth" name="test_start_gemini_login_returns_url" time="0.009" /><testcase classname="tests.unit.infrastructure.test_oauth_service.TestGeminiAuth" name="test_start_gemini_login_no_client_id" time="0.006" /><testcase classname="tests.unit.infrastructure.test_oauth_service.TestGeminiAuth" name="test_exchange_google_code" time="0.010" /><testcase classname="tests.unit.infrastructure.test_oauth_service.TestGeminiAuth" name="test_exchange_google_code_error" time="0.007" /><testcase classname="tests.unit.infrastructure.test_oauth_service.TestGeminiAuth" name="test_refresh_gemini_token" time="0.027" /><testcase classname="tests.unit.infrastructure.test_oauth_service.TestGeminiAuth" name="test_refresh_gemini_token_no_credentials" time="0.006" /><testcase classname="tests.unit.infrastructure.test_oauth_service.TestStatusAndDisconnect" name="test_get_status_authenticated" time="0.008" /><testcase classname="tests.unit.infrastructure.test_oauth_service.TestStatusAndDisconnect" name="test_get_status_not_authenticated" time="0.005" /><testcase classname="tests.unit.infrastructure.test_oauth_service.TestStatusAndDisconnect" name="test_get_status_codex_from_file" time="0.008" /><testcase classname="tests.unit.infrastructure.test_oauth_service.TestStatusAndDisconnect" name="test_disconnect" time="0.048" /><testcase classname="tests.unit.infrastructure.test_oauth_rpc.TestOAuthServiceRPCContract" name="test_gemini_start_login_returns_auth_url" time="0.006" /><testcase classname="tests.unit.infrastructure.test_oauth_rpc.TestOAuthServiceRPCContract" name="test_get_status_gemini_not_configured" time="0.003" /><testcase classname="tests.unit.infrastructure.test_oauth_rpc.TestOAuthServiceRPCContract" name="test_get_status_gemini_authenticated" time="0.005" /><testcase classname="tests.unit.infrastructure.test_oauth_rpc.TestOAuthServiceRPCContract" name="test_get_status_codex_not_configured" time="0.004" /><testcase classname="tests.unit.infrastructure.test_oauth_rpc.TestOAuthServiceRPCContract" name="test_disconnect_clears_store" time="0.009" /><testcase classname="tests.unit.infrastructure.test_oauth_rpc.TestOAuthServiceRPCContract" name="test_codex_login_with_existing_file" time="0.011" /><testcase classname="tests.unit.infrastructure.test_oauth_rpc.TestOAuthServiceRPCContract" name="test_gemini_refresh_token" time="0.016" /><testcase classname="tests.unit.infrastructure.test_oauth_rpc.TestOAuthServiceRPCContract" name="test_wait_for_login_no_pending" time="0.007" /><testcase classname="tests.unit.infrastructure.test_pkce.TestGenerateCodeVerifier" name="test_length" time="0.001" /><testcase classname="tests.unit.infrastructure.test_pkce.TestGenerateCodeVerifier" name="test_hex_charset" time="0.001" /><testcase classname="tests.unit.infrastructure.test_pkce.TestGenerateCodeVerifier" name="test_uniqueness" time="0.001" /><testcase classname="tests.unit.infrastructure.test_pkce.TestGenerateCodeChallenge" name="test_sha256_base64url" time="0.001" /><testcase classname="tests.unit.infrastructure.test_pkce.TestGenerateCodeChallenge" name="test_no_padding" time="0.001" /><testcase classname="tests.unit.infrastructure.test_pkce.TestGenerateCodeChallenge" name="test_url_safe_chars" time="0.001" /><testcase classname="tests.unit.infrastructure.test_pkce.TestGenerateState" name="test_length" time="0.001" /><testcase classname="tests.unit.infrastructure.test_pkce.TestGenerateState" name="test_uniqueness" time="0.001" /><testcase classname="tests.unit.infrastructure.test_pkce.TestBuildAuthUrl" name="test_contains_all_params" time="0.001" /><testcase classname="tests.unit.infrastructure.test_pkce.TestBuildAuthUrl" name="test_custom_access_type" time="0.001" /><testcase classname="tests.unit.infrastructure.test_pricing.TestPricingTracker" name="test_calculate_cost_known_model" time="0.001" /><testcase classname="tests.unit.infrastructure.test_pricing.TestPricingTracker" name="test_calculate_cost_with_prefix" time="0.001" /><testcase classname="tests.unit.infrastructure.test_pricing.TestPricingTracker" name="test_calculate_cost_unknown_model_fallback" time="0.000" /><testcase classname="tests.unit.infrastructure.test_pricing.TestPricingTracker" name="test_track_cumulative_cost" time="0.001" /><testcase classname="tests.unit.infrastructure.test_pricing.TestPricingTracker" name="test_pricing_with_cache_discount" time="0.000" /><testcase classname="tests.unit.infrastructure.test_pricing.TestPricingTracker" name="test_get_summary" time="0.000" /><testcase classname="tests.unit.infrastructure.test_pricing.TestPricingTracker" name="test_get_summary_includes_cache_savings_and_token_totals" time="0.000" /><testcase classname="tests.unit.infrastructure.test_pricing.TestPricingTracker" name="test_versioned_model_matching" time="0.000" /><testcase classname="tests.unit.infrastructure.test_pricing.TestPricingTracker" name="test_gpt54_pricing" time="0.000" /><testcase classname="tests.unit.infrastructure.test_pricing.TestPricingTracker" name="test_chinese_model_pricing" time="0.000" /><testcase classname="tests.unit.infrastructure.test_pricing.TestPricingTracker" name="test_free_model_pricing" time="0.000" /><testcase classname="tests.unit.infrastructure.test_pricing.TestPricingTracker" name="test_claude_sonnet_46_pricing" time="0.000" /><testcase classname="tests.unit.infrastructure.test_pricing.TestPricingTracker" name="test_minimax_pricing" time="0.000" /><testcase classname="tests.unit.infrastructure.test_provider_base.TestMessagesToOpenAIFormat" name="test_simple_user_message" time="0.001" /><testcase classname="tests.unit.infrastructure.test_provider_base.TestMessagesToOpenAIFormat" name="test_system_message" time="0.001" /><testcase classname="tests.unit.infrastructure.test_provider_base.TestMessagesToOpenAIFormat" name="test_assistant_with_tool_calls" time="0.001" /><testcase classname="tests.unit.infrastructure.test_provider_base.TestMessagesToOpenAIFormat" name="test_tool_result_message" time="0.000" /><testcase classname="tests.unit.infrastructure.test_provider_base.TestMessagesToOpenAIFormat" name="test_none_content_becomes_empty_string" time="0.000" /><testcase classname="tests.unit.infrastructure.test_provider_base.TestOpenAIResponseToLLMResponse" name="test_text_response" time="0.001" /><testcase classname="tests.unit.infrastructure.test_provider_base.TestOpenAIResponseToLLMResponse" name="test_tool_call_response" time="0.001" /><testcase classname="tests.unit.infrastructure.test_provider_base.TestOpenAIResponseToLLMResponse" name="test_malformed_tool_call_arguments" time="0.001" /><testcase classname="tests.unit.infrastructure.test_provider_factory.TestCreateAuthProfileStore" name="test_uses_configured_token_store_path" time="0.003" /><testcase classname="tests.unit.infrastructure.test_provider_factory.TestCreateProviderRouter" name="test_passes_configured_api_keys_fallbacks_and_token_store" time="0.001" /><testcase classname="tests.unit.infrastructure.test_provider_factory.TestCreateProviderRouter" name="test_get_provider_auth_statuses_uses_secure_api_key_manager" time="0.001" /><testcase classname="tests.unit.infrastructure.test_provider_factory.TestGetProviderAuthStatuses" name="test_gemini_oauth_store_marks_provider_active" time="0.006" /><testcase classname="tests.unit.infrastructure.test_provider_factory.TestGetProviderAuthStatuses" name="test_codex_store_marks_provider_active_without_cli_file" time="0.015" /><testcase classname="tests.unit.infrastructure.test_provider_factory.TestGetProviderHealthSnapshot" name="test_includes_ollama_runtime_health" time="0.007" /><testcase classname="tests.unit.infrastructure.test_provider_factory.TestGetProviderHealthSnapshot" name="test_marks_ollama_unavailable_when_runtime_is_down" time="0.004" /><testcase classname="tests.unit.infrastructure.test_provider_router.TestParseModelString" name="test_anthropic_prefix" time="0.001" /><testcase classname="tests.unit.infrastructure.test_provider_router.TestParseModelString" name="test_openai_prefix" time="0.001" /><testcase classname="tests.unit.infrastructure.test_provider_router.TestParseModelString" name="test_litellm_prefix" time="0.001" /><testcase classname="tests.unit.infrastructure.test_provider_router.TestParseModelString" name="test_ollama_prefix" time="0.001" /><testcase classname="tests.unit.infrastructure.test_provider_router.TestParseModelString" name="test_bare_claude_model" time="0.001" /><testcase classname="tests.unit.infrastructure.test_provider_router.TestParseModelString" name="test_bare_gpt_model" time="0.001" /><testcase classname="tests.unit.infrastructure.test_provider_router.TestParseModelString" name="test_bare_o_series" time="0.118" /><testcase classname="tests.unit.infrastructure.test_provider_router.TestParseModelString" name="test_unknown_model_defaults_to_litellm" time="0.001" /><testcase classname="tests.unit.infrastructure.test_provider_router.TestParseModelString" name="test_openrouter_prefix" time="0.002" /><testcase classname="tests.unit.infrastructure.test_provider_router.TestParseModelString" name="test_deepseek_prefix" time="0.001" /><testcase classname="tests.unit.infrastructure.test_provider_router.TestParseModelString" name="test_minimax_prefix" time="0.001" /><testcase classname="tests.unit.infrastructure.test_provider_router.TestParseModelString" name="test_qwen_prefix" time="0.001" /><testcase classname="tests.unit.infrastructure.test_provider_router.TestParseModelString" name="test_bare_gpt54_model" time="0.001" /><testcase classname="tests.unit.infrastructure.test_provider_router.TestParseModelString" name="test_bare_gpt54_mini" time="0.001" /><testcase classname="tests.unit.infrastructure.test_provider_router.TestParseModelString" name="test_bare_claude_opus_46" time="0.001" /><testcase classname="tests.unit.infrastructure.test_provider_router.TestProviderRouter" name="test_routes_to_primary" time="0.005" /><testcase classname="tests.unit.infrastructure.test_provider_router.TestProviderRouter" name="test_fallback_on_primary_failure" time="0.004" /><testcase classname="tests.unit.infrastructure.test_provider_router.TestProviderRouter" name="test_fallback_emits_events_on_successful_fallback" time="0.004" /><testcase classname="tests.unit.infrastructure.test_provider_router.TestProviderRouter" name="test_all_providers_fail_raises" time="0.005" /><testcase classname="tests.unit.infrastructure.test_provider_router.TestProviderRouter" name="test_count_tokens_delegates_to_primary" time="0.001" /><testcase classname="tests.unit.infrastructure.test_provider_router.TestParseModelStringEdgeCases" name="test_parse_gemini_bare" time="0.001" /><testcase classname="tests.unit.infrastructure.test_provider_router.TestParseModelStringEdgeCases" name="test_parse_deepseek_prefix" time="0.001" /><testcase classname="tests.unit.infrastructure.test_provider_router.TestParseModelStringEdgeCases" name="test_parse_groq_prefix" time="0.000" /><testcase classname="tests.unit.infrastructure.test_provider_router.TestParseModelStringEdgeCases" name="test_parse_vllm_prefix" time="0.000" /><testcase classname="tests.unit.infrastructure.test_provider_router.TestParseModelStringEdgeCases" name="test_parse_sglang_prefix" time="0.000" /><testcase classname="tests.unit.infrastructure.test_provider_router.TestParseModelStringEdgeCases" name="test_parse_codex_prefix" time="0.000" /><testcase classname="tests.unit.infrastructure.test_provider_router.TestParseModelStringEdgeCases" name="test_parse_gemini_prefix" time="0.000" /><testcase classname="tests.unit.infrastructure.test_provider_router.TestParseModelStringEdgeCases" name="test_parse_o1_model" time="0.000" /><testcase classname="tests.unit.infrastructure.test_provider_router.TestParseModelStringEdgeCases" name="test_parse_o4_mini" time="0.000" /><testcase classname="tests.unit.infrastructure.test_provider_router.TestProviderRouterCreateProvider" name="test_create_ollama_provider" time="0.002" /><testcase classname="tests.unit.infrastructure.test_provider_router.TestProviderRouterCreateProvider" name="test_create_vllm_provider" time="0.002" /><testcase classname="tests.unit.infrastructure.test_provider_router.TestProviderRouterCreateProvider" name="test_create_sglang_provider" time="0.002" /><testcase classname="tests.unit.infrastructure.test_provider_router.TestProviderRouterCreateProvider" name="test_create_codex_provider" time="0.002" /><testcase classname="tests.unit.infrastructure.test_provider_router.TestProviderRouterCreateProvider" name="test_create_gemini_provider" time="0.001" /><testcase classname="tests.unit.infrastructure.test_provider_router.TestProviderRouterCreateProvider" name="test_create_anthropic_provider" time="0.002" /><testcase classname="tests.unit.infrastructure.test_provider_router.TestProviderRouterCreateProvider" name="test_create_openai_provider" time="0.002" /><testcase classname="tests.unit.infrastructure.test_provider_router.TestProviderRouterCreateProvider" name="test_create_litellm_provider" time="0.001" /><testcase classname="tests.unit.infrastructure.test_provider_router.TestProviderRouterResolveApiKey" name="test_resolve_from_dict" time="0.001" /><testcase classname="tests.unit.infrastructure.test_provider_router.TestProviderRouterResolveApiKey" name="test_resolve_from_env" time="0.001" /><testcase classname="tests.unit.infrastructure.test_provider_router.TestProviderRouterResolveApiKey" name="test_resolve_none_when_missing" time="0.001" /><testcase classname="tests.unit.infrastructure.test_provider_router.TestProviderRouterResolveApiKey" name="test_dict_takes_priority_over_env" time="0.001" /><testcase classname="tests.unit.infrastructure.test_provider_router.TestProviderRouterCountTokens" name="test_count_tokens_delegates" time="0.004" /><testcase classname="tests.unit.infrastructure.test_callback_server.TestCallbackServer" name="test_successful_callback" time="2.893" /><testcase classname="tests.unit.infrastructure.test_callback_server.TestCallbackServer" name="test_state_mismatch" time="2.858" /><testcase classname="tests.unit.infrastructure.test_callback_server.TestCallbackServer" name="test_oauth_error_parameter" time="2.855" /><testcase classname="tests.unit.infrastructure.test_callback_server.TestCallbackServer" name="test_timeout" time="1.014" /><testcase classname="tests.unit.infrastructure.test_callback_server.TestCallbackServer" name="test_missing_code" time="2.845" /><testcase classname="tests.unit.infrastructure.test_callback_server.TestCallbackServer" name="test_redirect_uri_format" time="0.001" /><testcase classname="tests.integration.test_oauth_flow.TestGeminiPKCEFullFlow" name="test_full_gemini_flow" time="3.067" /><testcase classname="tests.integration.test_oauth_flow.TestCodexCLIDelegation" name="test_codex_existing_file" time="0.011" /><testcase classname="tests.integration.test_oauth_flow.TestTokenRefresh" name="test_gemini_token_refresh" time="0.016" /><testcase classname="tests.integration.test_oauth_flow.TestEdgeCases" name="test_callback_timeout" time="1.531" /><testcase classname="tests.integration.test_oauth_flow.TestEdgeCases" name="test_state_mismatch_rejected" time="2.861" /><testcase classname="tests.integration.test_oauth_flow.TestEdgeCases" name="test_disconnect_and_status" time="0.011" /></testsuite></testsuites>