<?xml version="1.0" encoding="utf-8"?><testsuites name="pytest tests"><testsuite name="pytest" errors="0" failures="0" skipped="0" tests="7" time="0.713" timestamp="2026-04-17T04:37:53.005213+09:00" hostname="WIN-LD9DCRP3E9N"><testcase classname="tests.unit.architecture.test_application_infrastructure_boundary" name="test_application_layer_has_no_infrastructure_imports" time="0.101" /><testcase classname="tests.unit.architecture.test_application_infrastructure_boundary" name="test_previously_flagged_services_are_clean[lineage_capture_service.py]" time="0.072" /><testcase classname="tests.unit.architecture.test_application_infrastructure_boundary" name="test_previously_flagged_services_are_clean[reproducibility_exporter.py]" time="0.078" /><testcase classname="tests.unit.architecture.test_application_infrastructure_boundary" name="test_previously_flagged_services_are_clean[scheduler_service.py]" time="0.068" /><testcase classname="tests.unit.architecture.test_import_contracts" name="test_static_import_contracts_are_clean" time="0.291" /><testcase classname="tests.unit.architecture.test_semantic_layer_deps" name="test_semantic_domain_has_no_forbidden_imports" time="0.030" /><testcase classname="tests.unit.architecture.test_semantic_layer_deps" name="test_semantic_application_has_no_infrastructure_imports" time="0.027" /></testsuite></testsuites>