<?xml version="1.0" encoding="utf-8"?><testsuites name="pytest tests"><testsuite name="pytest" errors="0" failures="0" skipped="0" tests="18" time="1.022" timestamp="2026-04-17T05:07:05.960983+09:00" hostname="WIN-LD9DCRP3E9N"><testcase classname="tests.integration.infrastructure.test_sqlite_work_object_store" name="test_sqlite_work_object_store_round_trip_and_migration" time="0.132" /><testcase classname="tests.integration.semantic.test_migration_v6" name="test_semantic_migration_v6_applies_and_is_idempotent" time="0.119" /><testcase classname="tests.integration.infrastructure.test_sqlite_learning_store.TestLearningItemCRUD" name="test_save_and_get" time="0.024" /><testcase classname="tests.integration.infrastructure.test_sqlite_learning_store.TestLearningItemCRUD" name="test_get_nonexistent" time="0.017" /><testcase classname="tests.integration.infrastructure.test_sqlite_learning_store.TestLearningItemCRUD" name="test_find_by_signature" time="0.025" /><testcase classname="tests.integration.infrastructure.test_sqlite_learning_store.TestLearningItemCRUD" name="test_find_by_signature_not_found" time="0.012" /><testcase classname="tests.integration.infrastructure.test_sqlite_learning_store.TestLearningItemCRUD" name="test_list_by_status" time="0.013" /><testcase classname="tests.integration.infrastructure.test_sqlite_learning_store.TestLearningItemCRUD" name="test_list_by_type" time="0.016" /><testcase classname="tests.integration.infrastructure.test_sqlite_learning_store.TestLearningItemCRUD" name="test_update_item" time="0.016" /><testcase classname="tests.integration.infrastructure.test_sqlite_learning_store.TestReviewEvents" name="test_save_and_list" time="0.017" /><testcase classname="tests.integration.infrastructure.test_sqlite_learning_store.TestPromotionRecords" name="test_save_and_get" time="0.018" /><testcase classname="tests.integration.infrastructure.test_sqlite_learning_store.TestPromotionRecords" name="test_list_records" time="0.014" /><testcase classname="tests.integration.infrastructure.test_sqlite_learning_store.TestDeprecationRecords" name="test_save_and_get" time="0.012" /><testcase classname="tests.integration.infrastructure.test_sqlite_learning_store.TestDeprecationRecords" name="test_grace_mode" time="0.018" /><testcase classname="tests.integration.infrastructure.test_sqlite_learning_store.TestMigrationIdempotency" name="test_double_init" time="0.027" /><testcase classname="tests.integration.infrastructure.test_sqlite_task_contract_store" name="test_sqlite_task_contract_round_trip" time="0.098" /><testcase classname="tests.integration.infrastructure.test_sqlite_task_contract_store" name="test_migration_v10_applies_and_is_idempotent" time="0.069" /><testcase classname="tests.integration.infrastructure.test_sqlite_task_contract_store" name="test_optimistic_locking_rejects_stale_writer" time="0.074" /></testsuite></testsuites>