<?xml version="1.0" encoding="utf-8"?><testsuites name="pytest tests"><testsuite name="pytest" errors="0" failures="0" skipped="5" tests="112" time="13.516" timestamp="2026-04-17T05:07:49.609439+09:00" hostname="WIN-LD9DCRP3E9N"><testcase classname="tests.integration.infrastructure.test_central_migration_runner" name="test_migration_inventory_reports_target_versions_for_each_store" time="0.002" /><testcase classname="tests.integration.infrastructure.test_central_migration_runner" name="test_aggregate_max_target_version_is_thirteen" time="0.001" /><testcase classname="tests.integration.infrastructure.test_central_migration_runner" name="test_run_all_migrations_reaches_target_for_each_store" time="0.410" /><testcase classname="tests.integration.infrastructure.test_central_migration_runner" name="test_run_all_migrations_is_idempotent" time="0.354" /><testcase classname="tests.integration.infrastructure.test_central_migration_runner" name="test_backward_load_from_partial_state_advances_to_target" time="0.332" /><testcase classname="tests.integration.infrastructure.test_central_migration_runner" name="test_store_migration_dataclass_is_frozen_and_has_required_fields" time="0.001" /><testcase classname="tests.integration.infrastructure.test_confluence_connector" name="test_confluence_connector_posts_storage_format_and_labels" time="0.551" /><testcase classname="tests.integration.infrastructure.test_delivery_roundtrip" name="test_delivery_roundtrip_persists_sqlite_dispatch_log" time="0.380" /><testcase classname="tests.integration.infrastructure.test_git_connector" name="test_git_connector_dispatches_github_branch_file_and_pr_flow" time="0.540" /><testcase classname="tests.integration.infrastructure.test_git_connector" name="test_git_connector_dispatches_gitlab_branch_commit_and_merge_request" time="0.518" /><testcase classname="tests.integration.infrastructure.test_jira_connector" name="test_jira_connector_posts_expected_payload_and_auth" time="0.514" /><testcase classname="tests.integration.infrastructure.test_keyring_storage.TestKeyringRoundtrip" name="test_store_then_retrieve_returns_same_value" time="0.268" /><testcase classname="tests.integration.infrastructure.test_keyring_storage.TestKeyringRoundtrip" name="test_retrieve_missing_returns_none" time="0.001" /><testcase classname="tests.integration.infrastructure.test_keyring_storage.TestKeyringRoundtrip" name="test_exists_reflects_store_and_delete" time="0.008" /><testcase classname="tests.integration.infrastructure.test_keyring_storage.TestKeyringRoundtrip" name="test_overwrite_replaces_previous_value" time="0.019" /><testcase classname="tests.integration.infrastructure.test_keyring_storage.TestKeyringRoundtrip" name="test_delete_missing_returns_false" time="0.005" /><testcase classname="tests.integration.infrastructure.test_keyring_storage.TestKeyringRoundtrip" name="test_unicode_value_roundtrips" time="0.012" /><testcase classname="tests.integration.infrastructure.test_keyring_storage.TestPlatformBackend" name="test_is_supported_reports_true_when_backend_available" time="0.001" /><testcase classname="tests.integration.infrastructure.test_keyring_storage.TestPlatformBackend" name="test_constructor_raises_clean_error_when_unsupported" time="0.001" /><testcase classname="tests.integration.infrastructure.test_keyring_storage.TestPlatformBackend" name="test_selected_backend_matches_platform_family" time="0.001" /><testcase classname="tests.integration.infrastructure.test_llm_judge_nightly" name="test_real_llm_judge_nightly_provider_matrix[healthy_supported_narrative-openai-openai_json]" time="0.001"><skipped type="pytest.skip" message="nightly real-judge coverage is disabled. Set DS_AGENT_RUN_NIGHTLY_REAL_JUDGE=1 to run these tests.">C:\Users\aquap\Desktop\AI_Data_Scientist_Demo\tests\integration\infrastructure\test_llm_judge_nightly.py:194: nightly real-judge coverage is disabled. Set DS_AGENT_RUN_NIGHTLY_REAL_JUDGE=1 to run these tests.</skipped></testcase><testcase classname="tests.integration.infrastructure.test_llm_judge_nightly" name="test_real_llm_judge_nightly_provider_matrix[healthy_supported_narrative-anthropic-anthropic_json]" time="0.000"><skipped type="pytest.skip" message="nightly real-judge coverage is disabled. Set DS_AGENT_RUN_NIGHTLY_REAL_JUDGE=1 to run these tests.">C:\Users\aquap\Desktop\AI_Data_Scientist_Demo\tests\integration\infrastructure\test_llm_judge_nightly.py:194: nightly real-judge coverage is disabled. Set DS_AGENT_RUN_NIGHTLY_REAL_JUDGE=1 to run these tests.</skipped></testcase><testcase classname="tests.integration.infrastructure.test_llm_judge_nightly" name="test_real_llm_judge_nightly_provider_matrix[obvious_policy_and_metric_violations-openai-openai_json]" time="0.001"><skipped type="pytest.skip" message="nightly real-judge coverage is disabled. Set DS_AGENT_RUN_NIGHTLY_REAL_JUDGE=1 to run these tests.">C:\Users\aquap\Desktop\AI_Data_Scientist_Demo\tests\integration\infrastructure\test_llm_judge_nightly.py:194: nightly real-judge coverage is disabled. Set DS_AGENT_RUN_NIGHTLY_REAL_JUDGE=1 to run these tests.</skipped></testcase><testcase classname="tests.integration.infrastructure.test_llm_judge_nightly" name="test_real_llm_judge_nightly_provider_matrix[obvious_policy_and_metric_violations-anthropic-anthropic_json]" time="0.000"><skipped type="pytest.skip" message="nightly real-judge coverage is disabled. Set DS_AGENT_RUN_NIGHTLY_REAL_JUDGE=1 to run these tests.">C:\Users\aquap\Desktop\AI_Data_Scientist_Demo\tests\integration\infrastructure\test_llm_judge_nightly.py:194: nightly real-judge coverage is disabled. Set DS_AGENT_RUN_NIGHTLY_REAL_JUDGE=1 to run these tests.</skipped></testcase><testcase classname="tests.integration.infrastructure.test_notion_connector" name="test_notion_connector_posts_expected_properties_and_blocks" time="0.506" /><testcase classname="tests.integration.infrastructure.test_shadow_comparison_repo" name="test_shadow_comparison_repo_round_trip" time="0.032" /><testcase classname="tests.integration.infrastructure.test_signed_compliance_smoke" name="test_real_signed_compliance_adapter_smoke" time="0.001"><skipped type="pytest.skip" message="signed delivery smoke coverage is disabled. Set DS_AGENT_RUN_SIGNED_DELIVERY_SMOKE=1 to run these tests.">C:\Users\aquap\Desktop\AI_Data_Scientist_Demo\tests\integration\infrastructure\test_signed_compliance_smoke.py:54: signed delivery smoke coverage is disabled. Set DS_AGENT_RUN_SIGNED_DELIVERY_SMOKE=1 to run these tests.</skipped></testcase><testcase classname="tests.integration.infrastructure.test_slack_connector" name="test_slack_connector_posts_expected_payload" time="0.512" /><testcase classname="tests.integration.infrastructure.test_sqlite_certification_store" name="test_sqlite_certification_store_round_trip" time="0.102" /><testcase classname="tests.integration.infrastructure.test_sqlite_learning_store.TestLearningItemCRUD" name="test_save_and_get" time="0.025" /><testcase classname="tests.integration.infrastructure.test_sqlite_learning_store.TestLearningItemCRUD" name="test_get_nonexistent" time="0.022" /><testcase classname="tests.integration.infrastructure.test_sqlite_learning_store.TestLearningItemCRUD" name="test_find_by_signature" time="0.016" /><testcase classname="tests.integration.infrastructure.test_sqlite_learning_store.TestLearningItemCRUD" name="test_find_by_signature_not_found" time="0.015" /><testcase classname="tests.integration.infrastructure.test_sqlite_learning_store.TestLearningItemCRUD" name="test_list_by_status" time="0.016" /><testcase classname="tests.integration.infrastructure.test_sqlite_learning_store.TestLearningItemCRUD" name="test_list_by_type" time="0.019" /><testcase classname="tests.integration.infrastructure.test_sqlite_learning_store.TestLearningItemCRUD" name="test_update_item" time="0.023" /><testcase classname="tests.integration.infrastructure.test_sqlite_learning_store.TestReviewEvents" name="test_save_and_list" time="0.036" /><testcase classname="tests.integration.infrastructure.test_sqlite_learning_store.TestPromotionRecords" name="test_save_and_get" time="0.016" /><testcase classname="tests.integration.infrastructure.test_sqlite_learning_store.TestPromotionRecords" name="test_list_records" time="0.020" /><testcase classname="tests.integration.infrastructure.test_sqlite_learning_store.TestDeprecationRecords" name="test_save_and_get" time="0.020" /><testcase classname="tests.integration.infrastructure.test_sqlite_learning_store.TestDeprecationRecords" name="test_grace_mode" time="0.024" /><testcase classname="tests.integration.infrastructure.test_sqlite_learning_store.TestMigrationIdempotency" name="test_double_init" time="0.026" /><testcase classname="tests.integration.infrastructure.test_sqlite_portfolio_store.TestPortfolioEntryCRUD" name="test_create_and_get" time="0.014" /><testcase classname="tests.integration.infrastructure.test_sqlite_portfolio_store.TestPortfolioEntryCRUD" name="test_get_nonexistent_returns_none" time="0.014" /><testcase classname="tests.integration.infrastructure.test_sqlite_portfolio_store.TestPortfolioEntryCRUD" name="test_get_by_task" time="0.014" /><testcase classname="tests.integration.infrastructure.test_sqlite_portfolio_store.TestPortfolioEntryCRUD" name="test_list_by_quadrant" time="0.018" /><testcase classname="tests.integration.infrastructure.test_sqlite_portfolio_store.TestPortfolioEntryCRUD" name="test_save_entry_updates" time="0.016" /><testcase classname="tests.integration.infrastructure.test_sqlite_portfolio_store.TestTransitions" name="test_record_and_list" time="0.014" /><testcase classname="tests.integration.infrastructure.test_sqlite_portfolio_store.TestWaitConditions" name="test_save_and_get" time="0.016" /><testcase classname="tests.integration.infrastructure.test_sqlite_portfolio_store.TestWaitConditions" name="test_list_pending" time="0.046" /><testcase classname="tests.integration.infrastructure.test_sqlite_portfolio_store.TestCheckpoints" name="test_save_and_get" time="0.019" /><testcase classname="tests.integration.infrastructure.test_sqlite_portfolio_store.TestPlaybookCandidates" name="test_save_and_list" time="0.013" /><testcase classname="tests.integration.infrastructure.test_sqlite_task_contract_store" name="test_sqlite_task_contract_round_trip" time="0.081" /><testcase classname="tests.integration.infrastructure.test_sqlite_task_contract_store" name="test_migration_v10_applies_and_is_idempotent" time="0.074" /><testcase classname="tests.integration.infrastructure.test_sqlite_task_contract_store" name="test_optimistic_locking_rejects_stale_writer" time="0.084" /><testcase classname="tests.integration.infrastructure.test_sqlite_work_object_store" name="test_sqlite_work_object_store_round_trip_and_migration" time="0.150" /><testcase classname="tests.integration.infrastructure.test_subprocess_sandbox.TestWorkspaceIsolation" name="test_simple_print" time="0.143" /><testcase classname="tests.integration.infrastructure.test_subprocess_sandbox.TestWorkspaceIsolation" name="test_write_inside_workspace_succeeds" time="0.133" /><testcase classname="tests.integration.infrastructure.test_subprocess_sandbox.TestWorkspaceIsolation" name="test_write_outside_workspace_blocked" time="0.140" /><testcase classname="tests.integration.infrastructure.test_subprocess_sandbox.TestWorkspaceIsolation" name="test_data_dir_read_allowed" time="0.156" /><testcase classname="tests.integration.infrastructure.test_subprocess_sandbox.TestWorkspaceIsolation" name="test_data_dir_write_blocked" time="0.132" /><testcase classname="tests.integration.infrastructure.test_subprocess_sandbox.TestSubprocessBlocking" name="test_os_system_blocked_at_runtime" time="0.006" /><testcase classname="tests.integration.infrastructure.test_subprocess_sandbox.TestSubprocessBlocking" name="test_os_remove_outside_workspace_blocked" time="0.009" /><testcase classname="tests.integration.infrastructure.test_subprocess_sandbox.TestResourceLimits" name="test_timeout_enforced" time="2.028" /><testcase classname="tests.integration.infrastructure.test_subprocess_sandbox.TestResourceLimits" name="test_memory_limit_blocks_large_alloc" time="0.144" /><testcase classname="tests.integration.infrastructure.test_subprocess_sandbox.TestResourceLimits" name="test_memory_limit_setup_failure_is_non_blocking" time="0.126" /><testcase classname="tests.integration.infrastructure.test_subprocess_sandbox.TestMLCompatibility" name="test_pandas_read_write_cycle" time="1.080" /><testcase classname="tests.integration.infrastructure.test_subprocess_sandbox.TestPreambleParsing" name="test_parse_violations_extracts_and_cleans" time="0.001" /><testcase classname="tests.integration.infrastructure.test_subprocess_sandbox.TestPreambleParsing" name="test_parse_violations_handles_empty" time="0.001" /><testcase classname="tests.integration.infrastructure.test_subprocess_sandbox.TestPreambleParsing" name="test_build_preamble_roundtrip" time="0.005" /><testcase classname="tests.integration.infrastructure.test_verdict_repo" name="test_sqlite_verdict_repository_round_trip" time="0.036" /><testcase classname="tests.integration.semantic.test_load_semantic_pack" name="test_load_semantic_pack_round_trip" time="0.240" /><testcase classname="tests.integration.semantic.test_migration_v6" name="test_semantic_migration_v6_applies_and_is_idempotent" time="0.140" /><testcase classname="tests.integration.semantic.test_semantic_writeback_hook" name="test_semantic_writeback_hook_persists_verified_query_proposal" time="0.158" /><testcase classname="tests.integration.semantic.test_sqlite_glossary_repo" name="test_glossary_repo_round_trip_and_lookup" time="0.157" /><testcase classname="tests.integration.semantic.test_sqlite_metric_repo" name="test_metric_repo_round_trip_and_synonym_lookup" time="0.146" /><testcase classname="tests.integration.semantic.test_sqlite_org_repo" name="test_org_repo_round_trip" time="0.164" /><testcase classname="tests.integration.semantic.test_sqlite_proposal_repo" name="test_proposal_repo_round_trip_and_status_update" time="0.162" /><testcase classname="tests.integration.semantic.test_sqlite_trust_repo" name="test_trust_repo_round_trip_and_bulk_get" time="0.146" /><testcase classname="tests.integration.semantic.test_sqlite_vq_repo" name="test_vq_repo_round_trip_and_audit_append" time="0.158" /><testcase classname="tests.unit.application.test_migration_runner" name="test_no_migration_needed_when_current" time="0.002" /><testcase classname="tests.unit.application.test_migration_runner" name="test_migration_applied_in_order" time="0.002" /><testcase classname="tests.unit.application.test_migration_runner" name="test_migration_is_idempotent" time="0.071" /><testcase classname="tests.unit.application.test_migration_runner" name="test_backup_created_before_migration" time="0.005" /><testcase classname="tests.unit.application.test_migration_runner" name="test_rollback_on_migration_failure" time="0.004" /><testcase classname="tests.unit.application.test_migration_runner" name="test_v3_config_migrates_observability_defaults" time="0.002" /><testcase classname="tests.unit.infrastructure.test_config.TestDSAgentConfig" name="test_default_config" time="0.001" /><testcase classname="tests.unit.infrastructure.test_config.TestDSAgentConfig" name="test_custom_config" time="0.001" /><testcase classname="tests.unit.infrastructure.test_config.TestDSAgentConfig" name="test_mode_values" time="0.003" /><testcase classname="tests.unit.infrastructure.test_config.TestDSAgentConfig" name="test_connector_settings_are_parsed" time="0.001" /><testcase classname="tests.unit.infrastructure.test_config.TestConfigLoader" name="test_default_config_path_uses_env_override" time="0.004" /><testcase classname="tests.unit.infrastructure.test_config.TestConfigLoader" name="test_load_from_yaml" time="0.012" /><testcase classname="tests.unit.infrastructure.test_config.TestConfigLoader" name="test_load_defaults_when_no_file" time="0.004" /><testcase classname="tests.unit.infrastructure.test_config.TestConfigLoader" name="test_env_override" time="0.003" /><testcase classname="tests.unit.infrastructure.test_config.TestConfigLoader" name="test_env_override_observability" time="0.006" /><testcase classname="tests.unit.infrastructure.test_config.TestConfigLoader" name="test_env_override_config_secrets" time="0.005" /><testcase classname="tests.unit.infrastructure.test_config.TestConfigLoader" name="test_save_and_reload" time="0.011" /><testcase classname="tests.unit.infrastructure.test_config.TestConfigLoader" name="test_save_and_reload_connectors" time="0.021" /><testcase classname="tests.unit.infrastructure.test_config.TestConfigLoader" name="test_load_migrates_plaintext_api_keys_out_of_yaml" time="0.011" /><testcase classname="tests.unit.infrastructure.test_config.TestConfigLoader" name="test_save_config_omits_plaintext_config_secrets" time="0.007" /><testcase classname="tests.unit.infrastructure.test_config.TestConfigLoader" name="test_load_migrates_plaintext_config_secrets_out_of_yaml" time="0.025" /><testcase classname="tests.unit.infrastructure.test_config.TestConfigLoader" name="test_load_current_schema_is_idempotent" time="0.008" /><testcase classname="tests.unit.infrastructure.test_config.TestConfigLoader" name="test_load_migrates_legacy_connector_shape_to_options" time="0.026" /><testcase classname="tests.unit.infrastructure.test_config.TestConfigLoader" name="test_load_migrates_v3_observability_defaults" time="0.015" /><testcase classname="tests.unit.infrastructure.test_config.TestValidateAssignment" name="test_agent_mode_rejects_invalid_literal" time="0.001" /><testcase classname="tests.unit.infrastructure.test_config.TestValidateAssignment" name="test_agent_mode_accepts_valid_literal" time="0.001" /><testcase classname="tests.unit.infrastructure.test_config.TestValidateAssignment" name="test_agent_max_iterations_rejects_string" time="0.001" /><testcase classname="tests.unit.infrastructure.test_config.TestValidateAssignment" name="test_provider_max_budget_rejects_string" time="0.001" /><testcase classname="tests.unit.infrastructure.test_config.TestValidateAssignment" name="test_gateway_port_rejects_string" time="0.001" /><testcase classname="tests.unit.infrastructure.test_config.TestValidateAssignment" name="test_provider_default_model_accepts_string" time="0.001" /><testcase classname="tests.unit.infrastructure.test_config.TestConfigHttpWhitelist" name="test_whitelist_contains_expected_paths" time="0.052" /><testcase classname="tests.unit.infrastructure.test_config.TestConfigHttpWhitelist" name="test_whitelist_blocks_sensitive_paths" time="0.002" /></testsuite></testsuites>