<?xml version="1.0" encoding="utf-8"?><testsuites name="pytest tests"><testsuite name="pytest" errors="0" failures="1" skipped="0" tests="6" time="1.701" timestamp="2026-04-17T05:06:00.376799+09:00" hostname="WIN-LD9DCRP3E9N"><testcase classname="tests.integration.infrastructure.test_central_migration_runner" name="test_migration_inventory_reports_target_versions_for_each_store" time="0.002" /><testcase classname="tests.integration.infrastructure.test_central_migration_runner" name="test_aggregate_max_target_version_is_thirteen" time="0.001" /><testcase classname="tests.integration.infrastructure.test_central_migration_runner" name="test_run_all_migrations_reaches_target_for_each_store" time="0.593"><failure message="sqlite3.OperationalError: no such table: schema_migrations">tests\integration\infrastructure\test_central_migration_runner.py:73: in test_run_all_migrations_reaches_target_for_each_store
    assert _max_version(store_paths[spec.store_name]) == spec.target_version
           ^^^^^^^^^^^^^^^^^^^^^^^^^^^^^^^^^^^^^^^^^^
tests\integration\infrastructure\test_central_migration_runner.py:38: in _max_version
    row = conn.execute("SELECT MAX(version) FROM schema_migrations").fetchone()
          ^^^^^^^^^^^^^^^^^^^^^^^^^^^^^^^^^^^^^^^^^^^^^^^^^^^^^^^^^^
E   sqlite3.OperationalError: no such table: schema_migrations</failure></testcase><testcase classname="tests.integration.infrastructure.test_central_migration_runner" name="test_run_all_migrations_is_idempotent" time="0.388" /><testcase classname="tests.integration.infrastructure.test_central_migration_runner" name="test_backward_load_from_partial_state_advances_to_target" time="0.351" /><testcase classname="tests.integration.infrastructure.test_central_migration_runner" name="test_store_migration_dataclass_is_frozen_and_has_required_fields" time="0.001" /></testsuite></testsuites>