<?xml version="1.0" encoding="utf-8"?><testsuites name="pytest tests"><testsuite name="pytest" errors="0" failures="2" skipped="2" tests="50" time="1.864" timestamp="2026-04-17T04:02:21.955470+09:00" hostname="WIN-LD9DCRP3E9N"><testcase classname="tests.unit.application.test_migration_runner" name="test_no_migration_needed_when_current" time="0.002" /><testcase classname="tests.unit.application.test_migration_runner" name="test_migration_applied_in_order" time="0.006" /><testcase classname="tests.unit.application.test_migration_runner" name="test_migration_is_idempotent" time="0.004" /><testcase classname="tests.unit.application.test_migration_runner" name="test_backup_created_before_migration" time="0.010" /><testcase classname="tests.unit.application.test_migration_runner" name="test_rollback_on_migration_failure" time="0.005" /><testcase classname="tests.unit.application.test_migration_runner" name="test_v3_config_migrates_observability_defaults" time="0.003" /><testcase classname="tests.unit.infrastructure.test_config.TestDSAgentConfig" name="test_default_config" time="0.001" /><testcase classname="tests.unit.infrastructure.test_config.TestDSAgentConfig" name="test_custom_config" time="0.001" /><testcase classname="tests.unit.infrastructure.test_config.TestDSAgentConfig" name="test_mode_values" time="0.001" /><testcase classname="tests.unit.infrastructure.test_config.TestDSAgentConfig" name="test_connector_settings_are_parsed" time="0.001" /><testcase classname="tests.unit.infrastructure.test_config.TestConfigLoader" name="test_default_config_path_uses_env_override" time="0.003" /><testcase classname="tests.unit.infrastructure.test_config.TestConfigLoader" name="test_load_from_yaml" time="0.019" /><testcase classname="tests.unit.infrastructure.test_config.TestConfigLoader" name="test_load_defaults_when_no_file" time="0.005" /><testcase classname="tests.unit.infrastructure.test_config.TestConfigLoader" name="test_env_override" time="0.004" /><testcase classname="tests.unit.infrastructure.test_config.TestConfigLoader" name="test_env_override_observability" time="0.002" /><testcase classname="tests.unit.infrastructure.test_config.TestConfigLoader" name="test_env_override_config_secrets" time="0.003" /><testcase classname="tests.unit.infrastructure.test_config.TestConfigLoader" name="test_save_and_reload" time="0.018" /><testcase classname="tests.unit.infrastructure.test_config.TestConfigLoader" name="test_save_and_reload_connectors" time="0.027" /><testcase classname="tests.unit.infrastructure.test_config.TestConfigLoader" name="test_load_migrates_plaintext_api_keys_out_of_yaml" time="0.027" /><testcase classname="tests.unit.infrastructure.test_config.TestConfigLoader" name="test_save_config_omits_plaintext_config_secrets" time="0.021" /><testcase classname="tests.unit.infrastructure.test_config.TestConfigLoader" name="test_load_migrates_plaintext_config_secrets_out_of_yaml" time="0.037" /><testcase classname="tests.unit.infrastructure.test_config.TestConfigLoader" name="test_load_current_schema_is_idempotent" time="0.020" /><testcase classname="tests.unit.infrastructure.test_config.TestConfigLoader" name="test_load_migrates_legacy_connector_shape_to_options" time="0.032" /><testcase classname="tests.unit.infrastructure.test_config.TestConfigLoader" name="test_load_migrates_v3_observability_defaults" time="0.025" /><testcase classname="tests.unit.infrastructure.test_config.TestValidateAssignment" name="test_agent_mode_rejects_invalid_literal" time="0.001" /><testcase classname="tests.unit.infrastructure.test_config.TestValidateAssignment" name="test_agent_mode_accepts_valid_literal" time="0.001" /><testcase classname="tests.unit.infrastructure.test_config.TestValidateAssignment" name="test_agent_max_iterations_rejects_string" time="0.001" /><testcase classname="tests.unit.infrastructure.test_config.TestValidateAssignment" name="test_provider_max_budget_rejects_string" time="0.001" /><testcase classname="tests.unit.infrastructure.test_config.TestValidateAssignment" name="test_gateway_port_rejects_string" time="0.001" /><testcase classname="tests.unit.infrastructure.test_config.TestValidateAssignment" name="test_provider_default_model_accepts_string" time="0.001" /><testcase classname="tests.unit.infrastructure.test_config.TestConfigHttpWhitelist" name="test_whitelist_contains_expected_paths" time="0.001"><skipped type="pytest.skip" message="fastapi not installed">C:\Users\aquap\Desktop\AI_Data_Scientist_Demo\tests\unit\infrastructure\test_config.py:340: fastapi not installed</skipped></testcase><testcase classname="tests.unit.infrastructure.test_config.TestConfigHttpWhitelist" name="test_whitelist_blocks_sensitive_paths" time="0.001"><skipped type="pytest.skip" message="fastapi not installed">C:\Users\aquap\Desktop\AI_Data_Scientist_Demo\tests\unit\infrastructure\test_config.py:354: fastapi not installed</skipped></testcase><testcase classname="tests.integration.infrastructure.test_sqlite_learning_store.TestLearningItemCRUD" name="test_save_and_get" time="0.023" /><testcase classname="tests.integration.infrastructure.test_sqlite_learning_store.TestLearningItemCRUD" name="test_get_nonexistent" time="0.017" /><testcase classname="tests.integration.infrastructure.test_sqlite_learning_store.TestLearningItemCRUD" name="test_find_by_signature" time="0.022" /><testcase classname="tests.integration.infrastructure.test_sqlite_learning_store.TestLearningItemCRUD" name="test_find_by_signature_not_found" time="0.013" /><testcase classname="tests.integration.infrastructure.test_sqlite_learning_store.TestLearningItemCRUD" name="test_list_by_status" time="0.014" /><testcase classname="tests.integration.infrastructure.test_sqlite_learning_store.TestLearningItemCRUD" name="test_list_by_type" time="0.020" /><testcase classname="tests.integration.infrastructure.test_sqlite_learning_store.TestLearningItemCRUD" name="test_update_item" time="0.021" /><testcase classname="tests.integration.infrastructure.test_sqlite_learning_store.TestReviewEvents" name="test_save_and_list" time="0.018" /><testcase classname="tests.integration.infrastructure.test_sqlite_learning_store.TestPromotionRecords" name="test_save_and_get" time="0.014" /><testcase classname="tests.integration.infrastructure.test_sqlite_learning_store.TestPromotionRecords" name="test_list_records" time="0.012" /><testcase classname="tests.integration.infrastructure.test_sqlite_learning_store.TestDeprecationRecords" name="test_save_and_get" time="0.011" /><testcase classname="tests.integration.infrastructure.test_sqlite_learning_store.TestDeprecationRecords" name="test_grace_mode" time="0.017" /><testcase classname="tests.integration.infrastructure.test_sqlite_learning_store.TestMigrationIdempotency" name="test_double_init" time="0.034" /><testcase classname="tests.integration.infrastructure.test_sqlite_task_contract_store" name="test_sqlite_task_contract_round_trip" time="0.107" /><testcase classname="tests.integration.infrastructure.test_sqlite_task_contract_store" name="test_migration_v10_applies_and_is_idempotent" time="0.074" /><testcase classname="tests.integration.infrastructure.test_sqlite_task_contract_store" name="test_optimistic_locking_rejects_stale_writer" time="0.088" /><testcase classname="tests.integration.infrastructure.test_sqlite_work_object_store" name="test_sqlite_work_object_store_round_trip_and_migration" time="0.149"><failure message="assert 12 == 11">tests\integration\infrastructure\test_sqlite_work_object_store.py:135: in test_sqlite_work_object_store_round_trip_and_migration
    assert version == 11
E   assert 12 == 11</failure></testcase><testcase classname="tests.integration.semantic.test_migration_v6" name="test_semantic_migration_v6_applies_and_is_idempotent" time="0.153"><failure message="assert 7 == 6">tests\integration\semantic\test_migration_v6.py:43: in test_semantic_migration_v6_applies_and_is_idempotent
    assert version == 6
E   assert 7 == 6</failure></testcase></testsuite></testsuites>